2025-03-01 23:19:06.f - Starting machine 1 with clock rate 2 ticks/second
2025-03-01 23:19:06.f - Internal event range: (4, 5)
2025-03-01 23:19:06.f - INTERNAL EVENT - System time: 1740889146.814167, Logical clock: 1
2025-03-01 23:19:07.f - INTERNAL EVENT - System time: 1740889147.319240, Logical clock: 2
2025-03-01 23:19:07.f - RECEIVE from 64119 - System time: 1740889147.819407, Queue length: 0, Logical clock: 5
2025-03-01 23:19:08.f - INTERNAL EVENT - System time: 1740889148.324576, Logical clock: 6
2025-03-01 23:19:08.f - INTERNAL EVENT - System time: 1740889148.825058, Logical clock: 7
2025-03-01 23:19:09.f - INTERNAL EVENT - System time: 1740889149.326891, Logical clock: 8
2025-03-01 23:19:09.f - INTERNAL EVENT - System time: 1740889149.827997, Logical clock: 9
2025-03-01 23:19:10.f - RECEIVE from 64119 - System time: 1740889150.328620, Queue length: 1, Logical clock: 17
2025-03-01 23:19:10.f - RECEIVE from 64119 - System time: 1740889150.828718, Queue length: 1, Logical clock: 18
2025-03-01 23:19:11.f - RECEIVE from 53538 - System time: 1740889151.328824, Queue length: 0, Logical clock: 19
2025-03-01 23:19:11.f - SEND to 5002 - System time: 1740889151.829231, Logical clock: 20
2025-03-01 23:19:12.f - RECEIVE from 64119 - System time: 1740889152.334311, Queue length: 1, Logical clock: 26
2025-03-01 23:19:12.f - RECEIVE from 64119 - System time: 1740889152.834577, Queue length: 0, Logical clock: 29
2025-03-01 23:19:13.f - SEND to 5000 - System time: 1740889153.336504, Logical clock: 30
2025-03-01 23:19:13.f - INTERNAL EVENT - System time: 1740889153.836574, Logical clock: 31
2025-03-01 23:19:14.f - INTERNAL EVENT - System time: 1740889154.336801, Logical clock: 32
2025-03-01 23:19:14.f - INTERNAL EVENT - System time: 1740889154.838985, Logical clock: 33
2025-03-01 23:19:15.f - INTERNAL EVENT - System time: 1740889155.340563, Logical clock: 34
2025-03-01 23:19:15.f - INTERNAL EVENT - System time: 1740889155.841551, Logical clock: 35
2025-03-01 23:19:16.f - RECEIVE from 53538 - System time: 1740889156.341766, Queue length: 2, Logical clock: 36
2025-03-01 23:19:16.f - RECEIVE from 64119 - System time: 1740889156.843136, Queue length: 2, Logical clock: 48
2025-03-01 23:19:17.f - RECEIVE from 64119 - System time: 1740889157.348241, Queue length: 1, Logical clock: 49
2025-03-01 23:19:17.f - RECEIVE from 64119 - System time: 1740889157.853313, Queue length: 0, Logical clock: 52
2025-03-01 23:19:18.f - RECEIVE from 64119 - System time: 1740889158.353669, Queue length: 1, Logical clock: 58
2025-03-01 23:19:18.f - RECEIVE from 64119 - System time: 1740889158.857233, Queue length: 1, Logical clock: 60
2025-03-01 23:19:19.f - RECEIVE from 64119 - System time: 1740889159.357366, Queue length: 1, Logical clock: 63
2025-03-01 23:19:19.f - RECEIVE from 64119 - System time: 1740889159.857465, Queue length: 0, Logical clock: 65
2025-03-01 23:19:20.f - SEND to 5000 - System time: 1740889160.361466, Logical clock: 66
2025-03-01 23:19:20.f - SEND to 5002 - System time: 1740889160.361673, Logical clock: 67
2025-03-01 23:19:20.f - INTERNAL EVENT - System time: 1740889160.861726, Logical clock: 68
2025-03-01 23:19:21.f - INTERNAL EVENT - System time: 1740889161.364831, Logical clock: 69
2025-03-01 23:19:21.f - RECEIVE from 64119 - System time: 1740889161.865898, Queue length: 0, Logical clock: 78
2025-03-01 23:19:22.f - INTERNAL EVENT - System time: 1740889162.370852, Logical clock: 79
2025-03-01 23:19:22.f - INTERNAL EVENT - System time: 1740889162.874379, Logical clock: 80
2025-03-01 23:19:23.f - INTERNAL EVENT - System time: 1740889163.375004, Logical clock: 81
2025-03-01 23:19:23.f - RECEIVE from 64119 - System time: 1740889163.875092, Queue length: 0, Logical clock: 89
2025-03-01 23:19:24.f - INTERNAL EVENT - System time: 1740889164.375215, Logical clock: 90
2025-03-01 23:19:24.f - INTERNAL EVENT - System time: 1740889164.876050, Logical clock: 91
2025-03-01 23:19:25.f - INTERNAL EVENT - System time: 1740889165.376152, Logical clock: 92
2025-03-01 23:19:25.f - INTERNAL EVENT - System time: 1740889165.876211, Logical clock: 93
2025-03-01 23:19:26.f - RECEIVE from 53538 - System time: 1740889166.377057, Queue length: 1, Logical clock: 99
2025-03-01 23:19:26.f - RECEIVE from 64119 - System time: 1740889166.877554, Queue length: 0, Logical clock: 102
2025-03-01 23:19:27.f - SEND to 5002 - System time: 1740889167.377943, Logical clock: 103
2025-03-01 23:19:27.f - RECEIVE from 64119 - System time: 1740889167.883719, Queue length: 0, Logical clock: 110
2025-03-01 23:19:28.f - RECEIVE from 64119 - System time: 1740889168.384876, Queue length: 0, Logical clock: 111
2025-03-01 23:19:28.f - SEND to 5000 - System time: 1740889168.885203, Logical clock: 112
2025-03-01 23:19:29.f - SEND to 5000 - System time: 1740889169.385525, Logical clock: 113
2025-03-01 23:19:29.f - RECEIVE from 64119 - System time: 1740889169.886480, Queue length: 0, Logical clock: 120
2025-03-01 23:19:30.f - INTERNAL EVENT - System time: 1740889170.391387, Logical clock: 121
2025-03-01 23:19:30.f - RECEIVE from 64119 - System time: 1740889170.893505, Queue length: 0, Logical clock: 125
2025-03-01 23:19:31.f - RECEIVE from 53538 - System time: 1740889171.393643, Queue length: 0, Logical clock: 126
2025-03-01 23:19:31.f - SEND to 5002 - System time: 1740889171.893994, Logical clock: 127
2025-03-01 23:19:32.f - INTERNAL EVENT - System time: 1740889172.394107, Logical clock: 128
2025-03-01 23:19:32.f - RECEIVE from 64119 - System time: 1740889172.894306, Queue length: 0, Logical clock: 135
2025-03-01 23:19:33.f - RECEIVE from 64119 - System time: 1740889173.394371, Queue length: 0, Logical clock: 139
2025-03-01 23:19:33.f - INTERNAL EVENT - System time: 1740889173.894460, Logical clock: 140
2025-03-01 23:19:34.f - RECEIVE from 53538 - System time: 1740889174.394545, Queue length: 0, Logical clock: 141
2025-03-01 23:19:34.f - RECEIVE from 64119 - System time: 1740889174.895257, Queue length: 0, Logical clock: 148
2025-03-01 23:19:35.f - INTERNAL EVENT - System time: 1740889175.395303, Logical clock: 149
2025-03-01 23:19:35.f - INTERNAL EVENT - System time: 1740889175.896702, Logical clock: 150
2025-03-01 23:19:36.f - SEND to 5000 - System time: 1740889176.397034, Logical clock: 151
2025-03-01 23:19:36.f - SEND to 5002 - System time: 1740889176.397277, Logical clock: 152
2025-03-01 23:19:36.f - RECEIVE from 64119 - System time: 1740889176.897335, Queue length: 0, Logical clock: 159
2025-03-01 23:19:37.f - SEND to 5000 - System time: 1740889177.397632, Logical clock: 160
2025-03-01 23:19:37.f - SEND to 5002 - System time: 1740889177.397843, Logical clock: 161
2025-03-01 23:19:37.f - RECEIVE from 64119 - System time: 1740889177.902151, Queue length: 0, Logical clock: 164
2025-03-01 23:19:38.f - INTERNAL EVENT - System time: 1740889178.404200, Logical clock: 165
2025-03-01 23:19:38.f - RECEIVE from 64119 - System time: 1740889178.907226, Queue length: 0, Logical clock: 168
2025-03-01 23:19:39.f - RECEIVE from 53538 - System time: 1740889179.407363, Queue length: 0, Logical clock: 169
2025-03-01 23:19:39.f - RECEIVE from 64119 - System time: 1740889179.912392, Queue length: 0, Logical clock: 173
2025-03-01 23:19:40.f - INTERNAL EVENT - System time: 1740889180.414654, Logical clock: 174
2025-03-01 23:19:40.f - RECEIVE from 64119 - System time: 1740889180.915246, Queue length: 1, Logical clock: 179
2025-03-01 23:19:41.f - RECEIVE from 64119 - System time: 1740889181.418608, Queue length: 0, Logical clock: 180
2025-03-01 23:19:41.f - RECEIVE from 53538 - System time: 1740889181.918716, Queue length: 0, Logical clock: 183
2025-03-01 23:19:42.f - RECEIVE from 64119 - System time: 1740889182.421143, Queue length: 0, Logical clock: 188
2025-03-01 23:19:42.f - RECEIVE from 64119 - System time: 1740889182.923910, Queue length: 0, Logical clock: 190
2025-03-01 23:19:43.f - RECEIVE from 64119 - System time: 1740889183.424032, Queue length: 0, Logical clock: 194
2025-03-01 23:19:43.f - INTERNAL EVENT - System time: 1740889183.929082, Logical clock: 195
2025-03-01 23:19:44.f - INTERNAL EVENT - System time: 1740889184.434158, Logical clock: 196
2025-03-01 23:19:44.f - INTERNAL EVENT - System time: 1740889184.939247, Logical clock: 197
2025-03-01 23:19:45.f - RECEIVE from 64119 - System time: 1740889185.440624, Queue length: 0, Logical clock: 204
2025-03-01 23:19:45.f - RECEIVE from 64119 - System time: 1740889185.940727, Queue length: 0, Logical clock: 209
2025-03-01 23:19:46.f - INTERNAL EVENT - System time: 1740889186.445814, Logical clock: 210
2025-03-01 23:19:46.f - SEND to 5002 - System time: 1740889186.951166, Logical clock: 211
2025-03-01 23:19:47.f - RECEIVE from 64119 - System time: 1740889187.456277, Queue length: 1, Logical clock: 216
2025-03-01 23:19:47.f - RECEIVE from 64119 - System time: 1740889187.961374, Queue length: 0, Logical clock: 218
2025-03-01 23:19:48.f - RECEIVE from 53538 - System time: 1740889188.466452, Queue length: 0, Logical clock: 219
2025-03-01 23:19:48.f - INTERNAL EVENT - System time: 1740889188.971527, Logical clock: 220
2025-03-01 23:19:49.f - INTERNAL EVENT - System time: 1740889189.473936, Logical clock: 221
2025-03-01 23:19:49.f - RECEIVE from 53538 - System time: 1740889189.974064, Queue length: 0, Logical clock: 223
2025-03-01 23:19:50.f - SEND to 5000 - System time: 1740889190.474341, Logical clock: 224
2025-03-01 23:19:50.f - RECEIVE from 64119 - System time: 1740889190.974936, Queue length: 0, Logical clock: 235
2025-03-01 23:19:51.f - INTERNAL EVENT - System time: 1740889191.476765, Logical clock: 236
2025-03-01 23:19:51.f - RECEIVE from 53538 - System time: 1740889191.977012, Queue length: 0, Logical clock: 237
2025-03-01 23:19:52.f - INTERNAL EVENT - System time: 1740889192.477815, Logical clock: 238
2025-03-01 23:19:52.f - SEND to 5000 - System time: 1740889192.978132, Logical clock: 239
2025-03-01 23:19:53.f - RECEIVE from 64119 - System time: 1740889193.478224, Queue length: 0, Logical clock: 249
2025-03-01 23:19:53.f - RECEIVE from 64119 - System time: 1740889193.978306, Queue length: 0, Logical clock: 250
2025-03-01 23:19:54.f - INTERNAL EVENT - System time: 1740889194.483366, Logical clock: 251
2025-03-01 23:19:54.f - INTERNAL EVENT - System time: 1740889194.988413, Logical clock: 252
2025-03-01 23:19:55.f - RECEIVE from 64119 - System time: 1740889195.490018, Queue length: 0, Logical clock: 259
2025-03-01 23:19:55.f - RECEIVE from 64119 - System time: 1740889195.990656, Queue length: 0, Logical clock: 261
2025-03-01 23:19:56.f - RECEIVE from 64119 - System time: 1740889196.490894, Queue length: 0, Logical clock: 266
2025-03-01 23:19:56.f - INTERNAL EVENT - System time: 1740889196.990978, Logical clock: 267
2025-03-01 23:19:57.f - RECEIVE from 64119 - System time: 1740889197.491450, Queue length: 0, Logical clock: 270
2025-03-01 23:19:57.f - INTERNAL EVENT - System time: 1740889197.991499, Logical clock: 271
2025-03-01 23:19:58.f - RECEIVE from 53538 - System time: 1740889198.491746, Queue length: 0, Logical clock: 273
2025-03-01 23:19:58.f - RECEIVE from 64119 - System time: 1740889198.991851, Queue length: 0, Logical clock: 278
2025-03-01 23:19:59.f - RECEIVE from 64119 - System time: 1740889199.493956, Queue length: 0, Logical clock: 281
2025-03-01 23:19:59.f - INTERNAL EVENT - System time: 1740889199.994048, Logical clock: 282
2025-03-01 23:20:00.f - SEND to 5000 - System time: 1740889200.494371, Logical clock: 283
2025-03-01 23:20:00.f - INTERNAL EVENT - System time: 1740889200.996052, Logical clock: 284
2025-03-01 23:20:01.f - RECEIVE from 64119 - System time: 1740889201.496128, Queue length: 0, Logical clock: 292
2025-03-01 23:20:01.f - RECEIVE from 64119 - System time: 1740889201.996172, Queue length: 0, Logical clock: 296
2025-03-01 23:20:02.f - INTERNAL EVENT - System time: 1740889202.496235, Logical clock: 297
2025-03-01 23:20:02.f - RECEIVE from 53538 - System time: 1740889202.997864, Queue length: 2, Logical clock: 298
2025-03-01 23:20:03.f - RECEIVE from 64119 - System time: 1740889203.497929, Queue length: 2, Logical clock: 300
2025-03-01 23:20:03.f - RECEIVE from 64119 - System time: 1740889203.998013, Queue length: 1, Logical clock: 302
2025-03-01 23:20:04.f - RECEIVE from 53538 - System time: 1740889204.498075, Queue length: 0, Logical clock: 303
2025-03-01 23:20:04.f - SEND to 5000 - System time: 1740889204.998354, Logical clock: 304
2025-03-01 23:20:04.f - SEND to 5002 - System time: 1740889204.998537, Logical clock: 305
2025-03-01 23:20:05.f - SEND to 5000 - System time: 1740889205.502554, Logical clock: 306
2025-03-01 23:20:06.f - RECEIVE from 64119 - System time: 1740889206.003136, Queue length: 0, Logical clock: 316
2025-03-01 23:20:06.f - RECEIVE from 53538 - System time: 1740889206.503199, Queue length: 1, Logical clock: 317
2025-03-01 23:20:07.f - Machine 1 shutdown
