2025-03-05 14:30:23.f - Starting machine 0 with clock rate 6 ticks/second
2025-03-05 14:30:23.f - Internal event range: (4, 10)
2025-03-05 14:30:23.f - INTERNAL EVENT - System time: 1741203023.683081, Logical clock: 1
2025-03-05 14:30:23.f - INTERNAL EVENT - System time: 1741203023.954426, Logical clock: 2
2025-03-05 14:30:24.f - RECEIVE from 58403 - System time: 1741203024.126430, Queue length: 0, Logical clock: 3
2025-03-05 14:30:24.f - INTERNAL EVENT - System time: 1741203024.399337, Logical clock: 4
2025-03-05 14:30:24.f - INTERNAL EVENT - System time: 1741203024.671635, Logical clock: 5
2025-03-05 14:30:24.f - INTERNAL EVENT - System time: 1741203024.942846, Logical clock: 6
2025-03-05 14:30:25.f - INTERNAL EVENT - System time: 1741203025.215777, Logical clock: 7
2025-03-05 14:30:25.f - INTERNAL EVENT - System time: 1741203025.488170, Logical clock: 8
2025-03-05 14:30:25.f - INTERNAL EVENT - System time: 1741203025.767088, Logical clock: 9
2025-03-05 14:30:26.f - SEND to 5001 - System time: 1741203026.049226, Logical clock: 10
2025-03-05 14:30:26.f - SEND to 5002 - System time: 1741203026.051254, Logical clock: 11
2025-03-05 14:30:26.f - INTERNAL EVENT - System time: 1741203026.320481, Logical clock: 12
2025-03-05 14:30:26.f - INTERNAL EVENT - System time: 1741203026.594663, Logical clock: 13
2025-03-05 14:30:26.f - INTERNAL EVENT - System time: 1741203026.865634, Logical clock: 14
2025-03-05 14:30:27.f - SEND to 5001 - System time: 1741203027.136417, Logical clock: 15
2025-03-05 14:30:27.f - SEND to 5002 - System time: 1741203027.410044, Logical clock: 16
2025-03-05 14:30:27.f - INTERNAL EVENT - System time: 1741203027.683279, Logical clock: 17
2025-03-05 14:30:27.f - INTERNAL EVENT - System time: 1741203027.955331, Logical clock: 18
2025-03-05 14:30:28.f - INTERNAL EVENT - System time: 1741203028.227522, Logical clock: 19
2025-03-05 14:30:28.f - INTERNAL EVENT - System time: 1741203028.498882, Logical clock: 20
2025-03-05 14:30:28.f - INTERNAL EVENT - System time: 1741203028.771908, Logical clock: 21
2025-03-05 14:30:29.f - INTERNAL EVENT - System time: 1741203029.043122, Logical clock: 22
2025-03-05 14:30:29.f - RECEIVE from 58403 - System time: 1741203029.263896, Queue length: 0, Logical clock: 23
2025-03-05 14:30:29.f - INTERNAL EVENT - System time: 1741203029.536396, Logical clock: 24
2025-03-05 14:30:29.f - SEND to 5001 - System time: 1741203029.809997, Logical clock: 25
2025-03-05 14:30:30.f - INTERNAL EVENT - System time: 1741203030.082512, Logical clock: 26
2025-03-05 14:30:30.f - RECEIVE from 58403 - System time: 1741203030.251892, Queue length: 0, Logical clock: 27
2025-03-05 14:30:30.f - SEND to 5001 - System time: 1741203030.525296, Logical clock: 28
2025-03-05 14:30:30.f - SEND to 5002 - System time: 1741203030.525968, Logical clock: 29
2025-03-05 14:30:30.f - SEND to 5001 - System time: 1741203030.796508, Logical clock: 30
2025-03-05 14:30:31.f - INTERNAL EVENT - System time: 1741203031.068680, Logical clock: 31
2025-03-05 14:30:31.f - INTERNAL EVENT - System time: 1741203031.339550, Logical clock: 32
2025-03-05 14:30:31.f - RECEIVE from 58403 - System time: 1741203031.512033, Queue length: 0, Logical clock: 33
2025-03-05 14:30:31.f - INTERNAL EVENT - System time: 1741203031.784744, Logical clock: 34
2025-03-05 14:30:32.f - SEND to 5001 - System time: 1741203032.058394, Logical clock: 35
2025-03-05 14:30:32.f - SEND to 5002 - System time: 1741203032.058729, Logical clock: 36
2025-03-05 14:30:32.f - INTERNAL EVENT - System time: 1741203032.331711, Logical clock: 37
2025-03-05 14:30:32.f - RECEIVE from 58403 - System time: 1741203032.503456, Queue length: 0, Logical clock: 38
2025-03-05 14:30:32.f - INTERNAL EVENT - System time: 1741203032.771898, Logical clock: 39
2025-03-05 14:30:33.f - INTERNAL EVENT - System time: 1741203033.044107, Logical clock: 40
2025-03-05 14:30:33.f - SEND to 5001 - System time: 1741203033.317161, Logical clock: 41
2025-03-05 14:30:33.f - SEND to 5002 - System time: 1741203033.317452, Logical clock: 42
2025-03-05 14:30:33.f - SEND to 5001 - System time: 1741203033.591066, Logical clock: 43
2025-03-05 14:30:33.f - SEND to 5002 - System time: 1741203033.591806, Logical clock: 44
2025-03-05 14:30:33.f - SEND to 5001 - System time: 1741203033.863901, Logical clock: 45
2025-03-05 14:30:34.f - INTERNAL EVENT - System time: 1741203034.132531, Logical clock: 46
2025-03-05 14:30:34.f - INTERNAL EVENT - System time: 1741203034.405071, Logical clock: 47
2025-03-05 14:30:34.f - INTERNAL EVENT - System time: 1741203034.676592, Logical clock: 48
2025-03-05 14:30:34.f - INTERNAL EVENT - System time: 1741203034.949012, Logical clock: 49
2025-03-05 14:30:35.f - INTERNAL EVENT - System time: 1741203035.217828, Logical clock: 50
2025-03-05 14:30:35.f - RECEIVE from 58403 - System time: 1741203035.388075, Queue length: 0, Logical clock: 51
2025-03-05 14:30:35.f - INTERNAL EVENT - System time: 1741203035.660299, Logical clock: 52
2025-03-05 14:30:35.f - SEND to 5001 - System time: 1741203035.932967, Logical clock: 53
2025-03-05 14:30:36.f - SEND to 5002 - System time: 1741203036.206580, Logical clock: 54
2025-03-05 14:30:36.f - INTERNAL EVENT - System time: 1741203036.477054, Logical clock: 55
2025-03-05 14:30:36.f - RECEIVE from 58403 - System time: 1741203036.697748, Queue length: 0, Logical clock: 56
2025-03-05 14:30:36.f - INTERNAL EVENT - System time: 1741203036.970465, Logical clock: 57
2025-03-05 14:30:37.f - INTERNAL EVENT - System time: 1741203037.243781, Logical clock: 58
2025-03-05 14:30:37.f - SEND to 5001 - System time: 1741203037.516838, Logical clock: 59
2025-03-05 14:30:37.f - SEND to 5001 - System time: 1741203037.790399, Logical clock: 60
2025-03-05 14:30:38.f - SEND to 5001 - System time: 1741203038.062566, Logical clock: 61
2025-03-05 14:30:38.f - SEND to 5002 - System time: 1741203038.063277, Logical clock: 62
2025-03-05 14:30:38.f - INTERNAL EVENT - System time: 1741203038.334348, Logical clock: 63
2025-03-05 14:30:38.f - INTERNAL EVENT - System time: 1741203038.608062, Logical clock: 64
2025-03-05 14:30:38.f - SEND to 5001 - System time: 1741203038.882822, Logical clock: 65
2025-03-05 14:30:38.f - SEND to 5002 - System time: 1741203038.884378, Logical clock: 66
2025-03-05 14:30:39.f - INTERNAL EVENT - System time: 1741203039.156718, Logical clock: 67
2025-03-05 14:30:39.f - INTERNAL EVENT - System time: 1741203039.430098, Logical clock: 68
2025-03-05 14:30:39.f - SEND to 5001 - System time: 1741203039.703231, Logical clock: 69
2025-03-05 14:30:39.f - SEND to 5002 - System time: 1741203039.703840, Logical clock: 70
2025-03-05 14:30:39.f - SEND to 5001 - System time: 1741203039.974224, Logical clock: 71
2025-03-05 14:30:39.f - SEND to 5002 - System time: 1741203039.974866, Logical clock: 72
2025-03-05 14:30:40.f - SEND to 5001 - System time: 1741203040.247715, Logical clock: 73
2025-03-05 14:30:40.f - INTERNAL EVENT - System time: 1741203040.519726, Logical clock: 74
2025-03-05 14:30:40.f - INTERNAL EVENT - System time: 1741203040.795993, Logical clock: 75
2025-03-05 14:30:41.f - INTERNAL EVENT - System time: 1741203041.064320, Logical clock: 76
2025-03-05 14:30:41.f - INTERNAL EVENT - System time: 1741203041.334480, Logical clock: 77
2025-03-05 14:30:41.f - INTERNAL EVENT - System time: 1741203041.606566, Logical clock: 78
2025-03-05 14:30:41.f - SEND to 5002 - System time: 1741203041.880200, Logical clock: 79
2025-03-05 14:30:42.f - SEND to 5002 - System time: 1741203042.152189, Logical clock: 80
2025-03-05 14:30:42.f - INTERNAL EVENT - System time: 1741203042.422936, Logical clock: 81
2025-03-05 14:30:42.f - SEND to 5001 - System time: 1741203042.692016, Logical clock: 82
2025-03-05 14:30:42.f - INTERNAL EVENT - System time: 1741203042.962853, Logical clock: 83
2025-03-05 14:30:43.f - RECEIVE from 58403 - System time: 1741203043.133164, Queue length: 0, Logical clock: 84
2025-03-05 14:30:43.f - SEND to 5001 - System time: 1741203043.406128, Logical clock: 85
2025-03-05 14:30:43.f - SEND to 5002 - System time: 1741203043.406691, Logical clock: 86
2025-03-05 14:30:43.f - SEND to 5001 - System time: 1741203043.678872, Logical clock: 87
2025-03-05 14:30:43.f - SEND to 5001 - System time: 1741203043.952174, Logical clock: 88
2025-03-05 14:30:44.f - INTERNAL EVENT - System time: 1741203044.225092, Logical clock: 89
2025-03-05 14:30:44.f - INTERNAL EVENT - System time: 1741203044.498779, Logical clock: 90
2025-03-05 14:30:44.f - INTERNAL EVENT - System time: 1741203044.767344, Logical clock: 91
2025-03-05 14:30:45.f - INTERNAL EVENT - System time: 1741203045.038618, Logical clock: 92
2025-03-05 14:30:45.f - SEND to 5001 - System time: 1741203045.312831, Logical clock: 93
2025-03-05 14:30:45.f - SEND to 5002 - System time: 1741203045.313290, Logical clock: 94
2025-03-05 14:30:45.f - INTERNAL EVENT - System time: 1741203045.583866, Logical clock: 95
2025-03-05 14:30:45.f - RECEIVE from 58403 - System time: 1741203045.846950, Queue length: 0, Logical clock: 96
2025-03-05 14:30:46.f - INTERNAL EVENT - System time: 1741203046.121556, Logical clock: 97
2025-03-05 14:30:46.f - RECEIVE from 58403 - System time: 1741203046.290732, Queue length: 0, Logical clock: 98
2025-03-05 14:30:46.f - SEND to 5001 - System time: 1741203046.562104, Logical clock: 99
2025-03-05 14:30:46.f - SEND to 5002 - System time: 1741203046.563149, Logical clock: 100
2025-03-05 14:30:46.f - SEND to 5002 - System time: 1741203046.834312, Logical clock: 101
2025-03-05 14:30:47.f - SEND to 5001 - System time: 1741203047.109043, Logical clock: 102
2025-03-05 14:30:47.f - SEND to 5002 - System time: 1741203047.110191, Logical clock: 103
2025-03-05 14:30:47.f - SEND to 5001 - System time: 1741203047.384063, Logical clock: 104
2025-03-05 14:30:47.f - SEND to 5002 - System time: 1741203047.385656, Logical clock: 105
2025-03-05 14:30:47.f - INTERNAL EVENT - System time: 1741203047.662834, Logical clock: 106
2025-03-05 14:30:47.f - SEND to 5001 - System time: 1741203047.935410, Logical clock: 107
2025-03-05 14:30:47.f - SEND to 5002 - System time: 1741203047.935768, Logical clock: 108
2025-03-05 14:30:48.f - SEND to 5002 - System time: 1741203048.204945, Logical clock: 109
2025-03-05 14:30:48.f - SEND to 5002 - System time: 1741203048.478458, Logical clock: 110
2025-03-05 14:30:48.f - INTERNAL EVENT - System time: 1741203048.750027, Logical clock: 111
2025-03-05 14:30:49.f - INTERNAL EVENT - System time: 1741203049.021890, Logical clock: 112
2025-03-05 14:30:49.f - RECEIVE from 58403 - System time: 1741203049.190576, Queue length: 0, Logical clock: 113
2025-03-05 14:30:49.f - RECEIVE from 58403 - System time: 1741203049.420891, Queue length: 0, Logical clock: 114
2025-03-05 14:30:49.f - INTERNAL EVENT - System time: 1741203049.691407, Logical clock: 115
2025-03-05 14:30:49.f - SEND to 5001 - System time: 1741203049.964084, Logical clock: 116
2025-03-05 14:30:50.f - INTERNAL EVENT - System time: 1741203050.237274, Logical clock: 117
2025-03-05 14:30:50.f - SEND to 5001 - System time: 1741203050.509432, Logical clock: 118
2025-03-05 14:30:50.f - SEND to 5002 - System time: 1741203050.780550, Logical clock: 119
2025-03-05 14:30:51.f - SEND to 5002 - System time: 1741203051.054509, Logical clock: 120
2025-03-05 14:30:51.f - INTERNAL EVENT - System time: 1741203051.324934, Logical clock: 121
2025-03-05 14:30:51.f - SEND to 5002 - System time: 1741203051.598167, Logical clock: 122
2025-03-05 14:30:51.f - INTERNAL EVENT - System time: 1741203051.867031, Logical clock: 123
2025-03-05 14:30:52.f - INTERNAL EVENT - System time: 1741203052.138880, Logical clock: 124
2025-03-05 14:30:52.f - INTERNAL EVENT - System time: 1741203052.411475, Logical clock: 125
2025-03-05 14:30:52.f - INTERNAL EVENT - System time: 1741203052.680918, Logical clock: 126
2025-03-05 14:30:52.f - INTERNAL EVENT - System time: 1741203052.949393, Logical clock: 127
2025-03-05 14:30:53.f - SEND to 5001 - System time: 1741203053.222733, Logical clock: 128
2025-03-05 14:30:53.f - INTERNAL EVENT - System time: 1741203053.494964, Logical clock: 129
2025-03-05 14:30:53.f - INTERNAL EVENT - System time: 1741203053.767378, Logical clock: 130
2025-03-05 14:30:54.f - INTERNAL EVENT - System time: 1741203054.040192, Logical clock: 131
2025-03-05 14:30:54.f - INTERNAL EVENT - System time: 1741203054.313226, Logical clock: 132
2025-03-05 14:30:54.f - INTERNAL EVENT - System time: 1741203054.585434, Logical clock: 133
2025-03-05 14:30:54.f - INTERNAL EVENT - System time: 1741203054.854489, Logical clock: 134
2025-03-05 14:30:55.f - INTERNAL EVENT - System time: 1741203055.123341, Logical clock: 135
2025-03-05 14:30:55.f - INTERNAL EVENT - System time: 1741203055.396703, Logical clock: 136
2025-03-05 14:30:55.f - RECEIVE from 58403 - System time: 1741203055.567806, Queue length: 0, Logical clock: 137
2025-03-05 14:30:55.f - SEND to 5002 - System time: 1741203055.840732, Logical clock: 138
2025-03-05 14:30:56.f - SEND to 5002 - System time: 1741203056.108705, Logical clock: 139
2025-03-05 14:30:56.f - INTERNAL EVENT - System time: 1741203056.382226, Logical clock: 140
2025-03-05 14:30:56.f - INTERNAL EVENT - System time: 1741203056.655489, Logical clock: 141
2025-03-05 14:30:56.f - INTERNAL EVENT - System time: 1741203056.928278, Logical clock: 142
2025-03-05 14:30:57.f - RECEIVE from 58403 - System time: 1741203057.099364, Queue length: 0, Logical clock: 143
2025-03-05 14:30:57.f - INTERNAL EVENT - System time: 1741203057.372562, Logical clock: 144
2025-03-05 14:30:57.f - SEND to 5002 - System time: 1741203057.643998, Logical clock: 145
2025-03-05 14:30:57.f - SEND to 5002 - System time: 1741203057.915719, Logical clock: 146
2025-03-05 14:30:58.f - INTERNAL EVENT - System time: 1741203058.187920, Logical clock: 147
2025-03-05 14:30:58.f - INTERNAL EVENT - System time: 1741203058.461161, Logical clock: 148
2025-03-05 14:30:58.f - INTERNAL EVENT - System time: 1741203058.733961, Logical clock: 149
2025-03-05 14:30:59.f - INTERNAL EVENT - System time: 1741203059.004461, Logical clock: 150
2025-03-05 14:30:59.f - SEND to 5001 - System time: 1741203059.278940, Logical clock: 151
2025-03-05 14:30:59.f - SEND to 5002 - System time: 1741203059.280942, Logical clock: 152
2025-03-05 14:30:59.f - INTERNAL EVENT - System time: 1741203059.554059, Logical clock: 153
2025-03-05 14:30:59.f - INTERNAL EVENT - System time: 1741203059.825026, Logical clock: 154
2025-03-05 14:31:00.f - INTERNAL EVENT - System time: 1741203060.093434, Logical clock: 155
2025-03-05 14:31:00.f - INTERNAL EVENT - System time: 1741203060.366515, Logical clock: 156
2025-03-05 14:31:00.f - INTERNAL EVENT - System time: 1741203060.639748, Logical clock: 157
2025-03-05 14:31:00.f - INTERNAL EVENT - System time: 1741203060.912639, Logical clock: 158
2025-03-05 14:31:01.f - INTERNAL EVENT - System time: 1741203061.182938, Logical clock: 159
2025-03-05 14:31:01.f - SEND to 5002 - System time: 1741203061.454449, Logical clock: 160
2025-03-05 14:31:01.f - INTERNAL EVENT - System time: 1741203061.725161, Logical clock: 161
2025-03-05 14:31:01.f - INTERNAL EVENT - System time: 1741203061.998442, Logical clock: 162
2025-03-05 14:31:02.f - INTERNAL EVENT - System time: 1741203062.270482, Logical clock: 163
2025-03-05 14:31:02.f - INTERNAL EVENT - System time: 1741203062.543503, Logical clock: 164
2025-03-05 14:31:02.f - INTERNAL EVENT - System time: 1741203062.816577, Logical clock: 165
2025-03-05 14:31:02.f - RECEIVE from 58403 - System time: 1741203062.987480, Queue length: 0, Logical clock: 166
2025-03-05 14:31:03.f - INTERNAL EVENT - System time: 1741203063.259842, Logical clock: 167
2025-03-05 14:31:03.f - INTERNAL EVENT - System time: 1741203063.528873, Logical clock: 168
2025-03-05 14:31:03.f - INTERNAL EVENT - System time: 1741203063.800057, Logical clock: 169
2025-03-05 14:31:04.f - SEND to 5002 - System time: 1741203064.075317, Logical clock: 170
2025-03-05 14:31:04.f - INTERNAL EVENT - System time: 1741203064.345918, Logical clock: 171
2025-03-05 14:31:04.f - INTERNAL EVENT - System time: 1741203064.618972, Logical clock: 172
2025-03-05 14:31:04.f - SEND to 5001 - System time: 1741203064.892904, Logical clock: 173
2025-03-05 14:31:04.f - SEND to 5002 - System time: 1741203064.893853, Logical clock: 174
2025-03-05 14:31:05.f - SEND to 5001 - System time: 1741203065.167111, Logical clock: 175
2025-03-05 14:31:05.f - INTERNAL EVENT - System time: 1741203065.439635, Logical clock: 176
2025-03-05 14:31:05.f - INTERNAL EVENT - System time: 1741203065.711361, Logical clock: 177
2025-03-05 14:31:05.f - RECEIVE from 58403 - System time: 1741203065.893672, Queue length: 0, Logical clock: 178
2025-03-05 14:31:06.f - INTERNAL EVENT - System time: 1741203066.170417, Logical clock: 179
2025-03-05 14:31:06.f - INTERNAL EVENT - System time: 1741203066.441086, Logical clock: 180
2025-03-05 14:31:06.f - INTERNAL EVENT - System time: 1741203066.714147, Logical clock: 181
2025-03-05 14:31:06.f - INTERNAL EVENT - System time: 1741203066.986247, Logical clock: 182
2025-03-05 14:31:07.f - SEND to 5002 - System time: 1741203067.257941, Logical clock: 183
2025-03-05 14:31:07.f - RECEIVE from 58403 - System time: 1741203067.429283, Queue length: 0, Logical clock: 184
2025-03-05 14:31:07.f - RECEIVE from 58403 - System time: 1741203067.668350, Queue length: 0, Logical clock: 185
2025-03-05 14:31:07.f - SEND to 5001 - System time: 1741203067.942690, Logical clock: 186
2025-03-05 14:31:07.f - SEND to 5002 - System time: 1741203067.944098, Logical clock: 187
2025-03-05 14:31:08.f - INTERNAL EVENT - System time: 1741203068.215447, Logical clock: 188
2025-03-05 14:31:08.f - SEND to 5001 - System time: 1741203068.487914, Logical clock: 189
2025-03-05 14:31:08.f - SEND to 5002 - System time: 1741203068.488128, Logical clock: 190
2025-03-05 14:31:08.f - INTERNAL EVENT - System time: 1741203068.761055, Logical clock: 191
2025-03-05 14:31:09.f - SEND to 5001 - System time: 1741203069.031889, Logical clock: 192
2025-03-05 14:31:09.f - INTERNAL EVENT - System time: 1741203069.304890, Logical clock: 193
2025-03-05 14:31:09.f - SEND to 5002 - System time: 1741203069.577060, Logical clock: 194
2025-03-05 14:31:09.f - INTERNAL EVENT - System time: 1741203069.850096, Logical clock: 195
2025-03-05 14:31:10.f - SEND to 5001 - System time: 1741203070.123415, Logical clock: 196
2025-03-05 14:31:10.f - SEND to 5002 - System time: 1741203070.124342, Logical clock: 197
2025-03-05 14:31:10.f - INTERNAL EVENT - System time: 1741203070.392971, Logical clock: 198
2025-03-05 14:31:10.f - SEND to 5002 - System time: 1741203070.664251, Logical clock: 199
2025-03-05 14:31:10.f - INTERNAL EVENT - System time: 1741203070.936367, Logical clock: 200
2025-03-05 14:31:11.f - INTERNAL EVENT - System time: 1741203071.205063, Logical clock: 201
2025-03-05 14:31:11.f - INTERNAL EVENT - System time: 1741203071.474814, Logical clock: 202
2025-03-05 14:31:11.f - SEND to 5001 - System time: 1741203071.745528, Logical clock: 203
2025-03-05 14:31:12.f - INTERNAL EVENT - System time: 1741203072.017808, Logical clock: 204
2025-03-05 14:31:12.f - SEND to 5002 - System time: 1741203072.289017, Logical clock: 205
2025-03-05 14:31:12.f - SEND to 5001 - System time: 1741203072.560053, Logical clock: 206
2025-03-05 14:31:12.f - SEND to 5002 - System time: 1741203072.560579, Logical clock: 207
2025-03-05 14:31:12.f - INTERNAL EVENT - System time: 1741203072.833683, Logical clock: 208
2025-03-05 14:31:13.f - INTERNAL EVENT - System time: 1741203073.105067, Logical clock: 209
2025-03-05 14:31:13.f - SEND to 5001 - System time: 1741203073.376820, Logical clock: 210
2025-03-05 14:31:13.f - SEND to 5002 - System time: 1741203073.377403, Logical clock: 211
2025-03-05 14:31:13.f - INTERNAL EVENT - System time: 1741203073.649889, Logical clock: 212
2025-03-05 14:31:13.f - INTERNAL EVENT - System time: 1741203073.922257, Logical clock: 213
2025-03-05 14:31:14.f - RECEIVE from 58403 - System time: 1741203074.094618, Queue length: 0, Logical clock: 214
2025-03-05 14:31:14.f - INTERNAL EVENT - System time: 1741203074.367190, Logical clock: 215
2025-03-05 14:31:14.f - SEND to 5002 - System time: 1741203074.636697, Logical clock: 216
2025-03-05 14:31:14.f - RECEIVE from 58403 - System time: 1741203074.808678, Queue length: 0, Logical clock: 217
2025-03-05 14:31:15.f - SEND to 5002 - System time: 1741203075.085198, Logical clock: 218
2025-03-05 14:31:15.f - INTERNAL EVENT - System time: 1741203075.357140, Logical clock: 219
2025-03-05 14:31:15.f - INTERNAL EVENT - System time: 1741203075.628789, Logical clock: 220
2025-03-05 14:31:15.f - INTERNAL EVENT - System time: 1741203075.901723, Logical clock: 221
2025-03-05 14:31:16.f - INTERNAL EVENT - System time: 1741203076.170653, Logical clock: 222
2025-03-05 14:31:16.f - SEND to 5002 - System time: 1741203076.444030, Logical clock: 223
2025-03-05 14:31:16.f - RECEIVE from 58403 - System time: 1741203076.614828, Queue length: 0, Logical clock: 224
2025-03-05 14:31:16.f - INTERNAL EVENT - System time: 1741203076.887284, Logical clock: 225
2025-03-05 14:31:17.f - INTERNAL EVENT - System time: 1741203077.160030, Logical clock: 226
2025-03-05 14:31:17.f - RECEIVE from 58403 - System time: 1741203077.330234, Queue length: 0, Logical clock: 227
2025-03-05 14:31:17.f - SEND to 5001 - System time: 1741203077.601225, Logical clock: 228
2025-03-05 14:31:17.f - INTERNAL EVENT - System time: 1741203077.870807, Logical clock: 229
2025-03-05 14:31:18.f - RECEIVE from 58403 - System time: 1741203078.041231, Queue length: 0, Logical clock: 230
2025-03-05 14:31:18.f - INTERNAL EVENT - System time: 1741203078.314862, Logical clock: 231
2025-03-05 14:31:18.f - INTERNAL EVENT - System time: 1741203078.586497, Logical clock: 232
2025-03-05 14:31:18.f - INTERNAL EVENT - System time: 1741203078.857571, Logical clock: 233
2025-03-05 14:31:19.f - RECEIVE from 58403 - System time: 1741203079.026317, Queue length: 0, Logical clock: 234
2025-03-05 14:31:19.f - INTERNAL EVENT - System time: 1741203079.296279, Logical clock: 235
2025-03-05 14:31:19.f - INTERNAL EVENT - System time: 1741203079.568688, Logical clock: 236
2025-03-05 14:31:19.f - INTERNAL EVENT - System time: 1741203079.841736, Logical clock: 237
2025-03-05 14:31:20.f - INTERNAL EVENT - System time: 1741203080.115075, Logical clock: 238
2025-03-05 14:31:20.f - SEND to 5002 - System time: 1741203080.387767, Logical clock: 239
2025-03-05 14:31:20.f - SEND to 5001 - System time: 1741203080.664198, Logical clock: 240
2025-03-05 14:31:20.f - INTERNAL EVENT - System time: 1741203080.933742, Logical clock: 241
2025-03-05 14:31:21.f - INTERNAL EVENT - System time: 1741203081.206012, Logical clock: 242
2025-03-05 14:31:21.f - INTERNAL EVENT - System time: 1741203081.477233, Logical clock: 243
2025-03-05 14:31:21.f - INTERNAL EVENT - System time: 1741203081.750834, Logical clock: 244
2025-03-05 14:31:22.f - INTERNAL EVENT - System time: 1741203082.023640, Logical clock: 245
2025-03-05 14:31:22.f - INTERNAL EVENT - System time: 1741203082.295876, Logical clock: 246
2025-03-05 14:31:22.f - INTERNAL EVENT - System time: 1741203082.568879, Logical clock: 247
2025-03-05 14:31:22.f - SEND to 5001 - System time: 1741203082.842431, Logical clock: 248
2025-03-05 14:31:23.f - INTERNAL EVENT - System time: 1741203083.115386, Logical clock: 249
2025-03-05 14:31:23.f - INTERNAL EVENT - System time: 1741203083.389720, Logical clock: 250
2025-03-05 14:31:23.f - RECEIVE from 58403 - System time: 1741203083.561791, Queue length: 0, Logical clock: 251
2025-03-05 14:31:23.f - RECEIVE from 58403 - System time: 1741203083.802941, Queue length: 0, Logical clock: 252
2025-03-05 14:31:24.f - INTERNAL EVENT - System time: 1741203084.075828, Logical clock: 253
2025-03-05 14:31:24.f - INTERNAL EVENT - System time: 1741203084.348980, Logical clock: 254
2025-03-05 14:31:24.f - INTERNAL EVENT - System time: 1741203084.622066, Logical clock: 255
2025-03-05 14:31:24.f - INTERNAL EVENT - System time: 1741203084.894616, Logical clock: 256
2025-03-05 14:31:25.f - INTERNAL EVENT - System time: 1741203085.165175, Logical clock: 257
2025-03-05 14:31:25.f - RECEIVE from 58403 - System time: 1741203085.337224, Queue length: 0, Logical clock: 258
2025-03-05 14:31:25.f - RECEIVE from 58403 - System time: 1741203085.589555, Queue length: 0, Logical clock: 259
2025-03-05 14:31:25.f - INTERNAL EVENT - System time: 1741203085.862207, Logical clock: 260
2025-03-05 14:31:26.f - INTERNAL EVENT - System time: 1741203086.135022, Logical clock: 261
2025-03-05 14:31:26.f - INTERNAL EVENT - System time: 1741203086.408061, Logical clock: 262
2025-03-05 14:31:26.f - RECEIVE from 58403 - System time: 1741203086.656527, Queue length: 0, Logical clock: 263
2025-03-05 14:31:26.f - SEND to 5002 - System time: 1741203086.930117, Logical clock: 264
2025-03-05 14:31:27.f - SEND to 5001 - System time: 1741203087.204751, Logical clock: 265
2025-03-05 14:31:27.f - INTERNAL EVENT - System time: 1741203087.478066, Logical clock: 266
2025-03-05 14:31:27.f - SEND to 5002 - System time: 1741203087.750622, Logical clock: 267
2025-03-05 14:31:28.f - SEND to 5001 - System time: 1741203088.022494, Logical clock: 268
2025-03-05 14:31:28.f - SEND to 5002 - System time: 1741203088.023261, Logical clock: 269
2025-03-05 14:31:28.f - INTERNAL EVENT - System time: 1741203088.292169, Logical clock: 270
2025-03-05 14:31:28.f - SEND to 5002 - System time: 1741203088.567198, Logical clock: 271
2025-03-05 14:31:28.f - INTERNAL EVENT - System time: 1741203088.839193, Logical clock: 272
2025-03-05 14:31:29.f - SEND to 5002 - System time: 1741203089.113449, Logical clock: 273
2025-03-05 14:31:29.f - RECEIVE from 58403 - System time: 1741203089.295246, Queue length: 0, Logical clock: 274
2025-03-05 14:31:29.f - INTERNAL EVENT - System time: 1741203089.568375, Logical clock: 275
2025-03-05 14:31:29.f - SEND to 5001 - System time: 1741203089.839174, Logical clock: 276
2025-03-05 14:31:29.f - SEND to 5002 - System time: 1741203089.839925, Logical clock: 277
2025-03-05 14:31:30.f - SEND to 5001 - System time: 1741203090.112395, Logical clock: 278
2025-03-05 14:31:30.f - INTERNAL EVENT - System time: 1741203090.383459, Logical clock: 279
2025-03-05 14:31:30.f - SEND to 5001 - System time: 1741203090.653821, Logical clock: 280
2025-03-05 14:31:30.f - SEND to 5002 - System time: 1741203090.654140, Logical clock: 281
2025-03-05 14:31:30.f - SEND to 5001 - System time: 1741203090.927683, Logical clock: 282
2025-03-05 14:31:30.f - SEND to 5002 - System time: 1741203090.928243, Logical clock: 283
2025-03-05 14:31:31.f - INTERNAL EVENT - System time: 1741203091.201066, Logical clock: 284
2025-03-05 14:31:31.f - SEND to 5001 - System time: 1741203091.474652, Logical clock: 285
2025-03-05 14:31:31.f - INTERNAL EVENT - System time: 1741203091.747600, Logical clock: 286
2025-03-05 14:31:32.f - INTERNAL EVENT - System time: 1741203092.017807, Logical clock: 287
2025-03-05 14:31:32.f - INTERNAL EVENT - System time: 1741203092.288455, Logical clock: 288
2025-03-05 14:31:32.f - RECEIVE from 58403 - System time: 1741203092.455799, Queue length: 0, Logical clock: 289
2025-03-05 14:31:32.f - RECEIVE from 58403 - System time: 1741203092.694185, Queue length: 0, Logical clock: 290
2025-03-05 14:31:32.f - INTERNAL EVENT - System time: 1741203092.967191, Logical clock: 291
2025-03-05 14:31:33.f - INTERNAL EVENT - System time: 1741203093.240158, Logical clock: 292
2025-03-05 14:31:33.f - INTERNAL EVENT - System time: 1741203093.515571, Logical clock: 293
2025-03-05 14:31:33.f - SEND to 5002 - System time: 1741203093.789491, Logical clock: 294
2025-03-05 14:31:34.f - INTERNAL EVENT - System time: 1741203094.060020, Logical clock: 295
2025-03-05 14:31:34.f - INTERNAL EVENT - System time: 1741203094.333023, Logical clock: 296
2025-03-05 14:31:34.f - INTERNAL EVENT - System time: 1741203094.604301, Logical clock: 297
2025-03-05 14:31:34.f - RECEIVE from 58403 - System time: 1741203094.827808, Queue length: 0, Logical clock: 298
2025-03-05 14:31:35.f - SEND to 5002 - System time: 1741203095.100644, Logical clock: 299
2025-03-05 14:31:35.f - INTERNAL EVENT - System time: 1741203095.369554, Logical clock: 300
2025-03-05 14:31:35.f - INTERNAL EVENT - System time: 1741203095.644631, Logical clock: 301
2025-03-05 14:31:35.f - INTERNAL EVENT - System time: 1741203095.917097, Logical clock: 302
2025-03-05 14:31:36.f - INTERNAL EVENT - System time: 1741203096.188338, Logical clock: 303
2025-03-05 14:31:36.f - SEND to 5002 - System time: 1741203096.462427, Logical clock: 304
2025-03-05 14:31:36.f - INTERNAL EVENT - System time: 1741203096.734431, Logical clock: 305
2025-03-05 14:31:36.f - RECEIVE from 58403 - System time: 1741203096.970193, Queue length: 0, Logical clock: 306
2025-03-05 14:31:37.f - SEND to 5001 - System time: 1741203097.242606, Logical clock: 307
2025-03-05 14:31:37.f - SEND to 5002 - System time: 1741203097.243409, Logical clock: 308
2025-03-05 14:31:37.f - SEND to 5001 - System time: 1741203097.516234, Logical clock: 309
2025-03-05 14:31:37.f - INTERNAL EVENT - System time: 1741203097.784244, Logical clock: 310
2025-03-05 14:31:38.f - INTERNAL EVENT - System time: 1741203098.057225, Logical clock: 311
2025-03-05 14:31:38.f - INTERNAL EVENT - System time: 1741203098.331184, Logical clock: 312
2025-03-05 14:31:38.f - INTERNAL EVENT - System time: 1741203098.603542, Logical clock: 313
2025-03-05 14:31:38.f - INTERNAL EVENT - System time: 1741203098.877090, Logical clock: 314
2025-03-05 14:31:39.f - SEND to 5001 - System time: 1741203099.151028, Logical clock: 315
2025-03-05 14:31:39.f - INTERNAL EVENT - System time: 1741203099.420701, Logical clock: 316
2025-03-05 14:31:39.f - SEND to 5001 - System time: 1741203099.694319, Logical clock: 317
2025-03-05 14:31:39.f - SEND to 5002 - System time: 1741203099.695014, Logical clock: 318
2025-03-05 14:31:39.f - INTERNAL EVENT - System time: 1741203099.964722, Logical clock: 319
2025-03-05 14:31:40.f - RECEIVE from 58403 - System time: 1741203100.164190, Queue length: 0, Logical clock: 320
2025-03-05 14:31:40.f - SEND to 5001 - System time: 1741203100.435094, Logical clock: 321
2025-03-05 14:31:40.f - SEND to 5002 - System time: 1741203100.435499, Logical clock: 322
2025-03-05 14:31:40.f - INTERNAL EVENT - System time: 1741203100.708381, Logical clock: 323
2025-03-05 14:31:40.f - INTERNAL EVENT - System time: 1741203100.979261, Logical clock: 324
2025-03-05 14:31:41.f - INTERNAL EVENT - System time: 1741203101.252514, Logical clock: 325
2025-03-05 14:31:41.f - RECEIVE from 58403 - System time: 1741203101.503785, Queue length: 0, Logical clock: 326
2025-03-05 14:31:41.f - INTERNAL EVENT - System time: 1741203101.776016, Logical clock: 327
2025-03-05 14:31:42.f - SEND to 5001 - System time: 1741203102.048811, Logical clock: 328
2025-03-05 14:31:42.f - SEND to 5002 - System time: 1741203102.049045, Logical clock: 329
2025-03-05 14:31:42.f - SEND to 5001 - System time: 1741203102.323213, Logical clock: 330
2025-03-05 14:31:42.f - INTERNAL EVENT - System time: 1741203102.595845, Logical clock: 331
2025-03-05 14:31:42.f - SEND to 5001 - System time: 1741203102.866468, Logical clock: 332
2025-03-05 14:31:42.f - SEND to 5002 - System time: 1741203102.867160, Logical clock: 333
2025-03-05 14:31:43.f - INTERNAL EVENT - System time: 1741203103.139377, Logical clock: 334
2025-03-05 14:31:43.f - RECEIVE from 58403 - System time: 1741203103.336791, Queue length: 0, Logical clock: 335
2025-03-05 14:31:43.f - INTERNAL EVENT - System time: 1741203103.605338, Logical clock: 336
2025-03-05 14:31:43.f - INTERNAL EVENT - System time: 1741203103.876734, Logical clock: 337
2025-03-05 14:31:44.f - INTERNAL EVENT - System time: 1741203104.149746, Logical clock: 338
2025-03-05 14:31:44.f - INTERNAL EVENT - System time: 1741203104.418830, Logical clock: 339
2025-03-05 14:31:44.f - INTERNAL EVENT - System time: 1741203104.690029, Logical clock: 340
2025-03-05 14:31:44.f - RECEIVE from 58403 - System time: 1741203104.861937, Queue length: 0, Logical clock: 341
2025-03-05 14:31:45.f - INTERNAL EVENT - System time: 1741203105.134519, Logical clock: 342
2025-03-05 14:31:45.f - SEND to 5001 - System time: 1741203105.407841, Logical clock: 343
2025-03-05 14:31:45.f - SEND to 5002 - System time: 1741203105.408972, Logical clock: 344
2025-03-05 14:31:45.f - INTERNAL EVENT - System time: 1741203105.678700, Logical clock: 345
2025-03-05 14:31:45.f - SEND to 5001 - System time: 1741203105.951959, Logical clock: 346
2025-03-05 14:31:46.f - INTERNAL EVENT - System time: 1741203106.223553, Logical clock: 347
2025-03-05 14:31:46.f - INTERNAL EVENT - System time: 1741203106.496466, Logical clock: 348
2025-03-05 14:31:46.f - INTERNAL EVENT - System time: 1741203106.769391, Logical clock: 349
2025-03-05 14:31:47.f - INTERNAL EVENT - System time: 1741203107.041445, Logical clock: 350
2025-03-05 14:31:47.f - INTERNAL EVENT - System time: 1741203107.313135, Logical clock: 351
2025-03-05 14:31:47.f - INTERNAL EVENT - System time: 1741203107.586096, Logical clock: 352
2025-03-05 14:31:47.f - RECEIVE from 58403 - System time: 1741203107.792225, Queue length: 0, Logical clock: 353
2025-03-05 14:31:48.f - SEND to 5002 - System time: 1741203108.065683, Logical clock: 354
2025-03-05 14:31:48.f - INTERNAL EVENT - System time: 1741203108.334158, Logical clock: 355
2025-03-05 14:31:48.f - INTERNAL EVENT - System time: 1741203108.603384, Logical clock: 356
2025-03-05 14:31:48.f - INTERNAL EVENT - System time: 1741203108.872202, Logical clock: 357
2025-03-05 14:31:49.f - INTERNAL EVENT - System time: 1741203109.145149, Logical clock: 358
2025-03-05 14:31:49.f - INTERNAL EVENT - System time: 1741203109.420218, Logical clock: 359
2025-03-05 14:31:49.f - INTERNAL EVENT - System time: 1741203109.691884, Logical clock: 360
2025-03-05 14:31:49.f - SEND to 5001 - System time: 1741203109.965821, Logical clock: 361
2025-03-05 14:31:50.f - INTERNAL EVENT - System time: 1741203110.237974, Logical clock: 362
2025-03-05 14:31:50.f - INTERNAL EVENT - System time: 1741203110.510870, Logical clock: 363
2025-03-05 14:31:50.f - INTERNAL EVENT - System time: 1741203110.778928, Logical clock: 364
2025-03-05 14:31:51.f - SEND to 5001 - System time: 1741203111.052325, Logical clock: 365
2025-03-05 14:31:51.f - SEND to 5002 - System time: 1741203111.325673, Logical clock: 366
2025-03-05 14:31:51.f - INTERNAL EVENT - System time: 1741203111.598635, Logical clock: 367
2025-03-05 14:31:51.f - INTERNAL EVENT - System time: 1741203111.867532, Logical clock: 368
2025-03-05 14:31:52.f - SEND to 5001 - System time: 1741203112.138685, Logical clock: 369
2025-03-05 14:31:52.f - SEND to 5002 - System time: 1741203112.139035, Logical clock: 370
2025-03-05 14:31:52.f - SEND to 5001 - System time: 1741203112.413355, Logical clock: 371
2025-03-05 14:31:52.f - SEND to 5002 - System time: 1741203112.413773, Logical clock: 372
2025-03-05 14:31:52.f - INTERNAL EVENT - System time: 1741203112.686646, Logical clock: 373
2025-03-05 14:31:52.f - INTERNAL EVENT - System time: 1741203112.955142, Logical clock: 374
2025-03-05 14:31:53.f - SEND to 5001 - System time: 1741203113.228373, Logical clock: 375
2025-03-05 14:31:53.f - SEND to 5002 - System time: 1741203113.228624, Logical clock: 376
2025-03-05 14:31:53.f - SEND to 5002 - System time: 1741203113.501887, Logical clock: 377
2025-03-05 14:31:53.f - INTERNAL EVENT - System time: 1741203113.770989, Logical clock: 378
2025-03-05 14:31:54.f - INTERNAL EVENT - System time: 1741203114.044113, Logical clock: 379
2025-03-05 14:31:54.f - INTERNAL EVENT - System time: 1741203114.317026, Logical clock: 380
2025-03-05 14:31:54.f - INTERNAL EVENT - System time: 1741203114.589595, Logical clock: 381
2025-03-05 14:31:54.f - INTERNAL EVENT - System time: 1741203114.858303, Logical clock: 382
2025-03-05 14:31:55.f - INTERNAL EVENT - System time: 1741203115.130394, Logical clock: 383
2025-03-05 14:31:55.f - RECEIVE from 58403 - System time: 1741203115.302282, Queue length: 0, Logical clock: 384
2025-03-05 14:31:55.f - INTERNAL EVENT - System time: 1741203115.575183, Logical clock: 385
2025-03-05 14:31:55.f - SEND to 5002 - System time: 1741203115.848542, Logical clock: 386
2025-03-05 14:31:56.f - INTERNAL EVENT - System time: 1741203116.121510, Logical clock: 387
2025-03-05 14:31:56.f - RECEIVE from 58403 - System time: 1741203116.290620, Queue length: 0, Logical clock: 388
2025-03-05 14:31:56.f - INTERNAL EVENT - System time: 1741203116.563445, Logical clock: 389
2025-03-05 14:31:56.f - INTERNAL EVENT - System time: 1741203116.836044, Logical clock: 390
2025-03-05 14:31:57.f - RECEIVE from 58403 - System time: 1741203117.007368, Queue length: 0, Logical clock: 391
2025-03-05 14:31:57.f - SEND to 5002 - System time: 1741203117.281286, Logical clock: 392
2025-03-05 14:31:57.f - INTERNAL EVENT - System time: 1741203117.553285, Logical clock: 393
2025-03-05 14:31:57.f - INTERNAL EVENT - System time: 1741203117.822039, Logical clock: 394
2025-03-05 14:31:58.f - INTERNAL EVENT - System time: 1741203118.094963, Logical clock: 395
2025-03-05 14:31:58.f - RECEIVE from 58403 - System time: 1741203118.363108, Queue length: 0, Logical clock: 396
2025-03-05 14:31:58.f - INTERNAL EVENT - System time: 1741203118.636050, Logical clock: 397
2025-03-05 14:31:58.f - INTERNAL EVENT - System time: 1741203118.907422, Logical clock: 398
2025-03-05 14:31:59.f - INTERNAL EVENT - System time: 1741203119.180088, Logical clock: 399
2025-03-05 14:31:59.f - RECEIVE from 58403 - System time: 1741203119.433890, Queue length: 0, Logical clock: 400
2025-03-05 14:31:59.f - INTERNAL EVENT - System time: 1741203119.704168, Logical clock: 401
2025-03-05 14:31:59.f - SEND to 5001 - System time: 1741203119.973390, Logical clock: 402
2025-03-05 14:32:00.f - INTERNAL EVENT - System time: 1741203120.242019, Logical clock: 403
2025-03-05 14:32:00.f - RECEIVE from 58403 - System time: 1741203120.413902, Queue length: 0, Logical clock: 404
2025-03-05 14:32:00.f - INTERNAL EVENT - System time: 1741203120.686748, Logical clock: 405
2025-03-05 14:32:00.f - INTERNAL EVENT - System time: 1741203120.959822, Logical clock: 406
2025-03-05 14:32:01.f - INTERNAL EVENT - System time: 1741203121.229450, Logical clock: 407
2025-03-05 14:32:01.f - RECEIVE from 58403 - System time: 1741203121.468612, Queue length: 0, Logical clock: 408
2025-03-05 14:32:01.f - INTERNAL EVENT - System time: 1741203121.741561, Logical clock: 409
2025-03-05 14:32:02.f - INTERNAL EVENT - System time: 1741203122.014660, Logical clock: 410
2025-03-05 14:32:02.f - INTERNAL EVENT - System time: 1741203122.287571, Logical clock: 411
2025-03-05 14:32:02.f - RECEIVE from 58403 - System time: 1741203122.537169, Queue length: 0, Logical clock: 412
2025-03-05 14:32:02.f - SEND to 5002 - System time: 1741203122.827917, Logical clock: 413
2025-03-05 14:32:02.f - RECEIVE from 58403 - System time: 1741203122.996104, Queue length: 0, Logical clock: 414
2025-03-05 14:32:03.f - SEND to 5002 - System time: 1741203123.268306, Logical clock: 415
2025-03-05 14:32:03.f - INTERNAL EVENT - System time: 1741203123.541126, Logical clock: 416
2025-03-05 14:32:03.f - INTERNAL EVENT - System time: 1741203123.813980, Logical clock: 417
2025-03-05 14:32:04.f - SEND to 5001 - System time: 1741203124.084547, Logical clock: 418
2025-03-05 14:32:04.f - SEND to 5002 - System time: 1741203124.084917, Logical clock: 419
2025-03-05 14:32:04.f - INTERNAL EVENT - System time: 1741203124.355976, Logical clock: 420
2025-03-05 14:32:04.f - INTERNAL EVENT - System time: 1741203124.628828, Logical clock: 421
2025-03-05 14:32:04.f - INTERNAL EVENT - System time: 1741203124.901864, Logical clock: 422
2025-03-05 14:32:05.f - INTERNAL EVENT - System time: 1741203125.174837, Logical clock: 423
2025-03-05 14:32:05.f - INTERNAL EVENT - System time: 1741203125.447779, Logical clock: 424
2025-03-05 14:32:05.f - INTERNAL EVENT - System time: 1741203125.717794, Logical clock: 425
2025-03-05 14:32:05.f - INTERNAL EVENT - System time: 1741203125.988139, Logical clock: 426
2025-03-05 14:32:06.f - INTERNAL EVENT - System time: 1741203126.258241, Logical clock: 427
2025-03-05 14:32:06.f - RECEIVE from 58403 - System time: 1741203126.430121, Queue length: 0, Logical clock: 428
2025-03-05 14:32:06.f - RECEIVE from 58403 - System time: 1741203126.694559, Queue length: 0, Logical clock: 429
2025-03-05 14:32:06.f - INTERNAL EVENT - System time: 1741203126.962791, Logical clock: 430
2025-03-05 14:32:07.f - RECEIVE from 58403 - System time: 1741203127.133213, Queue length: 0, Logical clock: 431
2025-03-05 14:32:07.f - INTERNAL EVENT - System time: 1741203127.401597, Logical clock: 432
2025-03-05 14:32:07.f - SEND to 5001 - System time: 1741203127.674525, Logical clock: 433
2025-03-05 14:32:07.f - SEND to 5002 - System time: 1741203127.675022, Logical clock: 434
2025-03-05 14:32:07.f - SEND to 5002 - System time: 1741203127.949295, Logical clock: 435
2025-03-05 14:32:08.f - SEND to 5001 - System time: 1741203128.222229, Logical clock: 436
2025-03-05 14:32:08.f - SEND to 5002 - System time: 1741203128.223168, Logical clock: 437
2025-03-05 14:32:08.f - SEND to 5001 - System time: 1741203128.494530, Logical clock: 438
2025-03-05 14:32:08.f - SEND to 5002 - System time: 1741203128.494880, Logical clock: 439
2025-03-05 14:32:08.f - INTERNAL EVENT - System time: 1741203128.767588, Logical clock: 440
2025-03-05 14:32:09.f - INTERNAL EVENT - System time: 1741203129.040245, Logical clock: 441
2025-03-05 14:32:09.f - SEND to 5001 - System time: 1741203129.312986, Logical clock: 442
2025-03-05 14:32:09.f - SEND to 5002 - System time: 1741203129.314697, Logical clock: 443
2025-03-05 14:32:09.f - SEND to 5001 - System time: 1741203129.586551, Logical clock: 444
2025-03-05 14:32:09.f - SEND to 5002 - System time: 1741203129.862375, Logical clock: 445
2025-03-05 14:32:10.f - INTERNAL EVENT - System time: 1741203130.134658, Logical clock: 446
2025-03-05 14:32:10.f - INTERNAL EVENT - System time: 1741203130.406072, Logical clock: 447
2025-03-05 14:32:10.f - INTERNAL EVENT - System time: 1741203130.682125, Logical clock: 448
2025-03-05 14:32:10.f - INTERNAL EVENT - System time: 1741203130.958674, Logical clock: 449
2025-03-05 14:32:11.f - SEND to 5002 - System time: 1741203131.232624, Logical clock: 450
2025-03-05 14:32:11.f - INTERNAL EVENT - System time: 1741203131.504445, Logical clock: 451
2025-03-05 14:32:11.f - INTERNAL EVENT - System time: 1741203131.774999, Logical clock: 452
2025-03-05 14:32:11.f - RECEIVE from 58403 - System time: 1741203131.946912, Queue length: 0, Logical clock: 453
2025-03-05 14:32:12.f - SEND to 5002 - System time: 1741203132.220478, Logical clock: 454
2025-03-05 14:32:12.f - SEND to 5002 - System time: 1741203132.490554, Logical clock: 455
2025-03-05 14:32:12.f - INTERNAL EVENT - System time: 1741203132.763420, Logical clock: 456
2025-03-05 14:32:13.f - INTERNAL EVENT - System time: 1741203133.034310, Logical clock: 457
2025-03-05 14:32:13.f - INTERNAL EVENT - System time: 1741203133.307267, Logical clock: 458
2025-03-05 14:32:13.f - SEND to 5001 - System time: 1741203133.580659, Logical clock: 459
2025-03-05 14:32:13.f - SEND to 5002 - System time: 1741203133.581181, Logical clock: 460
2025-03-05 14:32:13.f - INTERNAL EVENT - System time: 1741203133.852755, Logical clock: 461
2025-03-05 14:32:14.f - INTERNAL EVENT - System time: 1741203134.124265, Logical clock: 462
2025-03-05 14:32:14.f - INTERNAL EVENT - System time: 1741203134.396335, Logical clock: 463
2025-03-05 14:32:14.f - INTERNAL EVENT - System time: 1741203134.669289, Logical clock: 464
2025-03-05 14:32:14.f - INTERNAL EVENT - System time: 1741203134.943678, Logical clock: 465
2025-03-05 14:32:15.f - INTERNAL EVENT - System time: 1741203135.219879, Logical clock: 466
2025-03-05 14:32:15.f - INTERNAL EVENT - System time: 1741203135.491913, Logical clock: 467
2025-03-05 14:32:15.f - INTERNAL EVENT - System time: 1741203135.765004, Logical clock: 468
2025-03-05 14:32:16.f - SEND to 5002 - System time: 1741203136.038230, Logical clock: 469
2025-03-05 14:32:16.f - RECEIVE from 58403 - System time: 1741203136.209271, Queue length: 0, Logical clock: 470
2025-03-05 14:32:16.f - INTERNAL EVENT - System time: 1741203136.478120, Logical clock: 471
2025-03-05 14:32:16.f - INTERNAL EVENT - System time: 1741203136.750093, Logical clock: 472
2025-03-05 14:32:17.f - SEND to 5002 - System time: 1741203137.023829, Logical clock: 473
2025-03-05 14:32:17.f - RECEIVE from 58403 - System time: 1741203137.197037, Queue length: 0, Logical clock: 474
2025-03-05 14:32:17.f - INTERNAL EVENT - System time: 1741203137.465584, Logical clock: 475
2025-03-05 14:32:17.f - SEND to 5001 - System time: 1741203137.738146, Logical clock: 476
2025-03-05 14:32:17.f - SEND to 5002 - System time: 1741203137.738735, Logical clock: 477
2025-03-05 14:32:18.f - INTERNAL EVENT - System time: 1741203138.012002, Logical clock: 478
2025-03-05 14:32:18.f - RECEIVE from 58403 - System time: 1741203138.182710, Queue length: 0, Logical clock: 479
2025-03-05 14:32:18.f - INTERNAL EVENT - System time: 1741203138.456619, Logical clock: 480
2025-03-05 14:32:18.f - INTERNAL EVENT - System time: 1741203138.732470, Logical clock: 481
2025-03-05 14:32:19.f - INTERNAL EVENT - System time: 1741203139.002766, Logical clock: 482
2025-03-05 14:32:19.f - SEND to 5001 - System time: 1741203139.274152, Logical clock: 483
2025-03-05 14:32:19.f - SEND to 5002 - System time: 1741203139.274780, Logical clock: 484
2025-03-05 14:32:19.f - SEND to 5001 - System time: 1741203139.548190, Logical clock: 485
2025-03-05 14:32:19.f - INTERNAL EVENT - System time: 1741203139.820984, Logical clock: 486
2025-03-05 14:32:20.f - INTERNAL EVENT - System time: 1741203140.089521, Logical clock: 487
2025-03-05 14:32:20.f - INTERNAL EVENT - System time: 1741203140.364277, Logical clock: 488
2025-03-05 14:32:20.f - INTERNAL EVENT - System time: 1741203140.634871, Logical clock: 489
2025-03-05 14:32:20.f - INTERNAL EVENT - System time: 1741203140.907918, Logical clock: 490
2025-03-05 14:32:21.f - SEND to 5001 - System time: 1741203141.179653, Logical clock: 491
2025-03-05 14:32:21.f - SEND to 5002 - System time: 1741203141.180056, Logical clock: 492
2025-03-05 14:32:21.f - INTERNAL EVENT - System time: 1741203141.460503, Logical clock: 493
2025-03-05 14:32:21.f - INTERNAL EVENT - System time: 1741203141.733237, Logical clock: 494
2025-03-05 14:32:22.f - SEND to 5001 - System time: 1741203142.007292, Logical clock: 495
2025-03-05 14:32:22.f - SEND to 5002 - System time: 1741203142.007950, Logical clock: 496
2025-03-05 14:32:22.f - INTERNAL EVENT - System time: 1741203142.279533, Logical clock: 497
2025-03-05 14:32:22.f - INTERNAL EVENT - System time: 1741203142.552067, Logical clock: 498
2025-03-05 14:32:22.f - INTERNAL EVENT - System time: 1741203142.822804, Logical clock: 499
2025-03-05 14:32:23.f - RECEIVE from 58403 - System time: 1741203143.072408, Queue length: 0, Logical clock: 500
2025-03-05 14:32:23.f - SEND to 5001 - System time: 1741203143.342631, Logical clock: 501
2025-03-05 14:32:23.f - SEND to 5002 - System time: 1741203143.343445, Logical clock: 502
2025-03-05 14:32:23.f - INTERNAL EVENT - System time: 1741203143.614025, Logical clock: 503
2025-03-05 14:32:23.f - Machine 0 shutdown
