2025-03-05 14:30:23.f - Starting machine 1 with clock rate 4 ticks/second
2025-03-05 14:30:23.f - Internal event range: (4, 10)
2025-03-05 14:30:23.f - SEND to 5000 - System time: 1741203023.685343, Logical clock: 1
2025-03-05 14:30:24.f - SEND to 5002 - System time: 1741203024.037423, Logical clock: 2
2025-03-05 14:30:24.f - INTERNAL EVENT - System time: 1741203024.393757, Logical clock: 3
2025-03-05 14:30:24.f - INTERNAL EVENT - System time: 1741203024.749382, Logical clock: 4
2025-03-05 14:30:25.f - INTERNAL EVENT - System time: 1741203025.104759, Logical clock: 5
2025-03-05 14:30:25.f - SEND to 5002 - System time: 1741203025.459228, Logical clock: 6
2025-03-05 14:30:25.f - INTERNAL EVENT - System time: 1741203025.815319, Logical clock: 7
2025-03-05 14:30:26.f - RECEIVE from 57130 - System time: 1741203026.069944, Queue length: 0, Logical clock: 10
2025-03-05 14:30:26.f - SEND to 5002 - System time: 1741203026.426556, Logical clock: 11
2025-03-05 14:30:26.f - INTERNAL EVENT - System time: 1741203026.782678, Logical clock: 12
2025-03-05 14:30:27.f - RECEIVE from 57130 - System time: 1741203027.136650, Queue length: 0, Logical clock: 15
2025-03-05 14:30:27.f - INTERNAL EVENT - System time: 1741203027.492987, Logical clock: 16
2025-03-05 14:30:27.f - INTERNAL EVENT - System time: 1741203027.848365, Logical clock: 17
2025-03-05 14:30:28.f - INTERNAL EVENT - System time: 1741203028.200897, Logical clock: 18
2025-03-05 14:30:28.f - INTERNAL EVENT - System time: 1741203028.552938, Logical clock: 19
2025-03-05 14:30:28.f - INTERNAL EVENT - System time: 1741203028.909311, Logical clock: 20
2025-03-05 14:30:29.f - SEND to 5000 - System time: 1741203029.263557, Logical clock: 21
2025-03-05 14:30:29.f - SEND to 5002 - System time: 1741203029.263889, Logical clock: 22
2025-03-05 14:30:29.f - INTERNAL EVENT - System time: 1741203029.620091, Logical clock: 23
2025-03-05 14:30:29.f - RECEIVE from 57130 - System time: 1741203029.873681, Queue length: 0, Logical clock: 25
2025-03-05 14:30:30.f - SEND to 5000 - System time: 1741203030.229674, Logical clock: 26
2025-03-05 14:30:30.f - RECEIVE from 57130 - System time: 1741203030.525712, Queue length: 0, Logical clock: 28
2025-03-05 14:30:30.f - RECEIVE from 57130 - System time: 1741203030.799032, Queue length: 0, Logical clock: 30
2025-03-05 14:30:31.f - INTERNAL EVENT - System time: 1741203031.154913, Logical clock: 31
2025-03-05 14:30:31.f - SEND to 5000 - System time: 1741203031.511692, Logical clock: 32
2025-03-05 14:30:31.f - SEND to 5002 - System time: 1741203031.512429, Logical clock: 33
2025-03-05 14:30:31.f - INTERNAL EVENT - System time: 1741203031.868844, Logical clock: 34
2025-03-05 14:30:32.f - RECEIVE from 57130 - System time: 1741203032.120627, Queue length: 0, Logical clock: 35
2025-03-05 14:30:32.f - SEND to 5000 - System time: 1741203032.477332, Logical clock: 36
2025-03-05 14:30:32.f - SEND to 5002 - System time: 1741203032.477970, Logical clock: 37
2025-03-05 14:30:32.f - SEND to 5002 - System time: 1741203032.834703, Logical clock: 38
2025-03-05 14:30:33.f - INTERNAL EVENT - System time: 1741203033.191187, Logical clock: 39
2025-03-05 14:30:33.f - RECEIVE from 57130 - System time: 1741203033.446529, Queue length: 0, Logical clock: 41
2025-03-05 14:30:33.f - RECEIVE from 57130 - System time: 1741203033.701914, Queue length: 0, Logical clock: 43
2025-03-05 14:30:33.f - RECEIVE from 57130 - System time: 1741203033.957210, Queue length: 0, Logical clock: 45
2025-03-05 14:30:34.f - INTERNAL EVENT - System time: 1741203034.311381, Logical clock: 46
2025-03-05 14:30:34.f - INTERNAL EVENT - System time: 1741203034.666432, Logical clock: 47
2025-03-05 14:30:35.f - INTERNAL EVENT - System time: 1741203035.021483, Logical clock: 48
2025-03-05 14:30:35.f - SEND to 5000 - System time: 1741203035.377546, Logical clock: 49
2025-03-05 14:30:35.f - INTERNAL EVENT - System time: 1741203035.734701, Logical clock: 50
2025-03-05 14:30:35.f - RECEIVE from 57130 - System time: 1741203035.987580, Queue length: 0, Logical clock: 53
2025-03-05 14:30:36.f - INTERNAL EVENT - System time: 1741203036.343940, Logical clock: 54
2025-03-05 14:30:36.f - SEND to 5000 - System time: 1741203036.697368, Logical clock: 55
2025-03-05 14:30:37.f - INTERNAL EVENT - System time: 1741203037.052646, Logical clock: 56
2025-03-05 14:30:37.f - INTERNAL EVENT - System time: 1741203037.409462, Logical clock: 57
2025-03-05 14:30:37.f - RECEIVE from 57130 - System time: 1741203037.660529, Queue length: 0, Logical clock: 59
2025-03-05 14:30:37.f - RECEIVE from 57130 - System time: 1741203037.915775, Queue length: 0, Logical clock: 60
2025-03-05 14:30:38.f - RECEIVE from 57130 - System time: 1741203038.166989, Queue length: 0, Logical clock: 61
2025-03-05 14:30:38.f - INTERNAL EVENT - System time: 1741203038.518662, Logical clock: 62
2025-03-05 14:30:38.f - INTERNAL EVENT - System time: 1741203038.873967, Logical clock: 63
2025-03-05 14:30:39.f - RECEIVE from 57130 - System time: 1741203039.127432, Queue length: 0, Logical clock: 65
2025-03-05 14:30:39.f - INTERNAL EVENT - System time: 1741203039.483192, Logical clock: 66
2025-03-05 14:30:39.f - RECEIVE from 57130 - System time: 1741203039.738566, Queue length: 0, Logical clock: 69
2025-03-05 14:30:39.f - RECEIVE from 57130 - System time: 1741203039.990404, Queue length: 0, Logical clock: 71
2025-03-05 14:30:40.f - RECEIVE from 57130 - System time: 1741203040.248201, Queue length: 0, Logical clock: 73
2025-03-05 14:30:40.f - INTERNAL EVENT - System time: 1741203040.599882, Logical clock: 74
2025-03-05 14:30:40.f - SEND to 5002 - System time: 1741203040.956221, Logical clock: 75
2025-03-05 14:30:41.f - INTERNAL EVENT - System time: 1741203041.317342, Logical clock: 76
2025-03-05 14:30:41.f - INTERNAL EVENT - System time: 1741203041.676446, Logical clock: 77
2025-03-05 14:30:42.f - INTERNAL EVENT - System time: 1741203042.034217, Logical clock: 78
2025-03-05 14:30:42.f - INTERNAL EVENT - System time: 1741203042.386331, Logical clock: 79
2025-03-05 14:30:42.f - RECEIVE from 57130 - System time: 1741203042.692410, Queue length: 0, Logical clock: 82
2025-03-05 14:30:43.f - SEND to 5000 - System time: 1741203043.047428, Logical clock: 83
2025-03-05 14:30:43.f - SEND to 5002 - System time: 1741203043.047863, Logical clock: 84
2025-03-05 14:30:43.f - INTERNAL EVENT - System time: 1741203043.403463, Logical clock: 85
2025-03-05 14:30:43.f - RECEIVE from 57130 - System time: 1741203043.655294, Queue length: 0, Logical clock: 86
2025-03-05 14:30:43.f - RECEIVE from 57130 - System time: 1741203043.910602, Queue length: 0, Logical clock: 87
2025-03-05 14:30:44.f - RECEIVE from 57130 - System time: 1741203044.166560, Queue length: 0, Logical clock: 88
2025-03-05 14:30:44.f - INTERNAL EVENT - System time: 1741203044.521440, Logical clock: 89
2025-03-05 14:30:44.f - INTERNAL EVENT - System time: 1741203044.874998, Logical clock: 90
2025-03-05 14:30:45.f - INTERNAL EVENT - System time: 1741203045.232948, Logical clock: 91
2025-03-05 14:30:45.f - RECEIVE from 57130 - System time: 1741203045.493594, Queue length: 0, Logical clock: 93
2025-03-05 14:30:45.f - SEND to 5000 - System time: 1741203045.846676, Logical clock: 94
2025-03-05 14:30:46.f - SEND to 5000 - System time: 1741203046.204472, Logical clock: 95
2025-03-05 14:30:46.f - SEND to 5002 - System time: 1741203046.205443, Logical clock: 96
2025-03-05 14:30:46.f - INTERNAL EVENT - System time: 1741203046.560812, Logical clock: 97
2025-03-05 14:30:46.f - RECEIVE from 57130 - System time: 1741203046.815656, Queue length: 0, Logical clock: 99
2025-03-05 14:30:47.f - RECEIVE from 57130 - System time: 1741203047.110446, Queue length: 0, Logical clock: 102
2025-03-05 14:30:47.f - RECEIVE from 57130 - System time: 1741203047.384670, Queue length: 0, Logical clock: 104
2025-03-05 14:30:47.f - SEND to 5002 - System time: 1741203047.739491, Logical clock: 105
2025-03-05 14:30:47.f - RECEIVE from 57130 - System time: 1741203047.994411, Queue length: 0, Logical clock: 107
2025-03-05 14:30:48.f - INTERNAL EVENT - System time: 1741203048.349872, Logical clock: 108
2025-03-05 14:30:48.f - INTERNAL EVENT - System time: 1741203048.706386, Logical clock: 109
2025-03-05 14:30:49.f - SEND to 5000 - System time: 1741203049.061766, Logical clock: 110
2025-03-05 14:30:49.f - SEND to 5002 - System time: 1741203049.062495, Logical clock: 111
2025-03-05 14:30:49.f - SEND to 5000 - System time: 1741203049.419901, Logical clock: 112
2025-03-05 14:30:49.f - INTERNAL EVENT - System time: 1741203049.776069, Logical clock: 113
2025-03-05 14:30:50.f - RECEIVE from 57130 - System time: 1741203050.030934, Queue length: 0, Logical clock: 116
2025-03-05 14:30:50.f - INTERNAL EVENT - System time: 1741203050.387162, Logical clock: 117
2025-03-05 14:30:50.f - RECEIVE from 57130 - System time: 1741203050.641871, Queue length: 0, Logical clock: 118
2025-03-05 14:30:50.f - INTERNAL EVENT - System time: 1741203050.998137, Logical clock: 119
2025-03-05 14:30:51.f - INTERNAL EVENT - System time: 1741203051.354623, Logical clock: 120
2025-03-05 14:30:51.f - INTERNAL EVENT - System time: 1741203051.709708, Logical clock: 121
2025-03-05 14:30:52.f - INTERNAL EVENT - System time: 1741203052.065178, Logical clock: 122
2025-03-05 14:30:52.f - INTERNAL EVENT - System time: 1741203052.421547, Logical clock: 123
2025-03-05 14:30:52.f - INTERNAL EVENT - System time: 1741203052.778124, Logical clock: 124
2025-03-05 14:30:53.f - INTERNAL EVENT - System time: 1741203053.134773, Logical clock: 125
2025-03-05 14:30:53.f - RECEIVE from 57130 - System time: 1741203053.387173, Queue length: 0, Logical clock: 128
2025-03-05 14:30:53.f - INTERNAL EVENT - System time: 1741203053.741425, Logical clock: 129
2025-03-05 14:30:54.f - INTERNAL EVENT - System time: 1741203054.094876, Logical clock: 130
2025-03-05 14:30:54.f - INTERNAL EVENT - System time: 1741203054.451487, Logical clock: 131
2025-03-05 14:30:54.f - INTERNAL EVENT - System time: 1741203054.806293, Logical clock: 132
2025-03-05 14:30:55.f - INTERNAL EVENT - System time: 1741203055.167061, Logical clock: 133
2025-03-05 14:30:55.f - SEND to 5000 - System time: 1741203055.521870, Logical clock: 134
2025-03-05 14:30:55.f - SEND to 5002 - System time: 1741203055.879431, Logical clock: 135
2025-03-05 14:30:56.f - INTERNAL EVENT - System time: 1741203056.232640, Logical clock: 136
2025-03-05 14:30:56.f - INTERNAL EVENT - System time: 1741203056.588891, Logical clock: 137
2025-03-05 14:30:56.f - SEND to 5000 - System time: 1741203056.944354, Logical clock: 138
2025-03-05 14:30:56.f - SEND to 5002 - System time: 1741203056.944833, Logical clock: 139
2025-03-05 14:30:57.f - SEND to 5002 - System time: 1741203057.302003, Logical clock: 140
2025-03-05 14:30:57.f - INTERNAL EVENT - System time: 1741203057.658271, Logical clock: 141
2025-03-05 14:30:58.f - INTERNAL EVENT - System time: 1741203058.014812, Logical clock: 142
2025-03-05 14:30:58.f - INTERNAL EVENT - System time: 1741203058.370687, Logical clock: 143
2025-03-05 14:30:58.f - INTERNAL EVENT - System time: 1741203058.725923, Logical clock: 144
2025-03-05 14:30:59.f - SEND to 5002 - System time: 1741203059.080545, Logical clock: 145
2025-03-05 14:30:59.f - RECEIVE from 57130 - System time: 1741203059.333976, Queue length: 0, Logical clock: 151
2025-03-05 14:30:59.f - INTERNAL EVENT - System time: 1741203059.688997, Logical clock: 152
2025-03-05 14:31:00.f - INTERNAL EVENT - System time: 1741203060.044561, Logical clock: 153
2025-03-05 14:31:00.f - INTERNAL EVENT - System time: 1741203060.399898, Logical clock: 154
2025-03-05 14:31:00.f - INTERNAL EVENT - System time: 1741203060.756631, Logical clock: 155
2025-03-05 14:31:01.f - INTERNAL EVENT - System time: 1741203061.111912, Logical clock: 156
2025-03-05 14:31:01.f - INTERNAL EVENT - System time: 1741203061.466714, Logical clock: 157
2025-03-05 14:31:01.f - INTERNAL EVENT - System time: 1741203061.818876, Logical clock: 158
2025-03-05 14:31:02.f - INTERNAL EVENT - System time: 1741203062.173534, Logical clock: 159
2025-03-05 14:31:02.f - INTERNAL EVENT - System time: 1741203062.528560, Logical clock: 160
2025-03-05 14:31:02.f - SEND to 5000 - System time: 1741203062.886916, Logical clock: 161
2025-03-05 14:31:03.f - SEND to 5002 - System time: 1741203063.242496, Logical clock: 162
2025-03-05 14:31:03.f - INTERNAL EVENT - System time: 1741203063.598400, Logical clock: 163
2025-03-05 14:31:03.f - INTERNAL EVENT - System time: 1741203063.958972, Logical clock: 164
2025-03-05 14:31:04.f - SEND to 5002 - System time: 1741203064.316318, Logical clock: 165
2025-03-05 14:31:04.f - INTERNAL EVENT - System time: 1741203064.672704, Logical clock: 166
2025-03-05 14:31:04.f - RECEIVE from 57130 - System time: 1741203064.928301, Queue length: 0, Logical clock: 173
2025-03-05 14:31:05.f - RECEIVE from 57130 - System time: 1741203065.180661, Queue length: 0, Logical clock: 175
2025-03-05 14:31:05.f - INTERNAL EVENT - System time: 1741203065.537005, Logical clock: 176
2025-03-05 14:31:05.f - SEND to 5000 - System time: 1741203065.892908, Logical clock: 177
2025-03-05 14:31:06.f - INTERNAL EVENT - System time: 1741203066.248826, Logical clock: 178
2025-03-05 14:31:06.f - INTERNAL EVENT - System time: 1741203066.600813, Logical clock: 179
2025-03-05 14:31:06.f - SEND to 5002 - System time: 1741203066.954466, Logical clock: 180
2025-03-05 14:31:07.f - SEND to 5000 - System time: 1741203067.311236, Logical clock: 181
2025-03-05 14:31:07.f - SEND to 5000 - System time: 1741203067.667908, Logical clock: 182
2025-03-05 14:31:07.f - RECEIVE from 57130 - System time: 1741203067.943659, Queue length: 0, Logical clock: 186
2025-03-05 14:31:08.f - INTERNAL EVENT - System time: 1741203068.300123, Logical clock: 187
2025-03-05 14:31:08.f - RECEIVE from 57130 - System time: 1741203068.553873, Queue length: 0, Logical clock: 189
2025-03-05 14:31:08.f - SEND to 5002 - System time: 1741203068.910453, Logical clock: 190
2025-03-05 14:31:09.f - RECEIVE from 57130 - System time: 1741203069.163139, Queue length: 0, Logical clock: 192
2025-03-05 14:31:09.f - INTERNAL EVENT - System time: 1741203069.517692, Logical clock: 193
2025-03-05 14:31:09.f - INTERNAL EVENT - System time: 1741203069.873912, Logical clock: 194
2025-03-05 14:31:10.f - RECEIVE from 57130 - System time: 1741203070.127224, Queue length: 0, Logical clock: 196
2025-03-05 14:31:10.f - INTERNAL EVENT - System time: 1741203070.483287, Logical clock: 197
2025-03-05 14:31:10.f - INTERNAL EVENT - System time: 1741203070.840270, Logical clock: 198
2025-03-05 14:31:11.f - SEND to 5002 - System time: 1741203071.194183, Logical clock: 199
2025-03-05 14:31:11.f - INTERNAL EVENT - System time: 1741203071.550813, Logical clock: 200
2025-03-05 14:31:11.f - RECEIVE from 57130 - System time: 1741203071.805686, Queue length: 0, Logical clock: 203
2025-03-05 14:31:12.f - INTERNAL EVENT - System time: 1741203072.160636, Logical clock: 204
2025-03-05 14:31:12.f - INTERNAL EVENT - System time: 1741203072.517330, Logical clock: 205
2025-03-05 14:31:12.f - RECEIVE from 57130 - System time: 1741203072.770337, Queue length: 0, Logical clock: 206
2025-03-05 14:31:13.f - INTERNAL EVENT - System time: 1741203073.126754, Logical clock: 207
2025-03-05 14:31:13.f - RECEIVE from 57130 - System time: 1741203073.378855, Queue length: 0, Logical clock: 210
2025-03-05 14:31:13.f - INTERNAL EVENT - System time: 1741203073.733371, Logical clock: 211
2025-03-05 14:31:14.f - SEND to 5000 - System time: 1741203074.089527, Logical clock: 212
2025-03-05 14:31:14.f - INTERNAL EVENT - System time: 1741203074.445006, Logical clock: 213
2025-03-05 14:31:14.f - SEND to 5000 - System time: 1741203074.797113, Logical clock: 214
2025-03-05 14:31:14.f - SEND to 5002 - System time: 1741203074.797840, Logical clock: 215
2025-03-05 14:31:15.f - INTERNAL EVENT - System time: 1741203075.154080, Logical clock: 216
2025-03-05 14:31:15.f - INTERNAL EVENT - System time: 1741203075.510263, Logical clock: 217
2025-03-05 14:31:15.f - INTERNAL EVENT - System time: 1741203075.862546, Logical clock: 218
2025-03-05 14:31:16.f - INTERNAL EVENT - System time: 1741203076.215308, Logical clock: 219
2025-03-05 14:31:16.f - SEND to 5000 - System time: 1741203076.572467, Logical clock: 220
2025-03-05 14:31:16.f - SEND to 5002 - System time: 1741203076.573062, Logical clock: 221
2025-03-05 14:31:16.f - INTERNAL EVENT - System time: 1741203076.927999, Logical clock: 222
2025-03-05 14:31:17.f - SEND to 5000 - System time: 1741203077.284376, Logical clock: 223
2025-03-05 14:31:17.f - RECEIVE from 57130 - System time: 1741203077.601919, Queue length: 0, Logical clock: 228
2025-03-05 14:31:17.f - SEND to 5000 - System time: 1741203077.954906, Logical clock: 229
2025-03-05 14:31:18.f - SEND to 5002 - System time: 1741203078.315442, Logical clock: 230
2025-03-05 14:31:18.f - INTERNAL EVENT - System time: 1741203078.668819, Logical clock: 231
2025-03-05 14:31:19.f - SEND to 5000 - System time: 1741203079.025786, Logical clock: 232
2025-03-05 14:31:19.f - INTERNAL EVENT - System time: 1741203079.380819, Logical clock: 233
2025-03-05 14:31:19.f - INTERNAL EVENT - System time: 1741203079.733321, Logical clock: 234
2025-03-05 14:31:20.f - INTERNAL EVENT - System time: 1741203080.087355, Logical clock: 235
2025-03-05 14:31:20.f - INTERNAL EVENT - System time: 1741203080.444069, Logical clock: 236
2025-03-05 14:31:20.f - RECEIVE from 57130 - System time: 1741203080.698985, Queue length: 0, Logical clock: 240
2025-03-05 14:31:21.f - INTERNAL EVENT - System time: 1741203081.055582, Logical clock: 241
2025-03-05 14:31:21.f - INTERNAL EVENT - System time: 1741203081.409687, Logical clock: 242
2025-03-05 14:31:21.f - INTERNAL EVENT - System time: 1741203081.765944, Logical clock: 243
2025-03-05 14:31:22.f - INTERNAL EVENT - System time: 1741203082.125882, Logical clock: 244
2025-03-05 14:31:22.f - INTERNAL EVENT - System time: 1741203082.480074, Logical clock: 245
2025-03-05 14:31:22.f - INTERNAL EVENT - System time: 1741203082.836312, Logical clock: 246
2025-03-05 14:31:23.f - RECEIVE from 57130 - System time: 1741203083.086857, Queue length: 0, Logical clock: 248
2025-03-05 14:31:23.f - SEND to 5000 - System time: 1741203083.444780, Logical clock: 249
2025-03-05 14:31:23.f - SEND to 5002 - System time: 1741203083.445262, Logical clock: 250
2025-03-05 14:31:23.f - SEND to 5000 - System time: 1741203083.802610, Logical clock: 251
2025-03-05 14:31:24.f - INTERNAL EVENT - System time: 1741203084.158910, Logical clock: 252
2025-03-05 14:31:24.f - SEND to 5002 - System time: 1741203084.522282, Logical clock: 253
2025-03-05 14:31:24.f - INTERNAL EVENT - System time: 1741203084.876574, Logical clock: 254
2025-03-05 14:31:25.f - SEND to 5000 - System time: 1741203085.233298, Logical clock: 255
2025-03-05 14:31:25.f - SEND to 5000 - System time: 1741203085.589354, Logical clock: 256
2025-03-05 14:31:25.f - SEND to 5002 - System time: 1741203085.589700, Logical clock: 257
2025-03-05 14:31:25.f - INTERNAL EVENT - System time: 1741203085.945544, Logical clock: 258
2025-03-05 14:31:26.f - INTERNAL EVENT - System time: 1741203086.302072, Logical clock: 259
2025-03-05 14:31:26.f - SEND to 5000 - System time: 1741203086.656201, Logical clock: 260
2025-03-05 14:31:27.f - INTERNAL EVENT - System time: 1741203087.012537, Logical clock: 261
2025-03-05 14:31:27.f - RECEIVE from 57130 - System time: 1741203087.267774, Queue length: 0, Logical clock: 265
2025-03-05 14:31:27.f - INTERNAL EVENT - System time: 1741203087.625261, Logical clock: 266
2025-03-05 14:31:27.f - INTERNAL EVENT - System time: 1741203087.980087, Logical clock: 267
2025-03-05 14:31:28.f - RECEIVE from 57130 - System time: 1741203088.233440, Queue length: 0, Logical clock: 268
2025-03-05 14:31:28.f - INTERNAL EVENT - System time: 1741203088.585196, Logical clock: 269
2025-03-05 14:31:28.f - INTERNAL EVENT - System time: 1741203088.939776, Logical clock: 270
2025-03-05 14:31:29.f - SEND to 5000 - System time: 1741203089.294662, Logical clock: 271
2025-03-05 14:31:29.f - INTERNAL EVENT - System time: 1741203089.651055, Logical clock: 272
2025-03-05 14:31:29.f - RECEIVE from 57130 - System time: 1741203089.903628, Queue length: 0, Logical clock: 276
2025-03-05 14:31:30.f - RECEIVE from 57130 - System time: 1741203090.157327, Queue length: 0, Logical clock: 278
2025-03-05 14:31:30.f - INTERNAL EVENT - System time: 1741203090.514668, Logical clock: 279
2025-03-05 14:31:30.f - RECEIVE from 57130 - System time: 1741203090.769722, Queue length: 0, Logical clock: 280
2025-03-05 14:31:31.f - RECEIVE from 57130 - System time: 1741203091.021693, Queue length: 0, Logical clock: 282
2025-03-05 14:31:31.f - SEND to 5002 - System time: 1741203091.379001, Logical clock: 283
2025-03-05 14:31:31.f - RECEIVE from 57130 - System time: 1741203091.633021, Queue length: 0, Logical clock: 285
2025-03-05 14:31:31.f - INTERNAL EVENT - System time: 1741203091.985845, Logical clock: 286
2025-03-05 14:31:32.f - SEND to 5000 - System time: 1741203092.338833, Logical clock: 287
2025-03-05 14:31:32.f - SEND to 5002 - System time: 1741203092.339451, Logical clock: 288
2025-03-05 14:31:32.f - SEND to 5000 - System time: 1741203092.693921, Logical clock: 289
2025-03-05 14:31:33.f - INTERNAL EVENT - System time: 1741203093.049879, Logical clock: 290
2025-03-05 14:31:33.f - INTERNAL EVENT - System time: 1741203093.405216, Logical clock: 291
2025-03-05 14:31:33.f - INTERNAL EVENT - System time: 1741203093.760514, Logical clock: 292
2025-03-05 14:31:34.f - INTERNAL EVENT - System time: 1741203094.116603, Logical clock: 293
2025-03-05 14:31:34.f - SEND to 5002 - System time: 1741203094.472190, Logical clock: 294
2025-03-05 14:31:34.f - SEND to 5000 - System time: 1741203094.825928, Logical clock: 295
2025-03-05 14:31:34.f - SEND to 5002 - System time: 1741203094.828589, Logical clock: 296
2025-03-05 14:31:35.f - INTERNAL EVENT - System time: 1741203095.182563, Logical clock: 297
2025-03-05 14:31:35.f - INTERNAL EVENT - System time: 1741203095.542756, Logical clock: 298
2025-03-05 14:31:35.f - INTERNAL EVENT - System time: 1741203095.897755, Logical clock: 299
2025-03-05 14:31:36.f - INTERNAL EVENT - System time: 1741203096.253273, Logical clock: 300
2025-03-05 14:31:36.f - SEND to 5002 - System time: 1741203096.610236, Logical clock: 301
2025-03-05 14:31:36.f - SEND to 5000 - System time: 1741203096.969338, Logical clock: 302
2025-03-05 14:31:36.f - SEND to 5002 - System time: 1741203096.970399, Logical clock: 303
2025-03-05 14:31:37.f - RECEIVE from 57130 - System time: 1741203097.242822, Queue length: 0, Logical clock: 307
2025-03-05 14:31:37.f - RECEIVE from 57130 - System time: 1741203097.516450, Queue length: 0, Logical clock: 309
2025-03-05 14:31:37.f - INTERNAL EVENT - System time: 1741203097.869731, Logical clock: 310
2025-03-05 14:31:38.f - INTERNAL EVENT - System time: 1741203098.225969, Logical clock: 311
2025-03-05 14:31:38.f - INTERNAL EVENT - System time: 1741203098.583002, Logical clock: 312
2025-03-05 14:31:38.f - INTERNAL EVENT - System time: 1741203098.941201, Logical clock: 313
2025-03-05 14:31:39.f - RECEIVE from 57130 - System time: 1741203099.200519, Queue length: 0, Logical clock: 315
2025-03-05 14:31:39.f - INTERNAL EVENT - System time: 1741203099.554144, Logical clock: 316
2025-03-05 14:31:39.f - RECEIVE from 57130 - System time: 1741203099.809669, Queue length: 0, Logical clock: 317
2025-03-05 14:31:40.f - SEND to 5000 - System time: 1741203100.163790, Logical clock: 318
2025-03-05 14:31:40.f - RECEIVE from 57130 - System time: 1741203100.435460, Queue length: 0, Logical clock: 321
2025-03-05 14:31:40.f - SEND to 5002 - System time: 1741203100.792395, Logical clock: 322
2025-03-05 14:31:41.f - INTERNAL EVENT - System time: 1741203101.148184, Logical clock: 323
2025-03-05 14:31:41.f - SEND to 5000 - System time: 1741203101.503575, Logical clock: 324
2025-03-05 14:31:41.f - SEND to 5002 - System time: 1741203101.503974, Logical clock: 325
2025-03-05 14:31:41.f - INTERNAL EVENT - System time: 1741203101.860137, Logical clock: 326
2025-03-05 14:31:42.f - RECEIVE from 57130 - System time: 1741203102.113220, Queue length: 0, Logical clock: 328
2025-03-05 14:31:42.f - RECEIVE from 57130 - System time: 1741203102.368559, Queue length: 0, Logical clock: 330
2025-03-05 14:31:42.f - INTERNAL EVENT - System time: 1741203102.724464, Logical clock: 331
2025-03-05 14:31:42.f - RECEIVE from 57130 - System time: 1741203102.978372, Queue length: 0, Logical clock: 332
2025-03-05 14:31:43.f - SEND to 5000 - System time: 1741203103.332855, Logical clock: 333
2025-03-05 14:31:43.f - SEND to 5002 - System time: 1741203103.337283, Logical clock: 334
2025-03-05 14:31:43.f - INTERNAL EVENT - System time: 1741203103.693623, Logical clock: 335
2025-03-05 14:31:44.f - SEND to 5002 - System time: 1741203104.050287, Logical clock: 336
2025-03-05 14:31:44.f - INTERNAL EVENT - System time: 1741203104.403634, Logical clock: 337
2025-03-05 14:31:44.f - SEND to 5000 - System time: 1741203104.760478, Logical clock: 338
2025-03-05 14:31:45.f - SEND to 5002 - System time: 1741203105.117053, Logical clock: 339
2025-03-05 14:31:45.f - RECEIVE from 57130 - System time: 1741203105.408052, Queue length: 0, Logical clock: 343
2025-03-05 14:31:45.f - INTERNAL EVENT - System time: 1741203105.764280, Logical clock: 344
2025-03-05 14:31:46.f - RECEIVE from 57130 - System time: 1741203106.016474, Queue length: 0, Logical clock: 346
2025-03-05 14:31:46.f - INTERNAL EVENT - System time: 1741203106.367797, Logical clock: 347
2025-03-05 14:31:46.f - INTERNAL EVENT - System time: 1741203106.724540, Logical clock: 348
2025-03-05 14:31:47.f - INTERNAL EVENT - System time: 1741203107.081304, Logical clock: 349
2025-03-05 14:31:47.f - INTERNAL EVENT - System time: 1741203107.436983, Logical clock: 350
2025-03-05 14:31:47.f - SEND to 5000 - System time: 1741203107.792015, Logical clock: 351
2025-03-05 14:31:47.f - SEND to 5002 - System time: 1741203107.792337, Logical clock: 352
2025-03-05 14:31:48.f - INTERNAL EVENT - System time: 1741203108.148614, Logical clock: 353
2025-03-05 14:31:48.f - INTERNAL EVENT - System time: 1741203108.502314, Logical clock: 354
2025-03-05 14:31:48.f - INTERNAL EVENT - System time: 1741203108.855106, Logical clock: 355
2025-03-05 14:31:49.f - INTERNAL EVENT - System time: 1741203109.211559, Logical clock: 356
2025-03-05 14:31:49.f - INTERNAL EVENT - System time: 1741203109.565351, Logical clock: 357
2025-03-05 14:31:49.f - INTERNAL EVENT - System time: 1741203109.917514, Logical clock: 358
2025-03-05 14:31:50.f - RECEIVE from 57130 - System time: 1741203110.172747, Queue length: 0, Logical clock: 361
2025-03-05 14:31:50.f - INTERNAL EVENT - System time: 1741203110.525015, Logical clock: 362
2025-03-05 14:31:50.f - INTERNAL EVENT - System time: 1741203110.881241, Logical clock: 363
2025-03-05 14:31:51.f - RECEIVE from 57130 - System time: 1741203111.135842, Queue length: 0, Logical clock: 365
2025-03-05 14:31:51.f - INTERNAL EVENT - System time: 1741203111.492130, Logical clock: 366
2025-03-05 14:31:51.f - SEND to 5002 - System time: 1741203111.850012, Logical clock: 367
2025-03-05 14:31:52.f - RECEIVE from 57130 - System time: 1741203112.138902, Queue length: 0, Logical clock: 369
2025-03-05 14:31:52.f - RECEIVE from 57130 - System time: 1741203112.413607, Queue length: 0, Logical clock: 371
2025-03-05 14:31:52.f - INTERNAL EVENT - System time: 1741203112.769836, Logical clock: 372
2025-03-05 14:31:53.f - INTERNAL EVENT - System time: 1741203113.126064, Logical clock: 373
2025-03-05 14:31:53.f - RECEIVE from 57130 - System time: 1741203113.379951, Queue length: 0, Logical clock: 375
2025-03-05 14:31:53.f - INTERNAL EVENT - System time: 1741203113.736190, Logical clock: 376
2025-03-05 14:31:54.f - INTERNAL EVENT - System time: 1741203114.092422, Logical clock: 377
2025-03-05 14:31:54.f - INTERNAL EVENT - System time: 1741203114.448757, Logical clock: 378
2025-03-05 14:31:54.f - INTERNAL EVENT - System time: 1741203114.804986, Logical clock: 379
2025-03-05 14:31:55.f - SEND to 5000 - System time: 1741203115.161534, Logical clock: 380
2025-03-05 14:31:55.f - SEND to 5002 - System time: 1741203115.161747, Logical clock: 381
2025-03-05 14:31:55.f - INTERNAL EVENT - System time: 1741203115.517957, Logical clock: 382
2025-03-05 14:31:55.f - INTERNAL EVENT - System time: 1741203115.871882, Logical clock: 383
2025-03-05 14:31:56.f - SEND to 5000 - System time: 1741203116.228660, Logical clock: 384
2025-03-05 14:31:56.f - SEND to 5002 - System time: 1741203116.229022, Logical clock: 385
2025-03-05 14:31:56.f - INTERNAL EVENT - System time: 1741203116.585297, Logical clock: 386
2025-03-05 14:31:56.f - SEND to 5000 - System time: 1741203116.943235, Logical clock: 387
2025-03-05 14:31:57.f - INTERNAL EVENT - System time: 1741203117.299802, Logical clock: 388
2025-03-05 14:31:57.f - INTERNAL EVENT - System time: 1741203117.654091, Logical clock: 389
2025-03-05 14:31:58.f - INTERNAL EVENT - System time: 1741203118.006256, Logical clock: 390
2025-03-05 14:31:58.f - SEND to 5000 - System time: 1741203118.362874, Logical clock: 391
2025-03-05 14:31:58.f - INTERNAL EVENT - System time: 1741203118.718978, Logical clock: 392
2025-03-05 14:31:59.f - INTERNAL EVENT - System time: 1741203119.074492, Logical clock: 393
2025-03-05 14:31:59.f - SEND to 5000 - System time: 1741203119.432474, Logical clock: 394
2025-03-05 14:31:59.f - SEND to 5002 - System time: 1741203119.433467, Logical clock: 395
2025-03-05 14:31:59.f - INTERNAL EVENT - System time: 1741203119.787017, Logical clock: 396
2025-03-05 14:32:00.f - RECEIVE from 57130 - System time: 1741203120.039943, Queue length: 0, Logical clock: 402
2025-03-05 14:32:00.f - SEND to 5000 - System time: 1741203120.396547, Logical clock: 403
2025-03-05 14:32:00.f - SEND to 5002 - System time: 1741203120.396790, Logical clock: 404
2025-03-05 14:32:00.f - INTERNAL EVENT - System time: 1741203120.751267, Logical clock: 405
2025-03-05 14:32:01.f - INTERNAL EVENT - System time: 1741203121.109748, Logical clock: 406
2025-03-05 14:32:01.f - SEND to 5000 - System time: 1741203121.468330, Logical clock: 407
2025-03-05 14:32:01.f - SEND to 5002 - System time: 1741203121.470198, Logical clock: 408
2025-03-05 14:32:01.f - INTERNAL EVENT - System time: 1741203121.826651, Logical clock: 409
2025-03-05 14:32:02.f - INTERNAL EVENT - System time: 1741203122.180724, Logical clock: 410
2025-03-05 14:32:02.f - SEND to 5000 - System time: 1741203122.536882, Logical clock: 411
2025-03-05 14:32:02.f - SEND to 5002 - System time: 1741203122.537293, Logical clock: 412
2025-03-05 14:32:02.f - SEND to 5000 - System time: 1741203122.890344, Logical clock: 413
2025-03-05 14:32:02.f - SEND to 5002 - System time: 1741203122.890800, Logical clock: 414
2025-03-05 14:32:03.f - INTERNAL EVENT - System time: 1741203123.246429, Logical clock: 415
2025-03-05 14:32:03.f - INTERNAL EVENT - System time: 1741203123.601164, Logical clock: 416
2025-03-05 14:32:03.f - INTERNAL EVENT - System time: 1741203123.956581, Logical clock: 417
2025-03-05 14:32:04.f - RECEIVE from 57130 - System time: 1741203124.211497, Queue length: 0, Logical clock: 418
2025-03-05 14:32:04.f - INTERNAL EVENT - System time: 1741203124.567883, Logical clock: 419
2025-03-05 14:32:04.f - SEND to 5002 - System time: 1741203124.923027, Logical clock: 420
2025-03-05 14:32:05.f - INTERNAL EVENT - System time: 1741203125.275874, Logical clock: 421
2025-03-05 14:32:05.f - INTERNAL EVENT - System time: 1741203125.632136, Logical clock: 422
2025-03-05 14:32:05.f - INTERNAL EVENT - System time: 1741203125.984677, Logical clock: 423
2025-03-05 14:32:06.f - SEND to 5000 - System time: 1741203126.342748, Logical clock: 424
2025-03-05 14:32:06.f - SEND to 5000 - System time: 1741203126.694382, Logical clock: 425
2025-03-05 14:32:07.f - SEND to 5000 - System time: 1741203127.047555, Logical clock: 426
2025-03-05 14:32:07.f - INTERNAL EVENT - System time: 1741203127.403757, Logical clock: 427
2025-03-05 14:32:07.f - RECEIVE from 57130 - System time: 1741203127.674792, Queue length: 0, Logical clock: 433
2025-03-05 14:32:08.f - INTERNAL EVENT - System time: 1741203128.030264, Logical clock: 434
2025-03-05 14:32:08.f - RECEIVE from 57130 - System time: 1741203128.280874, Queue length: 0, Logical clock: 436
2025-03-05 14:32:08.f - RECEIVE from 57130 - System time: 1741203128.536122, Queue length: 0, Logical clock: 438
2025-03-05 14:32:08.f - INTERNAL EVENT - System time: 1741203128.892355, Logical clock: 439
2025-03-05 14:32:09.f - SEND to 5002 - System time: 1741203129.250585, Logical clock: 440
2025-03-05 14:32:09.f - RECEIVE from 57130 - System time: 1741203129.505615, Queue length: 0, Logical clock: 442
2025-03-05 14:32:09.f - RECEIVE from 57130 - System time: 1741203129.759640, Queue length: 0, Logical clock: 444
2025-03-05 14:32:10.f - INTERNAL EVENT - System time: 1741203130.116083, Logical clock: 445
2025-03-05 14:32:10.f - SEND to 5002 - System time: 1741203130.473294, Logical clock: 446
2025-03-05 14:32:10.f - SEND to 5002 - System time: 1741203130.832876, Logical clock: 447
2025-03-05 14:32:11.f - INTERNAL EVENT - System time: 1741203131.190074, Logical clock: 448
2025-03-05 14:32:11.f - INTERNAL EVENT - System time: 1741203131.541587, Logical clock: 449
2025-03-05 14:32:11.f - SEND to 5000 - System time: 1741203131.896069, Logical clock: 450
2025-03-05 14:32:11.f - SEND to 5002 - System time: 1741203131.896641, Logical clock: 451
2025-03-05 14:32:12.f - INTERNAL EVENT - System time: 1741203132.252179, Logical clock: 452
2025-03-05 14:32:12.f - INTERNAL EVENT - System time: 1741203132.609188, Logical clock: 453
2025-03-05 14:32:12.f - INTERNAL EVENT - System time: 1741203132.964868, Logical clock: 454
2025-03-05 14:32:13.f - INTERNAL EVENT - System time: 1741203133.320982, Logical clock: 455
2025-03-05 14:32:13.f - RECEIVE from 57130 - System time: 1741203133.580990, Queue length: 0, Logical clock: 459
2025-03-05 14:32:13.f - SEND to 5002 - System time: 1741203133.937158, Logical clock: 460
2025-03-05 14:32:14.f - INTERNAL EVENT - System time: 1741203134.292778, Logical clock: 461
2025-03-05 14:32:14.f - SEND to 5002 - System time: 1741203134.649446, Logical clock: 462
2025-03-05 14:32:15.f - INTERNAL EVENT - System time: 1741203135.005068, Logical clock: 463
2025-03-05 14:32:15.f - INTERNAL EVENT - System time: 1741203135.359682, Logical clock: 464
2025-03-05 14:32:15.f - INTERNAL EVENT - System time: 1741203135.712878, Logical clock: 465
2025-03-05 14:32:16.f - SEND to 5000 - System time: 1741203136.069019, Logical clock: 466
2025-03-05 14:32:16.f - INTERNAL EVENT - System time: 1741203136.423993, Logical clock: 467
2025-03-05 14:32:16.f - SEND to 5002 - System time: 1741203136.779614, Logical clock: 468
2025-03-05 14:32:17.f - SEND to 5000 - System time: 1741203137.136656, Logical clock: 469
2025-03-05 14:32:17.f - SEND to 5002 - System time: 1741203137.137145, Logical clock: 470
2025-03-05 14:32:17.f - INTERNAL EVENT - System time: 1741203137.492885, Logical clock: 471
2025-03-05 14:32:17.f - RECEIVE from 57130 - System time: 1741203137.747892, Queue length: 0, Logical clock: 476
2025-03-05 14:32:18.f - SEND to 5000 - System time: 1741203138.105079, Logical clock: 477
2025-03-05 14:32:18.f - SEND to 5002 - System time: 1741203138.105700, Logical clock: 478
2025-03-05 14:32:18.f - INTERNAL EVENT - System time: 1741203138.461473, Logical clock: 479
2025-03-05 14:32:18.f - INTERNAL EVENT - System time: 1741203138.815015, Logical clock: 480
2025-03-05 14:32:19.f - INTERNAL EVENT - System time: 1741203139.166835, Logical clock: 481
2025-03-05 14:32:19.f - RECEIVE from 57130 - System time: 1741203139.417569, Queue length: 0, Logical clock: 483
2025-03-05 14:32:19.f - RECEIVE from 57130 - System time: 1741203139.669947, Queue length: 0, Logical clock: 485
2025-03-05 14:32:20.f - INTERNAL EVENT - System time: 1741203140.024075, Logical clock: 486
2025-03-05 14:32:20.f - INTERNAL EVENT - System time: 1741203140.379357, Logical clock: 487
2025-03-05 14:32:20.f - INTERNAL EVENT - System time: 1741203140.734727, Logical clock: 488
2025-03-05 14:32:21.f - INTERNAL EVENT - System time: 1741203141.091177, Logical clock: 489
2025-03-05 14:32:21.f - RECEIVE from 57130 - System time: 1741203141.345063, Queue length: 0, Logical clock: 491
2025-03-05 14:32:21.f - INTERNAL EVENT - System time: 1741203141.697532, Logical clock: 492
2025-03-05 14:32:22.f - RECEIVE from 57130 - System time: 1741203142.007705, Queue length: 0, Logical clock: 495
2025-03-05 14:32:22.f - INTERNAL EVENT - System time: 1741203142.362742, Logical clock: 496
2025-03-05 14:32:22.f - INTERNAL EVENT - System time: 1741203142.714787, Logical clock: 497
2025-03-05 14:32:23.f - SEND to 5000 - System time: 1741203143.071870, Logical clock: 498
2025-03-05 14:32:23.f - RECEIVE from 57130 - System time: 1741203143.343027, Queue length: 0, Logical clock: 501
2025-03-05 14:32:23.f - Machine 1 shutdown
