2025-03-05 14:32:25.f - Starting machine 2 with clock rate 6 ticks/second
2025-03-05 14:32:25.f - Internal event range: (4, 10)
2025-03-05 14:32:25.f - INTERNAL EVENT - System time: 1741203145.113964, Logical clock: 1
2025-03-05 14:32:25.f - INTERNAL EVENT - System time: 1741203145.385946, Logical clock: 2
2025-03-05 14:32:25.f - SEND to 5001 - System time: 1741203145.661479, Logical clock: 3
2025-03-05 14:32:25.f - SEND to 5000 - System time: 1741203145.935035, Logical clock: 4
2025-03-05 14:32:26.f - SEND to 5000 - System time: 1741203146.210692, Logical clock: 5
2025-03-05 14:32:26.f - SEND to 5001 - System time: 1741203146.211000, Logical clock: 6
2025-03-05 14:32:26.f - SEND to 5003 - System time: 1741203146.211227, Logical clock: 7
2025-03-05 14:32:26.f - SEND to 5004 - System time: 1741203146.211477, Logical clock: 8
2025-03-05 14:32:26.f - INTERNAL EVENT - System time: 1741203146.483510, Logical clock: 9
2025-03-05 14:32:26.f - INTERNAL EVENT - System time: 1741203146.756701, Logical clock: 10
2025-03-05 14:32:27.f - INTERNAL EVENT - System time: 1741203147.029776, Logical clock: 11
2025-03-05 14:32:27.f - RECEIVE from 58683 - System time: 1741203147.201036, Queue length: 0, Logical clock: 13
2025-03-05 14:32:27.f - SEND to 5000 - System time: 1741203147.470445, Logical clock: 14
2025-03-05 14:32:27.f - INTERNAL EVENT - System time: 1741203147.743447, Logical clock: 15
2025-03-05 14:32:28.f - INTERNAL EVENT - System time: 1741203148.014153, Logical clock: 16
2025-03-05 14:32:28.f - INTERNAL EVENT - System time: 1741203148.284861, Logical clock: 17
2025-03-05 14:32:28.f - SEND to 5000 - System time: 1741203148.558395, Logical clock: 18
2025-03-05 14:32:28.f - SEND to 5000 - System time: 1741203148.830510, Logical clock: 19
2025-03-05 14:32:28.f - SEND to 5001 - System time: 1741203148.830928, Logical clock: 20
2025-03-05 14:32:28.f - SEND to 5003 - System time: 1741203148.831485, Logical clock: 21
2025-03-05 14:32:28.f - SEND to 5004 - System time: 1741203148.831732, Logical clock: 22
2025-03-05 14:32:29.f - INTERNAL EVENT - System time: 1741203149.104678, Logical clock: 23
2025-03-05 14:32:29.f - SEND to 5000 - System time: 1741203149.376675, Logical clock: 24
2025-03-05 14:32:29.f - SEND to 5000 - System time: 1741203149.649498, Logical clock: 25
2025-03-05 14:32:29.f - SEND to 5001 - System time: 1741203149.650264, Logical clock: 26
2025-03-05 14:32:29.f - SEND to 5003 - System time: 1741203149.650755, Logical clock: 27
2025-03-05 14:32:29.f - SEND to 5004 - System time: 1741203149.651197, Logical clock: 28
2025-03-05 14:32:29.f - SEND to 5000 - System time: 1741203149.922206, Logical clock: 29
2025-03-05 14:32:29.f - SEND to 5001 - System time: 1741203149.922764, Logical clock: 30
2025-03-05 14:32:29.f - SEND to 5003 - System time: 1741203149.923324, Logical clock: 31
2025-03-05 14:32:29.f - SEND to 5004 - System time: 1741203149.923610, Logical clock: 32
2025-03-05 14:32:30.f - INTERNAL EVENT - System time: 1741203150.193801, Logical clock: 33
2025-03-05 14:32:30.f - INTERNAL EVENT - System time: 1741203150.464716, Logical clock: 34
2025-03-05 14:32:30.f - RECEIVE from 58683 - System time: 1741203150.635254, Queue length: 0, Logical clock: 36
2025-03-05 14:32:30.f - SEND to 5000 - System time: 1741203150.905652, Logical clock: 37
2025-03-05 14:32:31.f - INTERNAL EVENT - System time: 1741203151.178692, Logical clock: 38
2025-03-05 14:32:31.f - INTERNAL EVENT - System time: 1741203151.451638, Logical clock: 39
2025-03-05 14:32:31.f - INTERNAL EVENT - System time: 1741203151.721798, Logical clock: 40
2025-03-05 14:32:31.f - SEND to 5001 - System time: 1741203151.997282, Logical clock: 41
2025-03-05 14:32:32.f - INTERNAL EVENT - System time: 1741203152.268374, Logical clock: 42
2025-03-05 14:32:32.f - SEND to 5000 - System time: 1741203152.540258, Logical clock: 43
2025-03-05 14:32:32.f - SEND to 5001 - System time: 1741203152.540920, Logical clock: 44
2025-03-05 14:32:32.f - SEND to 5003 - System time: 1741203152.541420, Logical clock: 45
2025-03-05 14:32:32.f - SEND to 5004 - System time: 1741203152.541844, Logical clock: 46
2025-03-05 14:32:32.f - INTERNAL EVENT - System time: 1741203152.812582, Logical clock: 47
2025-03-05 14:32:33.f - INTERNAL EVENT - System time: 1741203153.082021, Logical clock: 48
2025-03-05 14:32:33.f - INTERNAL EVENT - System time: 1741203153.355095, Logical clock: 49
2025-03-05 14:32:33.f - INTERNAL EVENT - System time: 1741203153.626020, Logical clock: 50
2025-03-05 14:32:33.f - RECEIVE from 49757 - System time: 1741203153.892653, Queue length: 0, Logical clock: 51
2025-03-05 14:32:34.f - INTERNAL EVENT - System time: 1741203154.165714, Logical clock: 52
2025-03-05 14:32:34.f - RECEIVE from 58683 - System time: 1741203154.403513, Queue length: 0, Logical clock: 54
2025-03-05 14:32:34.f - INTERNAL EVENT - System time: 1741203154.676619, Logical clock: 55
2025-03-05 14:32:34.f - SEND to 5000 - System time: 1741203154.949683, Logical clock: 56
2025-03-05 14:32:35.f - RECEIVE from 58683 - System time: 1741203155.121096, Queue length: 0, Logical clock: 59
2025-03-05 14:32:35.f - SEND to 5000 - System time: 1741203155.396054, Logical clock: 60
2025-03-05 14:32:35.f - INTERNAL EVENT - System time: 1741203155.668999, Logical clock: 61
2025-03-05 14:32:35.f - INTERNAL EVENT - System time: 1741203155.937791, Logical clock: 62
2025-03-05 14:32:36.f - INTERNAL EVENT - System time: 1741203156.211919, Logical clock: 63
2025-03-05 14:32:36.f - INTERNAL EVENT - System time: 1741203156.486108, Logical clock: 64
2025-03-05 14:32:36.f - SEND to 5000 - System time: 1741203156.758296, Logical clock: 65
2025-03-05 14:32:37.f - INTERNAL EVENT - System time: 1741203157.031407, Logical clock: 66
2025-03-05 14:32:37.f - INTERNAL EVENT - System time: 1741203157.304359, Logical clock: 67
2025-03-05 14:32:37.f - INTERNAL EVENT - System time: 1741203157.577744, Logical clock: 68
2025-03-05 14:32:37.f - INTERNAL EVENT - System time: 1741203157.848468, Logical clock: 69
2025-03-05 14:32:38.f - INTERNAL EVENT - System time: 1741203158.119951, Logical clock: 70
2025-03-05 14:32:38.f - INTERNAL EVENT - System time: 1741203158.391027, Logical clock: 71
2025-03-05 14:32:38.f - INTERNAL EVENT - System time: 1741203158.663696, Logical clock: 72
2025-03-05 14:32:38.f - SEND to 5000 - System time: 1741203158.933200, Logical clock: 73
2025-03-05 14:32:38.f - SEND to 5001 - System time: 1741203158.933813, Logical clock: 74
2025-03-05 14:32:38.f - SEND to 5003 - System time: 1741203158.934256, Logical clock: 75
2025-03-05 14:32:38.f - SEND to 5004 - System time: 1741203158.934660, Logical clock: 76
2025-03-05 14:32:39.f - INTERNAL EVENT - System time: 1741203159.204420, Logical clock: 77
2025-03-05 14:32:39.f - INTERNAL EVENT - System time: 1741203159.474658, Logical clock: 78
2025-03-05 14:32:39.f - INTERNAL EVENT - System time: 1741203159.746334, Logical clock: 79
2025-03-05 14:32:40.f - SEND to 5001 - System time: 1741203160.019929, Logical clock: 80
2025-03-05 14:32:40.f - SEND to 5001 - System time: 1741203160.293416, Logical clock: 81
2025-03-05 14:32:40.f - RECEIVE from 65139 - System time: 1741203160.548699, Queue length: 0, Logical clock: 82
2025-03-05 14:32:40.f - INTERNAL EVENT - System time: 1741203160.821163, Logical clock: 83
2025-03-05 14:32:41.f - INTERNAL EVENT - System time: 1741203161.094374, Logical clock: 84
2025-03-05 14:32:41.f - INTERNAL EVENT - System time: 1741203161.366195, Logical clock: 85
2025-03-05 14:32:41.f - INTERNAL EVENT - System time: 1741203161.639293, Logical clock: 86
2025-03-05 14:32:41.f - RECEIVE from 58683 - System time: 1741203161.889055, Queue length: 0, Logical clock: 89
2025-03-05 14:32:42.f - INTERNAL EVENT - System time: 1741203162.159275, Logical clock: 90
2025-03-05 14:32:42.f - SEND to 5000 - System time: 1741203162.429981, Logical clock: 91
2025-03-05 14:32:42.f - SEND to 5001 - System time: 1741203162.430538, Logical clock: 92
2025-03-05 14:32:42.f - SEND to 5003 - System time: 1741203162.431023, Logical clock: 93
2025-03-05 14:32:42.f - SEND to 5004 - System time: 1741203162.431515, Logical clock: 94
2025-03-05 14:32:42.f - INTERNAL EVENT - System time: 1741203162.704362, Logical clock: 95
2025-03-05 14:32:42.f - INTERNAL EVENT - System time: 1741203162.974399, Logical clock: 96
2025-03-05 14:32:43.f - SEND to 5000 - System time: 1741203163.247652, Logical clock: 97
2025-03-05 14:32:43.f - SEND to 5001 - System time: 1741203163.518694, Logical clock: 98
2025-03-05 14:32:43.f - RECEIVE from 58683 - System time: 1741203163.687158, Queue length: 0, Logical clock: 100
2025-03-05 14:32:43.f - INTERNAL EVENT - System time: 1741203163.956949, Logical clock: 101
2025-03-05 14:32:44.f - RECEIVE from 58683 - System time: 1741203164.128378, Queue length: 0, Logical clock: 104
2025-03-05 14:32:44.f - INTERNAL EVENT - System time: 1741203164.400588, Logical clock: 105
2025-03-05 14:32:44.f - INTERNAL EVENT - System time: 1741203164.676872, Logical clock: 106
2025-03-05 14:32:44.f - RECEIVE from 58683 - System time: 1741203164.884124, Queue length: 0, Logical clock: 110
2025-03-05 14:32:45.f - SEND to 5000 - System time: 1741203165.158057, Logical clock: 111
2025-03-05 14:32:45.f - SEND to 5001 - System time: 1741203165.158695, Logical clock: 112
2025-03-05 14:32:45.f - SEND to 5003 - System time: 1741203165.159267, Logical clock: 113
2025-03-05 14:32:45.f - SEND to 5004 - System time: 1741203165.159757, Logical clock: 114
2025-03-05 14:32:45.f - INTERNAL EVENT - System time: 1741203165.432463, Logical clock: 115
2025-03-05 14:32:45.f - INTERNAL EVENT - System time: 1741203165.705681, Logical clock: 116
2025-03-05 14:32:45.f - RECEIVE from 58683 - System time: 1741203165.875535, Queue length: 0, Logical clock: 118
2025-03-05 14:32:46.f - SEND to 5000 - System time: 1741203166.149303, Logical clock: 119
2025-03-05 14:32:46.f - SEND to 5001 - System time: 1741203166.149928, Logical clock: 120
2025-03-05 14:32:46.f - SEND to 5003 - System time: 1741203166.150543, Logical clock: 121
2025-03-05 14:32:46.f - SEND to 5004 - System time: 1741203166.151097, Logical clock: 122
2025-03-05 14:32:46.f - SEND to 5001 - System time: 1741203166.422050, Logical clock: 123
2025-03-05 14:32:46.f - INTERNAL EVENT - System time: 1741203166.694907, Logical clock: 124
2025-03-05 14:32:46.f - INTERNAL EVENT - System time: 1741203166.968017, Logical clock: 125
2025-03-05 14:32:47.f - SEND to 5000 - System time: 1741203167.237004, Logical clock: 126
2025-03-05 14:32:47.f - SEND to 5001 - System time: 1741203167.237583, Logical clock: 127
2025-03-05 14:32:47.f - SEND to 5003 - System time: 1741203167.238084, Logical clock: 128
2025-03-05 14:32:47.f - SEND to 5004 - System time: 1741203167.238531, Logical clock: 129
2025-03-05 14:32:47.f - INTERNAL EVENT - System time: 1741203167.508297, Logical clock: 130
2025-03-05 14:32:47.f - INTERNAL EVENT - System time: 1741203167.781480, Logical clock: 131
2025-03-05 14:32:48.f - INTERNAL EVENT - System time: 1741203168.053684, Logical clock: 132
2025-03-05 14:32:48.f - SEND to 5000 - System time: 1741203168.326025, Logical clock: 133
2025-03-05 14:32:48.f - INTERNAL EVENT - System time: 1741203168.598098, Logical clock: 134
2025-03-05 14:32:48.f - INTERNAL EVENT - System time: 1741203168.870988, Logical clock: 135
2025-03-05 14:32:49.f - RECEIVE from 65139 - System time: 1741203169.042660, Queue length: 0, Logical clock: 136
2025-03-05 14:32:49.f - SEND to 5000 - System time: 1741203169.316097, Logical clock: 137
2025-03-05 14:32:49.f - SEND to 5001 - System time: 1741203169.316865, Logical clock: 138
2025-03-05 14:32:49.f - SEND to 5003 - System time: 1741203169.317302, Logical clock: 139
2025-03-05 14:32:49.f - SEND to 5004 - System time: 1741203169.317656, Logical clock: 140
2025-03-05 14:32:49.f - INTERNAL EVENT - System time: 1741203169.588446, Logical clock: 141
2025-03-05 14:32:49.f - SEND to 5000 - System time: 1741203169.862696, Logical clock: 142
2025-03-05 14:32:50.f - INTERNAL EVENT - System time: 1741203170.134915, Logical clock: 143
2025-03-05 14:32:50.f - INTERNAL EVENT - System time: 1741203170.409452, Logical clock: 144
2025-03-05 14:32:50.f - SEND to 5000 - System time: 1741203170.678505, Logical clock: 145
2025-03-05 14:32:50.f - INTERNAL EVENT - System time: 1741203170.949087, Logical clock: 146
2025-03-05 14:32:51.f - INTERNAL EVENT - System time: 1741203171.222114, Logical clock: 147
2025-03-05 14:32:51.f - SEND to 5000 - System time: 1741203171.491552, Logical clock: 148
2025-03-05 14:32:51.f - SEND to 5001 - System time: 1741203171.492109, Logical clock: 149
2025-03-05 14:32:51.f - SEND to 5003 - System time: 1741203171.493125, Logical clock: 150
2025-03-05 14:32:51.f - SEND to 5004 - System time: 1741203171.493634, Logical clock: 151
2025-03-05 14:32:51.f - INTERNAL EVENT - System time: 1741203171.766320, Logical clock: 152
2025-03-05 14:32:51.f - RECEIVE from 58683 - System time: 1741203171.935007, Queue length: 0, Logical clock: 154
2025-03-05 14:32:52.f - RECEIVE from 58683 - System time: 1741203172.111479, Queue length: 0, Logical clock: 158
2025-03-05 14:32:52.f - INTERNAL EVENT - System time: 1741203172.386936, Logical clock: 159
2025-03-05 14:32:52.f - INTERNAL EVENT - System time: 1741203172.658625, Logical clock: 160
2025-03-05 14:32:52.f - RECEIVE from 58683 - System time: 1741203172.826844, Queue length: 0, Logical clock: 163
2025-03-05 14:32:53.f - SEND to 5000 - System time: 1741203173.115066, Logical clock: 164
2025-03-05 14:32:53.f - SEND to 5001 - System time: 1741203173.388460, Logical clock: 165
2025-03-05 14:32:53.f - SEND to 5000 - System time: 1741203173.661379, Logical clock: 166
2025-03-05 14:32:53.f - INTERNAL EVENT - System time: 1741203173.934477, Logical clock: 167
2025-03-05 14:32:54.f - SEND to 5000 - System time: 1741203174.208237, Logical clock: 168
2025-03-05 14:32:54.f - INTERNAL EVENT - System time: 1741203174.481793, Logical clock: 169
2025-03-05 14:32:54.f - SEND to 5000 - System time: 1741203174.751313, Logical clock: 170
2025-03-05 14:32:55.f - INTERNAL EVENT - System time: 1741203175.024214, Logical clock: 171
2025-03-05 14:32:55.f - SEND to 5001 - System time: 1741203175.297859, Logical clock: 172
2025-03-05 14:32:55.f - INTERNAL EVENT - System time: 1741203175.572088, Logical clock: 173
2025-03-05 14:32:55.f - INTERNAL EVENT - System time: 1741203175.843926, Logical clock: 174
2025-03-05 14:32:56.f - SEND to 5000 - System time: 1741203176.117763, Logical clock: 175
2025-03-05 14:32:56.f - INTERNAL EVENT - System time: 1741203176.389001, Logical clock: 176
2025-03-05 14:32:56.f - SEND to 5001 - System time: 1741203176.662216, Logical clock: 177
2025-03-05 14:32:56.f - RECEIVE from 58683 - System time: 1741203176.832627, Queue length: 0, Logical clock: 179
2025-03-05 14:32:57.f - INTERNAL EVENT - System time: 1741203177.107519, Logical clock: 180
2025-03-05 14:32:57.f - INTERNAL EVENT - System time: 1741203177.380601, Logical clock: 181
2025-03-05 14:32:57.f - SEND to 5001 - System time: 1741203177.654005, Logical clock: 182
2025-03-05 14:32:57.f - INTERNAL EVENT - System time: 1741203177.925040, Logical clock: 183
2025-03-05 14:32:58.f - RECEIVE from 58683 - System time: 1741203178.097150, Queue length: 0, Logical clock: 186
2025-03-05 14:32:58.f - RECEIVE from 58683 - System time: 1741203178.268140, Queue length: 0, Logical clock: 190
2025-03-05 14:32:58.f - SEND to 5001 - System time: 1741203178.541359, Logical clock: 191
2025-03-05 14:32:58.f - INTERNAL EVENT - System time: 1741203178.813265, Logical clock: 192
2025-03-05 14:32:59.f - INTERNAL EVENT - System time: 1741203179.085810, Logical clock: 193
2025-03-05 14:32:59.f - INTERNAL EVENT - System time: 1741203179.358654, Logical clock: 194
2025-03-05 14:32:59.f - SEND to 5000 - System time: 1741203179.630978, Logical clock: 195
2025-03-05 14:32:59.f - INTERNAL EVENT - System time: 1741203179.903910, Logical clock: 196
2025-03-05 14:33:00.f - INTERNAL EVENT - System time: 1741203180.176560, Logical clock: 197
2025-03-05 14:33:00.f - INTERNAL EVENT - System time: 1741203180.449212, Logical clock: 198
2025-03-05 14:33:00.f - INTERNAL EVENT - System time: 1741203180.721749, Logical clock: 199
2025-03-05 14:33:00.f - SEND to 5000 - System time: 1741203180.991572, Logical clock: 200
2025-03-05 14:33:01.f - INTERNAL EVENT - System time: 1741203181.263424, Logical clock: 201
2025-03-05 14:33:01.f - INTERNAL EVENT - System time: 1741203181.536135, Logical clock: 202
2025-03-05 14:33:01.f - SEND to 5000 - System time: 1741203181.806157, Logical clock: 203
2025-03-05 14:33:01.f - SEND to 5001 - System time: 1741203181.807815, Logical clock: 204
2025-03-05 14:33:01.f - SEND to 5003 - System time: 1741203181.809565, Logical clock: 205
2025-03-05 14:33:01.f - SEND to 5004 - System time: 1741203181.811191, Logical clock: 206
2025-03-05 14:33:02.f - INTERNAL EVENT - System time: 1741203182.084253, Logical clock: 207
2025-03-05 14:33:02.f - INTERNAL EVENT - System time: 1741203182.356793, Logical clock: 208
2025-03-05 14:33:02.f - RECEIVE from 58683 - System time: 1741203182.528470, Queue length: 0, Logical clock: 210
2025-03-05 14:33:02.f - INTERNAL EVENT - System time: 1741203182.802057, Logical clock: 211
2025-03-05 14:33:03.f - SEND to 5001 - System time: 1741203183.072346, Logical clock: 212
2025-03-05 14:33:03.f - INTERNAL EVENT - System time: 1741203183.344387, Logical clock: 213
2025-03-05 14:33:03.f - INTERNAL EVENT - System time: 1741203183.616084, Logical clock: 214
2025-03-05 14:33:03.f - SEND to 5000 - System time: 1741203183.888970, Logical clock: 215
2025-03-05 14:33:03.f - SEND to 5001 - System time: 1741203183.889367, Logical clock: 216
2025-03-05 14:33:03.f - SEND to 5003 - System time: 1741203183.889742, Logical clock: 217
2025-03-05 14:33:03.f - SEND to 5004 - System time: 1741203183.895179, Logical clock: 218
2025-03-05 14:33:04.f - SEND to 5001 - System time: 1741203184.173399, Logical clock: 219
2025-03-05 14:33:04.f - INTERNAL EVENT - System time: 1741203184.446111, Logical clock: 220
2025-03-05 14:33:04.f - INTERNAL EVENT - System time: 1741203184.719301, Logical clock: 221
2025-03-05 14:33:04.f - SEND to 5001 - System time: 1741203184.991843, Logical clock: 222
2025-03-05 14:33:05.f - INTERNAL EVENT - System time: 1741203185.264779, Logical clock: 223
2025-03-05 14:33:05.f - SEND to 5000 - System time: 1741203185.538410, Logical clock: 224
2025-03-05 14:33:05.f - SEND to 5001 - System time: 1741203185.810574, Logical clock: 225
2025-03-05 14:33:06.f - INTERNAL EVENT - System time: 1741203186.078825, Logical clock: 226
2025-03-05 14:33:06.f - INTERNAL EVENT - System time: 1741203186.352537, Logical clock: 227
2025-03-05 14:33:06.f - INTERNAL EVENT - System time: 1741203186.623891, Logical clock: 228
2025-03-05 14:33:06.f - RECEIVE from 49757 - System time: 1741203186.792733, Queue length: 0, Logical clock: 229
2025-03-05 14:33:06.f - RECEIVE from 58683 - System time: 1741203186.961031, Queue length: 0, Logical clock: 230
2025-03-05 14:33:07.f - INTERNAL EVENT - System time: 1741203187.232805, Logical clock: 231
2025-03-05 14:33:07.f - INTERNAL EVENT - System time: 1741203187.505529, Logical clock: 232
2025-03-05 14:33:07.f - INTERNAL EVENT - System time: 1741203187.776365, Logical clock: 233
2025-03-05 14:33:08.f - INTERNAL EVENT - System time: 1741203188.048922, Logical clock: 234
2025-03-05 14:33:08.f - SEND to 5000 - System time: 1741203188.318570, Logical clock: 235
2025-03-05 14:33:08.f - SEND to 5001 - System time: 1741203188.319054, Logical clock: 236
2025-03-05 14:33:08.f - SEND to 5003 - System time: 1741203188.319421, Logical clock: 237
2025-03-05 14:33:08.f - SEND to 5004 - System time: 1741203188.319878, Logical clock: 238
2025-03-05 14:33:08.f - INTERNAL EVENT - System time: 1741203188.592473, Logical clock: 239
2025-03-05 14:33:08.f - INTERNAL EVENT - System time: 1741203188.864049, Logical clock: 240
2025-03-05 14:33:09.f - INTERNAL EVENT - System time: 1741203189.133661, Logical clock: 241
2025-03-05 14:33:09.f - RECEIVE from 58683 - System time: 1741203189.305515, Queue length: 0, Logical clock: 243
2025-03-05 14:33:09.f - INTERNAL EVENT - System time: 1741203189.573479, Logical clock: 244
2025-03-05 14:33:09.f - INTERNAL EVENT - System time: 1741203189.848251, Logical clock: 245
2025-03-05 14:33:10.f - INTERNAL EVENT - System time: 1741203190.119022, Logical clock: 246
2025-03-05 14:33:10.f - INTERNAL EVENT - System time: 1741203190.392144, Logical clock: 247
2025-03-05 14:33:10.f - RECEIVE from 63942 - System time: 1741203190.561002, Queue length: 0, Logical clock: 248
2025-03-05 14:33:10.f - INTERNAL EVENT - System time: 1741203190.831616, Logical clock: 249
2025-03-05 14:33:11.f - SEND to 5001 - System time: 1741203191.103024, Logical clock: 250
2025-03-05 14:33:11.f - INTERNAL EVENT - System time: 1741203191.375713, Logical clock: 251
2025-03-05 14:33:11.f - INTERNAL EVENT - System time: 1741203191.647239, Logical clock: 252
2025-03-05 14:33:11.f - SEND to 5000 - System time: 1741203191.916223, Logical clock: 253
2025-03-05 14:33:12.f - SEND to 5001 - System time: 1741203192.189622, Logical clock: 254
2025-03-05 14:33:12.f - INTERNAL EVENT - System time: 1741203192.458205, Logical clock: 255
2025-03-05 14:33:12.f - INTERNAL EVENT - System time: 1741203192.731096, Logical clock: 256
2025-03-05 14:33:13.f - INTERNAL EVENT - System time: 1741203193.003672, Logical clock: 257
2025-03-05 14:33:13.f - INTERNAL EVENT - System time: 1741203193.277701, Logical clock: 258
2025-03-05 14:33:13.f - INTERNAL EVENT - System time: 1741203193.549501, Logical clock: 259
2025-03-05 14:33:13.f - INTERNAL EVENT - System time: 1741203193.823319, Logical clock: 260
2025-03-05 14:33:13.f - RECEIVE from 58683 - System time: 1741203193.994658, Queue length: 0, Logical clock: 261
2025-03-05 14:33:14.f - INTERNAL EVENT - System time: 1741203194.266557, Logical clock: 262
2025-03-05 14:33:14.f - SEND to 5001 - System time: 1741203194.552075, Logical clock: 263
2025-03-05 14:33:14.f - RECEIVE from 58683 - System time: 1741203194.773922, Queue length: 0, Logical clock: 267
2025-03-05 14:33:15.f - SEND to 5001 - System time: 1741203195.048066, Logical clock: 268
2025-03-05 14:33:15.f - INTERNAL EVENT - System time: 1741203195.321462, Logical clock: 269
2025-03-05 14:33:15.f - INTERNAL EVENT - System time: 1741203195.594744, Logical clock: 270
2025-03-05 14:33:15.f - INTERNAL EVENT - System time: 1741203195.865082, Logical clock: 271
2025-03-05 14:33:16.f - SEND to 5001 - System time: 1741203196.134867, Logical clock: 272
2025-03-05 14:33:16.f - INTERNAL EVENT - System time: 1741203196.407845, Logical clock: 273
2025-03-05 14:33:16.f - INTERNAL EVENT - System time: 1741203196.680899, Logical clock: 274
2025-03-05 14:33:16.f - INTERNAL EVENT - System time: 1741203196.953427, Logical clock: 275
2025-03-05 14:33:17.f - RECEIVE from 58683 - System time: 1741203197.216116, Queue length: 0, Logical clock: 278
2025-03-05 14:33:17.f - SEND to 5000 - System time: 1741203197.487469, Logical clock: 279
2025-03-05 14:33:17.f - SEND to 5001 - System time: 1741203197.761135, Logical clock: 280
2025-03-05 14:33:18.f - INTERNAL EVENT - System time: 1741203198.034248, Logical clock: 281
2025-03-05 14:33:18.f - SEND to 5000 - System time: 1741203198.312508, Logical clock: 282
2025-03-05 14:33:18.f - RECEIVE from 58683 - System time: 1741203198.482249, Queue length: 0, Logical clock: 285
2025-03-05 14:33:18.f - INTERNAL EVENT - System time: 1741203198.755254, Logical clock: 286
2025-03-05 14:33:19.f - INTERNAL EVENT - System time: 1741203199.023746, Logical clock: 287
2025-03-05 14:33:19.f - SEND to 5001 - System time: 1741203199.297074, Logical clock: 288
2025-03-05 14:33:19.f - INTERNAL EVENT - System time: 1741203199.570072, Logical clock: 289
2025-03-05 14:33:19.f - INTERNAL EVENT - System time: 1741203199.842159, Logical clock: 290
2025-03-05 14:33:20.f - RECEIVE from 63942 - System time: 1741203200.033769, Queue length: 0, Logical clock: 291
2025-03-05 14:33:20.f - SEND to 5000 - System time: 1741203200.306170, Logical clock: 292
2025-03-05 14:33:20.f - SEND to 5001 - System time: 1741203200.306754, Logical clock: 293
2025-03-05 14:33:20.f - SEND to 5003 - System time: 1741203200.307224, Logical clock: 294
2025-03-05 14:33:20.f - SEND to 5004 - System time: 1741203200.307751, Logical clock: 295
2025-03-05 14:33:20.f - SEND to 5000 - System time: 1741203200.579837, Logical clock: 296
2025-03-05 14:33:20.f - SEND to 5001 - System time: 1741203200.580161, Logical clock: 297
2025-03-05 14:33:20.f - SEND to 5003 - System time: 1741203200.580420, Logical clock: 298
2025-03-05 14:33:20.f - SEND to 5004 - System time: 1741203200.580695, Logical clock: 299
2025-03-05 14:33:20.f - INTERNAL EVENT - System time: 1741203200.853656, Logical clock: 300
2025-03-05 14:33:21.f - SEND to 5000 - System time: 1741203201.127687, Logical clock: 301
2025-03-05 14:33:21.f - SEND to 5001 - System time: 1741203201.128402, Logical clock: 302
2025-03-05 14:33:21.f - SEND to 5003 - System time: 1741203201.128846, Logical clock: 303
2025-03-05 14:33:21.f - SEND to 5004 - System time: 1741203201.129421, Logical clock: 304
2025-03-05 14:33:21.f - SEND to 5000 - System time: 1741203201.401681, Logical clock: 305
2025-03-05 14:33:21.f - SEND to 5001 - System time: 1741203201.402154, Logical clock: 306
2025-03-05 14:33:21.f - SEND to 5003 - System time: 1741203201.402467, Logical clock: 307
2025-03-05 14:33:21.f - SEND to 5004 - System time: 1741203201.402878, Logical clock: 308
2025-03-05 14:33:21.f - INTERNAL EVENT - System time: 1741203201.675654, Logical clock: 309
2025-03-05 14:33:21.f - INTERNAL EVENT - System time: 1741203201.946233, Logical clock: 310
2025-03-05 14:33:22.f - RECEIVE from 58683 - System time: 1741203202.116924, Queue length: 0, Logical clock: 312
2025-03-05 14:33:22.f - SEND to 5000 - System time: 1741203202.389425, Logical clock: 313
2025-03-05 14:33:22.f - SEND to 5001 - System time: 1741203202.660813, Logical clock: 314
2025-03-05 14:33:22.f - INTERNAL EVENT - System time: 1741203202.933812, Logical clock: 315
2025-03-05 14:33:23.f - INTERNAL EVENT - System time: 1741203203.202224, Logical clock: 316
2025-03-05 14:33:23.f - SEND to 5001 - System time: 1741203203.476338, Logical clock: 317
2025-03-05 14:33:23.f - SEND to 5000 - System time: 1741203203.749874, Logical clock: 318
2025-03-05 14:33:23.f - SEND to 5001 - System time: 1741203203.750934, Logical clock: 319
2025-03-05 14:33:23.f - SEND to 5003 - System time: 1741203203.751453, Logical clock: 320
2025-03-05 14:33:23.f - SEND to 5004 - System time: 1741203203.751777, Logical clock: 321
2025-03-05 14:33:24.f - INTERNAL EVENT - System time: 1741203204.021258, Logical clock: 322
2025-03-05 14:33:24.f - INTERNAL EVENT - System time: 1741203204.291526, Logical clock: 323
2025-03-05 14:33:24.f - SEND to 5001 - System time: 1741203204.565308, Logical clock: 324
2025-03-05 14:33:24.f - INTERNAL EVENT - System time: 1741203204.834664, Logical clock: 325
2025-03-05 14:33:25.f - INTERNAL EVENT - System time: 1741203205.107447, Logical clock: 326
2025-03-05 14:33:25.f - Machine 2 shutdown
