2025-03-05 14:32:25.f - Starting machine 1 with clock rate 2 ticks/second
2025-03-05 14:32:25.f - Internal event range: (4, 10)
2025-03-05 14:32:25.f - INTERNAL EVENT - System time: 1741203145.113360, Logical clock: 1
2025-03-05 14:32:25.f - RECEIVE from 58683 - System time: 1741203145.619132, Queue length: 0, Logical clock: 2
2025-03-05 14:32:26.f - RECEIVE from 57828 - System time: 1741203146.124558, Queue length: 0, Logical clock: 3
2025-03-05 14:32:26.f - RECEIVE from 58683 - System time: 1741203146.630886, Queue length: 0, Logical clock: 4
2025-03-05 14:32:27.f - RECEIVE from 57828 - System time: 1741203147.133257, Queue length: 0, Logical clock: 6
2025-03-05 14:32:27.f - RECEIVE from 58683 - System time: 1741203147.637681, Queue length: 0, Logical clock: 12
2025-03-05 14:32:28.f - RECEIVE from 58683 - System time: 1741203148.142499, Queue length: 0, Logical clock: 15
2025-03-05 14:32:28.f - RECEIVE from 58683 - System time: 1741203148.649820, Queue length: 0, Logical clock: 16
2025-03-05 14:32:29.f - RECEIVE from 57828 - System time: 1741203149.154172, Queue length: 0, Logical clock: 20
2025-03-05 14:32:29.f - RECEIVE from 58683 - System time: 1741203149.659783, Queue length: 0, Logical clock: 23
2025-03-05 14:32:30.f - RECEIVE from 57828 - System time: 1741203150.160744, Queue length: 0, Logical clock: 26
2025-03-05 14:32:30.f - RECEIVE from 57828 - System time: 1741203150.661645, Queue length: 0, Logical clock: 30
2025-03-05 14:32:31.f - RECEIVE from 58683 - System time: 1741203151.165990, Queue length: 0, Logical clock: 35
2025-03-05 14:32:31.f - RECEIVE from 58683 - System time: 1741203151.667153, Queue length: 0, Logical clock: 39
2025-03-05 14:32:32.f - RECEIVE from 57828 - System time: 1741203152.172257, Queue length: 0, Logical clock: 41
2025-03-05 14:32:32.f - RECEIVE from 57828 - System time: 1741203152.674995, Queue length: 0, Logical clock: 44
2025-03-05 14:32:33.f - INTERNAL EVENT - System time: 1741203153.281505, Logical clock: 45
2025-03-05 14:32:33.f - SEND to 5002 - System time: 1741203153.892292, Logical clock: 46
2025-03-05 14:32:34.f - RECEIVE from 58683 - System time: 1741203154.402983, Queue length: 0, Logical clock: 53
2025-03-05 14:32:35.f - INTERNAL EVENT - System time: 1741203155.008349, Logical clock: 54
2025-03-05 14:32:35.f - RECEIVE from 58683 - System time: 1741203155.513877, Queue length: 0, Logical clock: 58
2025-03-05 14:32:36.f - INTERNAL EVENT - System time: 1741203156.118399, Logical clock: 59
2025-03-05 14:32:36.f - INTERNAL EVENT - System time: 1741203156.722279, Logical clock: 60
2025-03-05 14:32:37.f - INTERNAL EVENT - System time: 1741203157.325559, Logical clock: 61
2025-03-05 14:32:37.f - RECEIVE from 58683 - System time: 1741203157.828374, Queue length: 0, Logical clock: 69
2025-03-05 14:32:38.f - INTERNAL EVENT - System time: 1741203158.434268, Logical clock: 70
2025-03-05 14:32:38.f - RECEIVE from 57828 - System time: 1741203158.934992, Queue length: 0, Logical clock: 74
2025-03-05 14:32:39.f - INTERNAL EVENT - System time: 1741203159.539572, Logical clock: 75
2025-03-05 14:32:40.f - RECEIVE from 57828 - System time: 1741203160.045047, Queue length: 0, Logical clock: 80
2025-03-05 14:32:40.f - RECEIVE from 57828 - System time: 1741203160.549247, Queue length: 0, Logical clock: 81
2025-03-05 14:32:41.f - RECEIVE from 58683 - System time: 1741203161.054661, Queue length: 0, Logical clock: 82
2025-03-05 14:32:41.f - RECEIVE from 65139 - System time: 1741203161.558816, Queue length: 0, Logical clock: 83
2025-03-05 14:32:42.f - RECEIVE from 63942 - System time: 1741203162.062612, Queue length: 0, Logical clock: 84
2025-03-05 14:32:42.f - RECEIVE from 58683 - System time: 1741203162.563664, Queue length: 0, Logical clock: 88
2025-03-05 14:32:43.f - RECEIVE from 58683 - System time: 1741203163.068698, Queue length: 0, Logical clock: 91
2025-03-05 14:32:43.f - RECEIVE from 57828 - System time: 1741203163.572671, Queue length: 0, Logical clock: 92
2025-03-05 14:32:44.f - RECEIVE from 57828 - System time: 1741203164.075083, Queue length: 0, Logical clock: 98
2025-03-05 14:32:44.f - RECEIVE from 58683 - System time: 1741203164.579933, Queue length: 0, Logical clock: 99
2025-03-05 14:32:45.f - RECEIVE from 58683 - System time: 1741203165.085265, Queue length: 0, Logical clock: 103
2025-03-05 14:32:45.f - RECEIVE from 58683 - System time: 1741203165.586078, Queue length: 0, Logical clock: 109
2025-03-05 14:32:46.f - RECEIVE from 57828 - System time: 1741203166.089710, Queue length: 0, Logical clock: 112
2025-03-05 14:32:46.f - RECEIVE from 58683 - System time: 1741203166.595005, Queue length: 0, Logical clock: 117
2025-03-05 14:32:47.f - RECEIVE from 58683 - System time: 1741203167.099791, Queue length: 0, Logical clock: 120
2025-03-05 14:32:47.f - RECEIVE from 57828 - System time: 1741203167.602638, Queue length: 0, Logical clock: 121
2025-03-05 14:32:48.f - RECEIVE from 57828 - System time: 1741203168.104407, Queue length: 0, Logical clock: 123
2025-03-05 14:32:48.f - RECEIVE from 57828 - System time: 1741203168.607370, Queue length: 0, Logical clock: 127
2025-03-05 14:32:49.f - INTERNAL EVENT - System time: 1741203169.212816, Logical clock: 128
2025-03-05 14:32:49.f - RECEIVE from 57828 - System time: 1741203169.719941, Queue length: 0, Logical clock: 138
2025-03-05 14:32:50.f - RECEIVE from 58683 - System time: 1741203170.224503, Queue length: 0, Logical clock: 141
2025-03-05 14:32:50.f - INTERNAL EVENT - System time: 1741203170.830820, Logical clock: 142
2025-03-05 14:32:51.f - SEND to 5000 - System time: 1741203171.437812, Logical clock: 143
2025-03-05 14:32:51.f - RECEIVE from 57828 - System time: 1741203171.942268, Queue length: 0, Logical clock: 149
2025-03-05 14:32:52.f - RECEIVE from 58683 - System time: 1741203172.447363, Queue length: 0, Logical clock: 153
2025-03-05 14:32:52.f - RECEIVE from 58683 - System time: 1741203172.948054, Queue length: 0, Logical clock: 157
2025-03-05 14:32:53.f - RECEIVE from 58683 - System time: 1741203173.449830, Queue length: 0, Logical clock: 160
2025-03-05 14:32:53.f - RECEIVE from 58683 - System time: 1741203173.955219, Queue length: 0, Logical clock: 162
2025-03-05 14:32:54.f - RECEIVE from 57828 - System time: 1741203174.460539, Queue length: 0, Logical clock: 165
2025-03-05 14:32:54.f - RECEIVE from 58683 - System time: 1741203174.965970, Queue length: 0, Logical clock: 170
2025-03-05 14:32:55.f - RECEIVE from 57828 - System time: 1741203175.471867, Queue length: 0, Logical clock: 172
2025-03-05 14:32:56.f - INTERNAL EVENT - System time: 1741203176.077931, Logical clock: 173
2025-03-05 14:32:56.f - RECEIVE from 57828 - System time: 1741203176.662628, Queue length: 0, Logical clock: 177
2025-03-05 14:32:57.f - RECEIVE from 58683 - System time: 1741203177.169135, Queue length: 0, Logical clock: 178
2025-03-05 14:32:57.f - RECEIVE from 57828 - System time: 1741203177.674313, Queue length: 0, Logical clock: 182
2025-03-05 14:32:58.f - RECEIVE from 58683 - System time: 1741203178.179899, Queue length: 0, Logical clock: 185
2025-03-05 14:32:58.f - RECEIVE from 58683 - System time: 1741203178.683821, Queue length: 0, Logical clock: 189
2025-03-05 14:32:59.f - RECEIVE from 58683 - System time: 1741203179.189393, Queue length: 0, Logical clock: 192
2025-03-05 14:32:59.f - RECEIVE from 57828 - System time: 1741203179.690771, Queue length: 0, Logical clock: 193
2025-03-05 14:33:00.f - RECEIVE from 58683 - System time: 1741203180.192925, Queue length: 0, Logical clock: 197
2025-03-05 14:33:00.f - INTERNAL EVENT - System time: 1741203180.799117, Logical clock: 198
2025-03-05 14:33:01.f - INTERNAL EVENT - System time: 1741203181.404948, Logical clock: 199
2025-03-05 14:33:01.f - RECEIVE from 57828 - System time: 1741203181.910387, Queue length: 0, Logical clock: 204
2025-03-05 14:33:02.f - RECEIVE from 58683 - System time: 1741203182.429210, Queue length: 0, Logical clock: 209
2025-03-05 14:33:03.f - RECEIVE from 65139 - System time: 1741203183.036693, Queue length: 0, Logical clock: 210
2025-03-05 14:33:03.f - RECEIVE from 57828 - System time: 1741203183.541013, Queue length: 0, Logical clock: 212
2025-03-05 14:33:04.f - RECEIVE from 57828 - System time: 1741203184.045145, Queue length: 0, Logical clock: 216
2025-03-05 14:33:04.f - RECEIVE from 57828 - System time: 1741203184.547878, Queue length: 0, Logical clock: 219
2025-03-05 14:33:05.f - RECEIVE from 57828 - System time: 1741203185.053309, Queue length: 0, Logical clock: 222
2025-03-05 14:33:05.f - INTERNAL EVENT - System time: 1741203185.659302, Logical clock: 223
2025-03-05 14:33:06.f - RECEIVE from 57828 - System time: 1741203186.164298, Queue length: 0, Logical clock: 225
2025-03-05 14:33:06.f - SEND to 5002 - System time: 1741203186.771568, Logical clock: 226
2025-03-05 14:33:07.f - RECEIVE from 58683 - System time: 1741203187.276996, Queue length: 0, Logical clock: 229
2025-03-05 14:33:07.f - INTERNAL EVENT - System time: 1741203187.879494, Logical clock: 230
2025-03-05 14:33:08.f - RECEIVE from 57828 - System time: 1741203188.386311, Queue length: 0, Logical clock: 236
2025-03-05 14:33:08.f - INTERNAL EVENT - System time: 1741203188.992450, Logical clock: 237
2025-03-05 14:33:09.f - RECEIVE from 58683 - System time: 1741203189.495481, Queue length: 0, Logical clock: 242
2025-03-05 14:33:10.f - RECEIVE from 58683 - System time: 1741203190.001040, Queue length: 0, Logical clock: 245
2025-03-05 14:33:10.f - RECEIVE from 63942 - System time: 1741203190.504746, Queue length: 0, Logical clock: 246
2025-03-05 14:33:11.f - RECEIVE from 57828 - System time: 1741203191.104240, Queue length: 0, Logical clock: 250
2025-03-05 14:33:11.f - INTERNAL EVENT - System time: 1741203191.711160, Logical clock: 251
2025-03-05 14:33:12.f - RECEIVE from 57828 - System time: 1741203192.218455, Queue length: 0, Logical clock: 254
2025-03-05 14:33:12.f - INTERNAL EVENT - System time: 1741203192.824809, Logical clock: 255
2025-03-05 14:33:13.f - RECEIVE from 58683 - System time: 1741203193.330478, Queue length: 0, Logical clock: 256
2025-03-05 14:33:13.f - RECEIVE from 58683 - System time: 1741203193.844710, Queue length: 0, Logical clock: 260
2025-03-05 14:33:14.f - SEND to 5000 - System time: 1741203194.454303, Logical clock: 261
2025-03-05 14:33:14.f - RECEIVE from 57828 - System time: 1741203194.965190, Queue length: 0, Logical clock: 263
2025-03-05 14:33:15.f - RECEIVE from 58683 - System time: 1741203195.470463, Queue length: 0, Logical clock: 266
2025-03-05 14:33:15.f - RECEIVE from 57828 - System time: 1741203195.973559, Queue length: 0, Logical clock: 268
2025-03-05 14:33:16.f - RECEIVE from 57828 - System time: 1741203196.476591, Queue length: 0, Logical clock: 272
2025-03-05 14:33:16.f - RECEIVE from 63942 - System time: 1741203196.981975, Queue length: 0, Logical clock: 273
2025-03-05 14:33:17.f - RECEIVE from 58683 - System time: 1741203197.487199, Queue length: 0, Logical clock: 277
2025-03-05 14:33:17.f - RECEIVE from 57828 - System time: 1741203197.990902, Queue length: 0, Logical clock: 280
2025-03-05 14:33:18.f - RECEIVE from 58683 - System time: 1741203198.492949, Queue length: 0, Logical clock: 284
2025-03-05 14:33:19.f - RECEIVE from 58683 - System time: 1741203199.041902, Queue length: 0, Logical clock: 288
2025-03-05 14:33:19.f - RECEIVE from 57828 - System time: 1741203199.546032, Queue length: 0, Logical clock: 289
2025-03-05 14:33:20.f - RECEIVE from 63942 - System time: 1741203200.050906, Queue length: 0, Logical clock: 290
2025-03-05 14:33:20.f - RECEIVE from 57828 - System time: 1741203200.553443, Queue length: 0, Logical clock: 293
2025-03-05 14:33:21.f - RECEIVE from 57828 - System time: 1741203201.058817, Queue length: 0, Logical clock: 297
2025-03-05 14:33:21.f - RECEIVE from 57828 - System time: 1741203201.563757, Queue length: 0, Logical clock: 302
2025-03-05 14:33:22.f - RECEIVE from 57828 - System time: 1741203202.068611, Queue length: 0, Logical clock: 306
2025-03-05 14:33:22.f - RECEIVE from 58683 - System time: 1741203202.571842, Queue length: 0, Logical clock: 311
2025-03-05 14:33:23.f - RECEIVE from 57828 - System time: 1741203203.077273, Queue length: 0, Logical clock: 314
2025-03-05 14:33:23.f - RECEIVE from 57828 - System time: 1741203203.582760, Queue length: 0, Logical clock: 317
2025-03-05 14:33:24.f - RECEIVE from 57828 - System time: 1741203204.087941, Queue length: 0, Logical clock: 319
2025-03-05 14:33:24.f - RECEIVE from 57828 - System time: 1741203204.589969, Queue length: 0, Logical clock: 324
2025-03-05 14:33:25.f - Machine 1 shutdown
