2025-03-05 14:32:25.f - Starting machine 3 with clock rate 1 ticks/second
2025-03-05 14:32:25.f - Internal event range: (4, 10)
2025-03-05 14:32:25.f - INTERNAL EVENT - System time: 1741203145.113359, Logical clock: 1
2025-03-05 14:32:26.f - RECEIVE from 57828 - System time: 1741203146.211712, Queue length: 0, Logical clock: 7
2025-03-05 14:32:27.f - RECEIVE from 58683 - System time: 1741203147.219388, Queue length: 0, Logical clock: 14
2025-03-05 14:32:28.f - INTERNAL EVENT - System time: 1741203148.326192, Logical clock: 15
2025-03-05 14:32:29.f - RECEIVE from 57828 - System time: 1741203149.331659, Queue length: 0, Logical clock: 21
2025-03-05 14:32:30.f - RECEIVE from 57828 - System time: 1741203150.336641, Queue length: 0, Logical clock: 27
2025-03-05 14:32:31.f - RECEIVE from 57828 - System time: 1741203151.341761, Queue length: 0, Logical clock: 31
2025-03-05 14:32:32.f - RECEIVE from 58683 - System time: 1741203152.343110, Queue length: 0, Logical clock: 37
2025-03-05 14:32:33.f - RECEIVE from 57828 - System time: 1741203153.348102, Queue length: 0, Logical clock: 45
2025-03-05 14:32:34.f - RECEIVE from 58683 - System time: 1741203154.403758, Queue length: 0, Logical clock: 55
2025-03-05 14:32:35.f - RECEIVE from 58683 - System time: 1741203155.409198, Queue length: 0, Logical clock: 60
2025-03-05 14:32:36.f - INTERNAL EVENT - System time: 1741203156.513350, Logical clock: 61
2025-03-05 14:32:37.f - INTERNAL EVENT - System time: 1741203157.619169, Logical clock: 62
2025-03-05 14:32:38.f - INTERNAL EVENT - System time: 1741203158.721392, Logical clock: 63
2025-03-05 14:32:39.f - RECEIVE from 57828 - System time: 1741203159.725167, Queue length: 0, Logical clock: 75
2025-03-05 14:32:40.f - RECEIVE from 65139 - System time: 1741203160.725851, Queue length: 0, Logical clock: 82
2025-03-05 14:32:41.f - SEND to 5001 - System time: 1741203161.837758, Logical clock: 83
2025-03-05 14:32:42.f - RECEIVE from 58683 - System time: 1741203162.841248, Queue length: 0, Logical clock: 90
2025-03-05 14:32:43.f - RECEIVE from 57828 - System time: 1741203163.842287, Queue length: 0, Logical clock: 93
2025-03-05 14:32:44.f - RECEIVE from 58683 - System time: 1741203164.844511, Queue length: 0, Logical clock: 101
2025-03-05 14:32:45.f - RECEIVE from 58683 - System time: 1741203165.849417, Queue length: 0, Logical clock: 105
2025-03-05 14:32:46.f - RECEIVE from 58683 - System time: 1741203166.853387, Queue length: 0, Logical clock: 111
2025-03-05 14:32:47.f - RECEIVE from 57828 - System time: 1741203167.855797, Queue length: 0, Logical clock: 113
2025-03-05 14:32:48.f - RECEIVE from 58683 - System time: 1741203168.860760, Queue length: 0, Logical clock: 119
2025-03-05 14:32:49.f - RECEIVE from 57828 - System time: 1741203169.865913, Queue length: 0, Logical clock: 121
2025-03-05 14:32:50.f - RECEIVE from 57828 - System time: 1741203170.870721, Queue length: 0, Logical clock: 128
2025-03-05 14:32:51.f - RECEIVE from 57828 - System time: 1741203171.876408, Queue length: 0, Logical clock: 139
2025-03-05 14:32:52.f - RECEIVE from 57828 - System time: 1741203172.882502, Queue length: 0, Logical clock: 150
2025-03-05 14:32:53.f - RECEIVE from 58683 - System time: 1741203173.887874, Queue length: 0, Logical clock: 155
2025-03-05 14:32:54.f - RECEIVE from 58683 - System time: 1741203174.892664, Queue length: 0, Logical clock: 159
2025-03-05 14:32:55.f - RECEIVE from 58683 - System time: 1741203175.897959, Queue length: 0, Logical clock: 164
2025-03-05 14:32:56.f - RECEIVE from 58683 - System time: 1741203176.907204, Queue length: 0, Logical clock: 180
2025-03-05 14:32:57.f - RECEIVE from 58683 - System time: 1741203177.926994, Queue length: 0, Logical clock: 187
2025-03-05 14:32:58.f - RECEIVE from 58683 - System time: 1741203178.931666, Queue length: 0, Logical clock: 191
2025-03-05 14:33:00.f - INTERNAL EVENT - System time: 1741203180.036885, Logical clock: 192
2025-03-05 14:33:01.f - INTERNAL EVENT - System time: 1741203181.143533, Logical clock: 193
2025-03-05 14:33:02.f - RECEIVE from 57828 - System time: 1741203182.151249, Queue length: 0, Logical clock: 205
2025-03-05 14:33:03.f - RECEIVE from 58683 - System time: 1741203183.157206, Queue length: 0, Logical clock: 211
2025-03-05 14:33:04.f - RECEIVE from 57828 - System time: 1741203184.161897, Queue length: 0, Logical clock: 217
2025-03-05 14:33:05.f - INTERNAL EVENT - System time: 1741203185.263816, Logical clock: 218
2025-03-05 14:33:06.f - SEND to 5000 - System time: 1741203186.368655, Logical clock: 219
2025-03-05 14:33:07.f - RECEIVE from 58683 - System time: 1741203187.372284, Queue length: 0, Logical clock: 231
2025-03-05 14:33:08.f - RECEIVE from 57828 - System time: 1741203188.373199, Queue length: 0, Logical clock: 237
2025-03-05 14:33:09.f - RECEIVE from 58683 - System time: 1741203189.378506, Queue length: 0, Logical clock: 244
2025-03-05 14:33:10.f - SEND to 5000 - System time: 1741203190.484091, Logical clock: 245
2025-03-05 14:33:10.f - SEND to 5001 - System time: 1741203190.484855, Logical clock: 246
2025-03-05 14:33:10.f - SEND to 5002 - System time: 1741203190.485478, Logical clock: 247
2025-03-05 14:33:10.f - SEND to 5004 - System time: 1741203190.485908, Logical clock: 248
2025-03-05 14:33:11.f - INTERNAL EVENT - System time: 1741203191.590759, Logical clock: 249
2025-03-05 14:33:12.f - INTERNAL EVENT - System time: 1741203192.697285, Logical clock: 250
2025-03-05 14:33:13.f - SEND to 5000 - System time: 1741203193.802633, Logical clock: 251
2025-03-05 14:33:14.f - RECEIVE from 58683 - System time: 1741203194.806627, Queue length: 0, Logical clock: 262
2025-03-05 14:33:15.f - RECEIVE from 58683 - System time: 1741203195.811805, Queue length: 0, Logical clock: 268
2025-03-05 14:33:16.f - SEND to 5001 - System time: 1741203196.917861, Logical clock: 269
2025-03-05 14:33:17.f - RECEIVE from 58683 - System time: 1741203197.921476, Queue length: 0, Logical clock: 279
2025-03-05 14:33:18.f - RECEIVE from 58683 - System time: 1741203198.926036, Queue length: 0, Logical clock: 286
2025-03-05 14:33:20.f - SEND to 5000 - System time: 1741203200.032301, Logical clock: 287
2025-03-05 14:33:20.f - SEND to 5001 - System time: 1741203200.032971, Logical clock: 288
2025-03-05 14:33:20.f - SEND to 5002 - System time: 1741203200.033446, Logical clock: 289
2025-03-05 14:33:20.f - SEND to 5004 - System time: 1741203200.033757, Logical clock: 290
2025-03-05 14:33:21.f - RECEIVE from 57828 - System time: 1741203201.038799, Queue length: 0, Logical clock: 294
2025-03-05 14:33:22.f - RECEIVE from 57828 - System time: 1741203202.044351, Queue length: 0, Logical clock: 298
2025-03-05 14:33:23.f - RECEIVE from 57828 - System time: 1741203203.047903, Queue length: 0, Logical clock: 303
2025-03-05 14:33:24.f - RECEIVE from 57828 - System time: 1741203204.052855, Queue length: 0, Logical clock: 307
2025-03-05 14:33:25.f - Machine 3 shutdown
