2025-03-05 14:33:26.f - Starting machine 1 with clock rate 1 ticks/second
2025-03-05 14:33:26.f - Internal event range: (4, 10)
2025-03-05 14:33:26.f - SEND to 5000 - System time: 1741203206.363856, Logical clock: 1
2025-03-05 14:33:26.f - SEND to 5002 - System time: 1741203206.364296, Logical clock: 2
2025-03-05 14:33:27.f - RECEIVE from 60517 - System time: 1741203207.369889, Queue length: 0, Logical clock: 3
2025-03-05 14:33:28.f - RECEIVE from 60517 - System time: 1741203208.374597, Queue length: 0, Logical clock: 4
2025-03-05 14:33:29.f - SEND to 5000 - System time: 1741203209.481327, Logical clock: 5
2025-03-05 14:33:30.f - RECEIVE from 60517 - System time: 1741203210.492581, Queue length: 0, Logical clock: 9
2025-03-05 14:33:31.f - RECEIVE from 60517 - System time: 1741203211.495874, Queue length: 0, Logical clock: 13
2025-03-05 14:33:32.f - SEND to 5000 - System time: 1741203212.602993, Logical clock: 14
2025-03-05 14:33:33.f - INTERNAL EVENT - System time: 1741203213.705662, Logical clock: 15
2025-03-05 14:33:34.f - RECEIVE from 60517 - System time: 1741203214.708631, Queue length: 0, Logical clock: 21
2025-03-05 14:33:35.f - RECEIVE from 60517 - System time: 1741203215.709680, Queue length: 0, Logical clock: 23
2025-03-05 14:33:36.f - INTERNAL EVENT - System time: 1741203216.814125, Logical clock: 24
2025-03-05 14:33:37.f - INTERNAL EVENT - System time: 1741203217.917064, Logical clock: 25
2025-03-05 14:33:38.f - RECEIVE from 60517 - System time: 1741203218.920236, Queue length: 0, Logical clock: 32
2025-03-05 14:33:39.f - RECEIVE from 60517 - System time: 1741203219.923480, Queue length: 0, Logical clock: 36
2025-03-05 14:33:41.f - INTERNAL EVENT - System time: 1741203221.028637, Logical clock: 37
2025-03-05 14:33:42.f - RECEIVE from 60517 - System time: 1741203222.032296, Queue length: 0, Logical clock: 41
2025-03-05 14:33:43.f - RECEIVE from 60517 - System time: 1741203223.037048, Queue length: 0, Logical clock: 43
2025-03-05 14:33:44.f - INTERNAL EVENT - System time: 1741203224.138781, Logical clock: 44
2025-03-05 14:33:45.f - SEND to 5002 - System time: 1741203225.244436, Logical clock: 45
2025-03-05 14:33:46.f - SEND to 5000 - System time: 1741203226.357182, Logical clock: 46
2025-03-05 14:33:46.f - SEND to 5002 - System time: 1741203226.358520, Logical clock: 47
2025-03-05 14:33:47.f - SEND to 5002 - System time: 1741203227.465216, Logical clock: 48
2025-03-05 14:33:48.f - SEND to 5000 - System time: 1741203228.572258, Logical clock: 49
2025-03-05 14:33:48.f - SEND to 5002 - System time: 1741203228.573272, Logical clock: 50
2025-03-05 14:33:49.f - SEND to 5000 - System time: 1741203229.680398, Logical clock: 51
2025-03-05 14:33:50.f - RECEIVE from 60517 - System time: 1741203230.686474, Queue length: 0, Logical clock: 62
2025-03-05 14:33:51.f - INTERNAL EVENT - System time: 1741203231.791829, Logical clock: 63
2025-03-05 14:33:52.f - INTERNAL EVENT - System time: 1741203232.895130, Logical clock: 64
2025-03-05 14:33:54.f - INTERNAL EVENT - System time: 1741203234.008383, Logical clock: 65
2025-03-05 14:33:55.f - INTERNAL EVENT - System time: 1741203235.115134, Logical clock: 66
2025-03-05 14:33:56.f - RECEIVE from 56884 - System time: 1741203236.120301, Queue length: 0, Logical clock: 70
2025-03-05 14:33:57.f - RECEIVE from 60517 - System time: 1741203237.123176, Queue length: 0, Logical clock: 78
2025-03-05 14:33:58.f - RECEIVE from 60517 - System time: 1741203238.128674, Queue length: 0, Logical clock: 79
2025-03-05 14:33:59.f - RECEIVE from 60517 - System time: 1741203239.132084, Queue length: 0, Logical clock: 80
2025-03-05 14:34:00.f - RECEIVE from 60517 - System time: 1741203240.137092, Queue length: 0, Logical clock: 81
2025-03-05 14:34:01.f - RECEIVE from 60517 - System time: 1741203241.142521, Queue length: 0, Logical clock: 86
2025-03-05 14:34:02.f - SEND to 5000 - System time: 1741203242.248969, Logical clock: 87
2025-03-05 14:34:03.f - RECEIVE from 60517 - System time: 1741203243.254119, Queue length: 0, Logical clock: 93
2025-03-05 14:34:04.f - RECEIVE from 60517 - System time: 1741203244.258651, Queue length: 0, Logical clock: 95
2025-03-05 14:34:05.f - RECEIVE from 56884 - System time: 1741203245.263100, Queue length: 0, Logical clock: 96
2025-03-05 14:34:06.f - RECEIVE from 60517 - System time: 1741203246.268464, Queue length: 0, Logical clock: 100
2025-03-05 14:34:07.f - RECEIVE from 60517 - System time: 1741203247.273415, Queue length: 0, Logical clock: 102
2025-03-05 14:34:08.f - RECEIVE from 56884 - System time: 1741203248.278584, Queue length: 0, Logical clock: 103
2025-03-05 14:34:09.f - RECEIVE from 60517 - System time: 1741203249.283938, Queue length: 0, Logical clock: 109
2025-03-05 14:34:10.f - INTERNAL EVENT - System time: 1741203250.387053, Logical clock: 110
2025-03-05 14:34:11.f - RECEIVE from 60517 - System time: 1741203251.388902, Queue length: 0, Logical clock: 114
2025-03-05 14:34:12.f - RECEIVE from 60517 - System time: 1741203252.389706, Queue length: 0, Logical clock: 116
2025-03-05 14:34:13.f - RECEIVE from 56884 - System time: 1741203253.390664, Queue length: 0, Logical clock: 117
2025-03-05 14:34:14.f - SEND to 5002 - System time: 1741203254.497188, Logical clock: 118
2025-03-05 14:34:15.f - INTERNAL EVENT - System time: 1741203255.603266, Logical clock: 119
2025-03-05 14:34:16.f - INTERNAL EVENT - System time: 1741203256.705958, Logical clock: 120
2025-03-05 14:34:17.f - RECEIVE from 60517 - System time: 1741203257.709494, Queue length: 0, Logical clock: 130
2025-03-05 14:34:18.f - RECEIVE from 60517 - System time: 1741203258.715401, Queue length: 0, Logical clock: 134
2025-03-05 14:34:19.f - INTERNAL EVENT - System time: 1741203259.817684, Logical clock: 135
2025-03-05 14:34:20.f - INTERNAL EVENT - System time: 1741203260.924480, Logical clock: 136
2025-03-05 14:34:22.f - INTERNAL EVENT - System time: 1741203262.031221, Logical clock: 137
2025-03-05 14:34:23.f - INTERNAL EVENT - System time: 1741203263.142592, Logical clock: 138
2025-03-05 14:34:24.f - INTERNAL EVENT - System time: 1741203264.247632, Logical clock: 139
2025-03-05 14:34:25.f - RECEIVE from 60517 - System time: 1741203265.251950, Queue length: 0, Logical clock: 148
2025-03-05 14:34:26.f - INTERNAL EVENT - System time: 1741203266.359026, Logical clock: 149
2025-03-05 14:34:27.f - Machine 1 shutdown
