2025-03-05 14:33:26.f - Starting machine 0 with clock rate 1 ticks/second
2025-03-05 14:33:26.f - Internal event range: (4, 10)
2025-03-05 14:33:26.f - INTERNAL EVENT - System time: 1741203206.360498, Logical clock: 1
2025-03-05 14:33:27.f - RECEIVE from 53282 - System time: 1741203207.366157, Queue length: 0, Logical clock: 2
2025-03-05 14:33:28.f - SEND to 5002 - System time: 1741203208.478994, Logical clock: 3
2025-03-05 14:33:29.f - RECEIVE from 53282 - System time: 1741203209.484413, Queue length: 0, Logical clock: 5
2025-03-05 14:33:30.f - INTERNAL EVENT - System time: 1741203210.594409, Logical clock: 6
2025-03-05 14:33:31.f - RECEIVE from 60517 - System time: 1741203211.596270, Queue length: 0, Logical clock: 12
2025-03-05 14:33:32.f - RECEIVE from 53282 - System time: 1741203212.603464, Queue length: 0, Logical clock: 14
2025-03-05 14:33:33.f - INTERNAL EVENT - System time: 1741203213.705671, Logical clock: 15
2025-03-05 14:33:34.f - RECEIVE from 60517 - System time: 1741203214.713499, Queue length: 0, Logical clock: 20
2025-03-05 14:33:35.f - RECEIVE from 60517 - System time: 1741203215.718700, Queue length: 0, Logical clock: 24
2025-03-05 14:33:36.f - INTERNAL EVENT - System time: 1741203216.823681, Logical clock: 25
2025-03-05 14:33:37.f - INTERNAL EVENT - System time: 1741203217.930163, Logical clock: 26
2025-03-05 14:33:38.f - RECEIVE from 60517 - System time: 1741203218.933866, Queue length: 0, Logical clock: 31
2025-03-05 14:33:39.f - RECEIVE from 60517 - System time: 1741203219.936986, Queue length: 0, Logical clock: 35
2025-03-05 14:33:41.f - INTERNAL EVENT - System time: 1741203221.042171, Logical clock: 36
2025-03-05 14:33:42.f - RECEIVE from 60517 - System time: 1741203222.046559, Queue length: 0, Logical clock: 40
2025-03-05 14:33:43.f - RECEIVE from 60517 - System time: 1741203223.050273, Queue length: 0, Logical clock: 42
2025-03-05 14:33:44.f - INTERNAL EVENT - System time: 1741203224.155884, Logical clock: 43
2025-03-05 14:33:45.f - INTERNAL EVENT - System time: 1741203225.259669, Logical clock: 44
2025-03-05 14:33:46.f - RECEIVE from 53282 - System time: 1741203226.357517, Queue length: 0, Logical clock: 46
2025-03-05 14:33:47.f - INTERNAL EVENT - System time: 1741203227.463833, Logical clock: 47
2025-03-05 14:33:48.f - INTERNAL EVENT - System time: 1741203228.570528, Logical clock: 48
2025-03-05 14:33:49.f - RECEIVE from 53282 - System time: 1741203229.571412, Queue length: 0, Logical clock: 49
2025-03-05 14:33:50.f - RECEIVE from 53282 - System time: 1741203230.576851, Queue length: 0, Logical clock: 51
2025-03-05 14:33:51.f - RECEIVE from 60517 - System time: 1741203231.581303, Queue length: 0, Logical clock: 61
2025-03-05 14:33:52.f - RECEIVE from 60517 - System time: 1741203232.587274, Queue length: 0, Logical clock: 67
2025-03-05 14:33:53.f - INTERNAL EVENT - System time: 1741203233.691197, Logical clock: 68
2025-03-05 14:33:54.f - INTERNAL EVENT - System time: 1741203234.796459, Logical clock: 69
2025-03-05 14:33:55.f - SEND to 5001 - System time: 1741203235.898378, Logical clock: 70
2025-03-05 14:33:55.f - SEND to 5002 - System time: 1741203235.899018, Logical clock: 71
2025-03-05 14:33:56.f - RECEIVE from 60517 - System time: 1741203236.903719, Queue length: 0, Logical clock: 77
2025-03-05 14:33:58.f - INTERNAL EVENT - System time: 1741203238.011350, Logical clock: 78
2025-03-05 14:33:59.f - INTERNAL EVENT - System time: 1741203239.115650, Logical clock: 79
2025-03-05 14:34:00.f - RECEIVE from 60517 - System time: 1741203240.120471, Queue length: 0, Logical clock: 85
2025-03-05 14:34:01.f - INTERNAL EVENT - System time: 1741203241.227047, Logical clock: 86
2025-03-05 14:34:02.f - RECEIVE from 60517 - System time: 1741203242.230203, Queue length: 0, Logical clock: 91
2025-03-05 14:34:03.f - RECEIVE from 53282 - System time: 1741203243.233977, Queue length: 0, Logical clock: 92
2025-03-05 14:34:04.f - SEND to 5001 - System time: 1741203244.341123, Logical clock: 93
2025-03-05 14:34:04.f - SEND to 5002 - System time: 1741203244.341678, Logical clock: 94
2025-03-05 14:34:05.f - RECEIVE from 60517 - System time: 1741203245.343822, Queue length: 0, Logical clock: 99
2025-03-05 14:34:06.f - INTERNAL EVENT - System time: 1741203246.447184, Logical clock: 100
2025-03-05 14:34:07.f - SEND to 5001 - System time: 1741203247.551040, Logical clock: 101
2025-03-05 14:34:07.f - SEND to 5002 - System time: 1741203247.551618, Logical clock: 102
2025-03-05 14:34:08.f - INTERNAL EVENT - System time: 1741203248.655540, Logical clock: 103
2025-03-05 14:34:09.f - INTERNAL EVENT - System time: 1741203249.761973, Logical clock: 104
2025-03-05 14:34:10.f - RECEIVE from 60517 - System time: 1741203250.819609, Queue length: 0, Logical clock: 113
2025-03-05 14:34:11.f - SEND to 5001 - System time: 1741203251.924958, Logical clock: 114
2025-03-05 14:34:11.f - SEND to 5002 - System time: 1741203251.925788, Logical clock: 115
2025-03-05 14:34:13.f - INTERNAL EVENT - System time: 1741203253.033934, Logical clock: 116
2025-03-05 14:34:14.f - SEND to 5002 - System time: 1741203254.141180, Logical clock: 117
2025-03-05 14:34:15.f - INTERNAL EVENT - System time: 1741203255.247640, Logical clock: 118
2025-03-05 14:34:16.f - INTERNAL EVENT - System time: 1741203256.354125, Logical clock: 119
2025-03-05 14:34:17.f - RECEIVE from 60517 - System time: 1741203257.358195, Queue length: 0, Logical clock: 129
2025-03-05 14:34:18.f - RECEIVE from 60517 - System time: 1741203258.449689, Queue length: 0, Logical clock: 133
2025-03-05 14:34:19.f - INTERNAL EVENT - System time: 1741203259.554527, Logical clock: 134
2025-03-05 14:34:20.f - INTERNAL EVENT - System time: 1741203260.659460, Logical clock: 135
2025-03-05 14:34:21.f - INTERNAL EVENT - System time: 1741203261.764781, Logical clock: 136
2025-03-05 14:34:22.f - RECEIVE from 60517 - System time: 1741203262.853883, Queue length: 0, Logical clock: 144
2025-03-05 14:34:23.f - INTERNAL EVENT - System time: 1741203263.961978, Logical clock: 145
2025-03-05 14:34:25.f - SEND to 5002 - System time: 1741203265.069162, Logical clock: 146
2025-03-05 14:34:26.f - INTERNAL EVENT - System time: 1741203266.176133, Logical clock: 147
2025-03-05 14:34:27.f - Machine 0 shutdown
