2025-03-05 14:29:21.f - Starting machine 2 with clock rate 4 ticks/second
2025-03-05 14:29:21.f - Internal event range: (4, 10)
2025-03-05 14:29:22.f - INTERNAL EVENT - System time: 1741202962.070248, Logical clock: 1
2025-03-05 14:29:22.f - RECEIVE from 58550 - System time: 1741202962.386923, Queue length: 0, Logical clock: 2
2025-03-05 14:29:22.f - INTERNAL EVENT - System time: 1741202962.742722, Logical clock: 3
2025-03-05 14:29:22.f - RECEIVE from 56314 - System time: 1741202962.998188, Queue length: 0, Logical clock: 5
2025-03-05 14:29:23.f - INTERNAL EVENT - System time: 1741202963.353947, Logical clock: 6
2025-03-05 14:29:23.f - INTERNAL EVENT - System time: 1741202963.713366, Logical clock: 7
2025-03-05 14:29:23.f - RECEIVE from 56314 - System time: 1741202963.985514, Queue length: 0, Logical clock: 10
2025-03-05 14:29:24.f - INTERNAL EVENT - System time: 1741202964.341213, Logical clock: 11
2025-03-05 14:29:24.f - INTERNAL EVENT - System time: 1741202964.693439, Logical clock: 12
2025-03-05 14:29:24.f - RECEIVE from 56314 - System time: 1741202964.947174, Queue length: 0, Logical clock: 14
2025-03-05 14:29:25.f - INTERNAL EVENT - System time: 1741202965.299378, Logical clock: 15
2025-03-05 14:29:25.f - SEND to 5000 - System time: 1741202965.660222, Logical clock: 16
2025-03-05 14:29:25.f - RECEIVE from 56314 - System time: 1741202965.915649, Queue length: 0, Logical clock: 19
2025-03-05 14:29:26.f - INTERNAL EVENT - System time: 1741202966.269641, Logical clock: 20
2025-03-05 14:29:26.f - INTERNAL EVENT - System time: 1741202966.630994, Logical clock: 21
2025-03-05 14:29:26.f - SEND to 5000 - System time: 1741202966.983670, Logical clock: 22
2025-03-05 14:29:27.f - INTERNAL EVENT - System time: 1741202967.337588, Logical clock: 23
2025-03-05 14:29:27.f - INTERNAL EVENT - System time: 1741202967.693876, Logical clock: 24
2025-03-05 14:29:28.f - INTERNAL EVENT - System time: 1741202968.054994, Logical clock: 25
2025-03-05 14:29:28.f - RECEIVE from 56314 - System time: 1741202968.335146, Queue length: 0, Logical clock: 29
2025-03-05 14:29:28.f - RECEIVE from 56314 - System time: 1741202968.609768, Queue length: 0, Logical clock: 31
2025-03-05 14:29:28.f - SEND to 5000 - System time: 1741202968.967012, Logical clock: 32
2025-03-05 14:29:29.f - INTERNAL EVENT - System time: 1741202969.321204, Logical clock: 33
2025-03-05 14:29:29.f - INTERNAL EVENT - System time: 1741202969.677696, Logical clock: 34
2025-03-05 14:29:30.f - INTERNAL EVENT - System time: 1741202970.034192, Logical clock: 35
2025-03-05 14:29:30.f - INTERNAL EVENT - System time: 1741202970.387334, Logical clock: 36
2025-03-05 14:29:30.f - INTERNAL EVENT - System time: 1741202970.741976, Logical clock: 37
2025-03-05 14:29:31.f - RECEIVE from 56314 - System time: 1741202971.062548, Queue length: 0, Logical clock: 41
2025-03-05 14:29:31.f - RECEIVE from 56314 - System time: 1741202971.336933, Queue length: 0, Logical clock: 43
2025-03-05 14:29:31.f - SEND to 5000 - System time: 1741202971.691743, Logical clock: 44
2025-03-05 14:29:32.f - INTERNAL EVENT - System time: 1741202972.046389, Logical clock: 45
2025-03-05 14:29:32.f - RECEIVE from 56314 - System time: 1741202972.300529, Queue length: 0, Logical clock: 47
2025-03-05 14:29:32.f - INTERNAL EVENT - System time: 1741202972.653025, Logical clock: 48
2025-03-05 14:29:33.f - SEND to 5001 - System time: 1741202973.011155, Logical clock: 49
2025-03-05 14:29:33.f - INTERNAL EVENT - System time: 1741202973.365217, Logical clock: 50
2025-03-05 14:29:33.f - RECEIVE from 56314 - System time: 1741202973.620125, Queue length: 0, Logical clock: 53
2025-03-05 14:29:33.f - INTERNAL EVENT - System time: 1741202973.976544, Logical clock: 54
2025-03-05 14:29:34.f - INTERNAL EVENT - System time: 1741202974.333032, Logical clock: 55
2025-03-05 14:29:34.f - RECEIVE from 56314 - System time: 1741202974.586212, Queue length: 0, Logical clock: 58
2025-03-05 14:29:34.f - RECEIVE from 56314 - System time: 1741202974.841643, Queue length: 0, Logical clock: 59
2025-03-05 14:29:35.f - INTERNAL EVENT - System time: 1741202975.195081, Logical clock: 60
2025-03-05 14:29:35.f - SEND to 5000 - System time: 1741202975.549837, Logical clock: 61
2025-03-05 14:29:35.f - SEND to 5001 - System time: 1741202975.550083, Logical clock: 62
2025-03-05 14:29:35.f - SEND to 5001 - System time: 1741202975.912653, Logical clock: 63
2025-03-05 14:29:36.f - SEND to 5000 - System time: 1741202976.267350, Logical clock: 64
2025-03-05 14:29:36.f - SEND to 5001 - System time: 1741202976.621932, Logical clock: 65
2025-03-05 14:29:36.f - INTERNAL EVENT - System time: 1741202976.974612, Logical clock: 66
2025-03-05 14:29:37.f - INTERNAL EVENT - System time: 1741202977.329304, Logical clock: 67
2025-03-05 14:29:37.f - INTERNAL EVENT - System time: 1741202977.683893, Logical clock: 68
2025-03-05 14:29:38.f - SEND to 5001 - System time: 1741202978.040866, Logical clock: 69
2025-03-05 14:29:38.f - SEND to 5000 - System time: 1741202978.395507, Logical clock: 70
2025-03-05 14:29:38.f - SEND to 5000 - System time: 1741202978.750059, Logical clock: 71
2025-03-05 14:29:39.f - INTERNAL EVENT - System time: 1741202979.105197, Logical clock: 72
2025-03-05 14:29:39.f - INTERNAL EVENT - System time: 1741202979.469240, Logical clock: 73
2025-03-05 14:29:39.f - SEND to 5000 - System time: 1741202979.826231, Logical clock: 74
2025-03-05 14:29:40.f - RECEIVE from 56314 - System time: 1741202980.081612, Queue length: 0, Logical clock: 80
2025-03-05 14:29:40.f - INTERNAL EVENT - System time: 1741202980.440167, Logical clock: 81
2025-03-05 14:29:40.f - INTERNAL EVENT - System time: 1741202980.795136, Logical clock: 82
2025-03-05 14:29:41.f - RECEIVE from 56314 - System time: 1741202981.049414, Queue length: 0, Logical clock: 85
2025-03-05 14:29:41.f - INTERNAL EVENT - System time: 1741202981.405973, Logical clock: 86
2025-03-05 14:29:41.f - INTERNAL EVENT - System time: 1741202981.759221, Logical clock: 87
2025-03-05 14:29:42.f - INTERNAL EVENT - System time: 1741202982.115154, Logical clock: 88
2025-03-05 14:29:42.f - INTERNAL EVENT - System time: 1741202982.468097, Logical clock: 89
2025-03-05 14:29:42.f - INTERNAL EVENT - System time: 1741202982.825605, Logical clock: 90
2025-03-05 14:29:43.f - RECEIVE from 56314 - System time: 1741202983.077636, Queue length: 0, Logical clock: 93
2025-03-05 14:29:43.f - RECEIVE from 56314 - System time: 1741202983.328528, Queue length: 0, Logical clock: 94
2025-03-05 14:29:43.f - RECEIVE from 56314 - System time: 1741202983.583515, Queue length: 0, Logical clock: 96
2025-03-05 14:29:43.f - SEND to 5001 - System time: 1741202983.942908, Logical clock: 97
2025-03-05 14:29:44.f - RECEIVE from 56314 - System time: 1741202984.216936, Queue length: 0, Logical clock: 99
2025-03-05 14:29:44.f - INTERNAL EVENT - System time: 1741202984.573109, Logical clock: 100
2025-03-05 14:29:44.f - INTERNAL EVENT - System time: 1741202984.926236, Logical clock: 101
2025-03-05 14:29:45.f - INTERNAL EVENT - System time: 1741202985.284819, Logical clock: 102
2025-03-05 14:29:45.f - INTERNAL EVENT - System time: 1741202985.641218, Logical clock: 103
2025-03-05 14:29:45.f - SEND to 5000 - System time: 1741202985.993028, Logical clock: 104
2025-03-05 14:29:46.f - RECEIVE from 56314 - System time: 1741202986.248475, Queue length: 0, Logical clock: 106
2025-03-05 14:29:46.f - SEND to 5000 - System time: 1741202986.605518, Logical clock: 107
2025-03-05 14:29:46.f - RECEIVE from 56314 - System time: 1741202986.858698, Queue length: 0, Logical clock: 109
2025-03-05 14:29:47.f - RECEIVE from 56314 - System time: 1741202987.114151, Queue length: 0, Logical clock: 111
2025-03-05 14:29:47.f - RECEIVE from 56314 - System time: 1741202987.367115, Queue length: 0, Logical clock: 112
2025-03-05 14:29:47.f - SEND to 5001 - System time: 1741202987.722074, Logical clock: 113
2025-03-05 14:29:48.f - INTERNAL EVENT - System time: 1741202988.077748, Logical clock: 114
2025-03-05 14:29:48.f - INTERNAL EVENT - System time: 1741202988.436338, Logical clock: 115
2025-03-05 14:29:48.f - INTERNAL EVENT - System time: 1741202988.791701, Logical clock: 116
2025-03-05 14:29:49.f - RECEIVE from 56314 - System time: 1741202989.083295, Queue length: 0, Logical clock: 120
2025-03-05 14:29:49.f - INTERNAL EVENT - System time: 1741202989.437650, Logical clock: 121
2025-03-05 14:29:49.f - INTERNAL EVENT - System time: 1741202989.791379, Logical clock: 122
2025-03-05 14:29:50.f - INTERNAL EVENT - System time: 1741202990.146938, Logical clock: 123
2025-03-05 14:29:50.f - INTERNAL EVENT - System time: 1741202990.502435, Logical clock: 124
2025-03-05 14:29:50.f - INTERNAL EVENT - System time: 1741202990.857188, Logical clock: 125
2025-03-05 14:29:51.f - SEND to 5000 - System time: 1741202991.214302, Logical clock: 126
2025-03-05 14:29:51.f - SEND to 5001 - System time: 1741202991.214943, Logical clock: 127
2025-03-05 14:29:51.f - RECEIVE from 56314 - System time: 1741202991.487626, Queue length: 0, Logical clock: 129
2025-03-05 14:29:51.f - INTERNAL EVENT - System time: 1741202991.841579, Logical clock: 130
2025-03-05 14:29:52.f - SEND to 5000 - System time: 1741202992.197419, Logical clock: 131
2025-03-05 14:29:52.f - SEND to 5001 - System time: 1741202992.197721, Logical clock: 132
2025-03-05 14:29:52.f - SEND to 5000 - System time: 1741202992.554757, Logical clock: 133
2025-03-05 14:29:52.f - SEND to 5001 - System time: 1741202992.555417, Logical clock: 134
2025-03-05 14:29:52.f - INTERNAL EVENT - System time: 1741202992.907119, Logical clock: 135
2025-03-05 14:29:53.f - INTERNAL EVENT - System time: 1741202993.259851, Logical clock: 136
2025-03-05 14:29:53.f - INTERNAL EVENT - System time: 1741202993.614060, Logical clock: 137
2025-03-05 14:29:53.f - INTERNAL EVENT - System time: 1741202993.965670, Logical clock: 138
2025-03-05 14:29:54.f - INTERNAL EVENT - System time: 1741202994.322024, Logical clock: 139
2025-03-05 14:29:54.f - INTERNAL EVENT - System time: 1741202994.676259, Logical clock: 140
2025-03-05 14:29:55.f - INTERNAL EVENT - System time: 1741202995.031984, Logical clock: 141
2025-03-05 14:29:55.f - RECEIVE from 56314 - System time: 1741202995.286755, Queue length: 0, Logical clock: 144
2025-03-05 14:29:55.f - SEND to 5000 - System time: 1741202995.641892, Logical clock: 145
2025-03-05 14:29:55.f - SEND to 5001 - System time: 1741202995.642466, Logical clock: 146
2025-03-05 14:29:55.f - INTERNAL EVENT - System time: 1741202995.996737, Logical clock: 147
2025-03-05 14:29:56.f - SEND to 5001 - System time: 1741202996.354790, Logical clock: 148
2025-03-05 14:29:56.f - INTERNAL EVENT - System time: 1741202996.709429, Logical clock: 149
2025-03-05 14:29:57.f - INTERNAL EVENT - System time: 1741202997.063037, Logical clock: 150
2025-03-05 14:29:57.f - INTERNAL EVENT - System time: 1741202997.416643, Logical clock: 151
2025-03-05 14:29:57.f - INTERNAL EVENT - System time: 1741202997.776242, Logical clock: 152
2025-03-05 14:29:58.f - SEND to 5000 - System time: 1741202998.132610, Logical clock: 153
2025-03-05 14:29:58.f - INTERNAL EVENT - System time: 1741202998.485130, Logical clock: 154
2025-03-05 14:29:58.f - INTERNAL EVENT - System time: 1741202998.837336, Logical clock: 155
2025-03-05 14:29:59.f - INTERNAL EVENT - System time: 1741202999.192582, Logical clock: 156
2025-03-05 14:29:59.f - INTERNAL EVENT - System time: 1741202999.547078, Logical clock: 157
2025-03-05 14:29:59.f - SEND to 5000 - System time: 1741202999.908453, Logical clock: 158
2025-03-05 14:29:59.f - SEND to 5001 - System time: 1741202999.909463, Logical clock: 159
2025-03-05 14:30:00.f - INTERNAL EVENT - System time: 1741203000.262131, Logical clock: 160
2025-03-05 14:30:00.f - RECEIVE from 56314 - System time: 1741203000.518808, Queue length: 0, Logical clock: 165
2025-03-05 14:30:00.f - INTERNAL EVENT - System time: 1741203000.878170, Logical clock: 166
2025-03-05 14:30:01.f - INTERNAL EVENT - System time: 1741203001.233146, Logical clock: 167
2025-03-05 14:30:01.f - INTERNAL EVENT - System time: 1741203001.586867, Logical clock: 168
2025-03-05 14:30:01.f - RECEIVE from 56314 - System time: 1741203001.854243, Queue length: 0, Logical clock: 171
2025-03-05 14:30:02.f - SEND to 5000 - System time: 1741203002.209887, Logical clock: 172
2025-03-05 14:30:02.f - INTERNAL EVENT - System time: 1741203002.564285, Logical clock: 173
2025-03-05 14:30:02.f - INTERNAL EVENT - System time: 1741203002.918637, Logical clock: 174
2025-03-05 14:30:03.f - INTERNAL EVENT - System time: 1741203003.274926, Logical clock: 175
2025-03-05 14:30:03.f - SEND to 5000 - System time: 1741203003.627578, Logical clock: 176
2025-03-05 14:30:03.f - INTERNAL EVENT - System time: 1741203003.979739, Logical clock: 177
2025-03-05 14:30:04.f - INTERNAL EVENT - System time: 1741203004.334988, Logical clock: 178
2025-03-05 14:30:04.f - INTERNAL EVENT - System time: 1741203004.697963, Logical clock: 179
2025-03-05 14:30:05.f - SEND to 5000 - System time: 1741203005.055813, Logical clock: 180
2025-03-05 14:30:05.f - INTERNAL EVENT - System time: 1741203005.412037, Logical clock: 181
2025-03-05 14:30:05.f - INTERNAL EVENT - System time: 1741203005.767672, Logical clock: 182
2025-03-05 14:30:06.f - INTERNAL EVENT - System time: 1741203006.122338, Logical clock: 183
2025-03-05 14:30:06.f - INTERNAL EVENT - System time: 1741203006.475775, Logical clock: 184
2025-03-05 14:30:06.f - RECEIVE from 56314 - System time: 1741203006.731177, Queue length: 0, Logical clock: 189
2025-03-05 14:30:07.f - RECEIVE from 56314 - System time: 1741203007.021928, Queue length: 0, Logical clock: 191
2025-03-05 14:30:07.f - RECEIVE from 56314 - System time: 1741203007.295014, Queue length: 0, Logical clock: 193
2025-03-05 14:30:07.f - SEND to 5001 - System time: 1741203007.650155, Logical clock: 194
2025-03-05 14:30:08.f - INTERNAL EVENT - System time: 1741203008.003697, Logical clock: 195
2025-03-05 14:30:08.f - RECEIVE from 56314 - System time: 1741203008.259007, Queue length: 0, Logical clock: 196
2025-03-05 14:30:08.f - RECEIVE from 56314 - System time: 1741203008.550222, Queue length: 0, Logical clock: 198
2025-03-05 14:30:08.f - INTERNAL EVENT - System time: 1741203008.906415, Logical clock: 199
2025-03-05 14:30:09.f - RECEIVE from 56314 - System time: 1741203009.159817, Queue length: 0, Logical clock: 200
2025-03-05 14:30:09.f - SEND to 5001 - System time: 1741203009.517141, Logical clock: 201
2025-03-05 14:30:09.f - INTERNAL EVENT - System time: 1741203009.870686, Logical clock: 202
2025-03-05 14:30:10.f - INTERNAL EVENT - System time: 1741203010.226927, Logical clock: 203
2025-03-05 14:30:10.f - SEND to 5000 - System time: 1741203010.583954, Logical clock: 204
2025-03-05 14:30:10.f - SEND to 5001 - System time: 1741203010.585309, Logical clock: 205
2025-03-05 14:30:10.f - SEND to 5001 - System time: 1741203010.941961, Logical clock: 206
2025-03-05 14:30:11.f - INTERNAL EVENT - System time: 1741203011.298722, Logical clock: 207
2025-03-05 14:30:11.f - INTERNAL EVENT - System time: 1741203011.654116, Logical clock: 208
2025-03-05 14:30:12.f - INTERNAL EVENT - System time: 1741203012.010620, Logical clock: 209
2025-03-05 14:30:12.f - INTERNAL EVENT - System time: 1741203012.362259, Logical clock: 210
2025-03-05 14:30:12.f - SEND to 5001 - System time: 1741203012.719033, Logical clock: 211
2025-03-05 14:30:13.f - INTERNAL EVENT - System time: 1741203013.075616, Logical clock: 212
2025-03-05 14:30:13.f - RECEIVE from 56314 - System time: 1741203013.384686, Queue length: 0, Logical clock: 218
2025-03-05 14:30:13.f - SEND to 5000 - System time: 1741203013.740874, Logical clock: 219
2025-03-05 14:30:14.f - SEND to 5001 - System time: 1741203014.095014, Logical clock: 220
2025-03-05 14:30:14.f - INTERNAL EVENT - System time: 1741203014.451583, Logical clock: 221
2025-03-05 14:30:14.f - INTERNAL EVENT - System time: 1741203014.808022, Logical clock: 222
2025-03-05 14:30:15.f - SEND to 5000 - System time: 1741203015.166526, Logical clock: 223
2025-03-05 14:30:15.f - RECEIVE from 56314 - System time: 1741203015.420526, Queue length: 0, Logical clock: 226
2025-03-05 14:30:15.f - INTERNAL EVENT - System time: 1741203015.775347, Logical clock: 227
2025-03-05 14:30:16.f - SEND to 5000 - System time: 1741203016.129318, Logical clock: 228
2025-03-05 14:30:16.f - INTERNAL EVENT - System time: 1741203016.483590, Logical clock: 229
2025-03-05 14:30:16.f - INTERNAL EVENT - System time: 1741203016.837999, Logical clock: 230
2025-03-05 14:30:17.f - SEND to 5000 - System time: 1741203017.195088, Logical clock: 231
2025-03-05 14:30:17.f - RECEIVE from 56314 - System time: 1741203017.450598, Queue length: 0, Logical clock: 234
2025-03-05 14:30:17.f - INTERNAL EVENT - System time: 1741203017.803235, Logical clock: 235
2025-03-05 14:30:18.f - INTERNAL EVENT - System time: 1741203018.160006, Logical clock: 236
2025-03-05 14:30:18.f - INTERNAL EVENT - System time: 1741203018.516657, Logical clock: 237
2025-03-05 14:30:18.f - INTERNAL EVENT - System time: 1741203018.871687, Logical clock: 238
2025-03-05 14:30:19.f - INTERNAL EVENT - System time: 1741203019.226876, Logical clock: 239
2025-03-05 14:30:19.f - SEND to 5001 - System time: 1741203019.583448, Logical clock: 240
2025-03-05 14:30:19.f - INTERNAL EVENT - System time: 1741203019.938895, Logical clock: 241
2025-03-05 14:30:20.f - RECEIVE from 56314 - System time: 1741203020.194918, Queue length: 0, Logical clock: 244
2025-03-05 14:30:20.f - RECEIVE from 56314 - System time: 1741203020.445476, Queue length: 0, Logical clock: 246
2025-03-05 14:30:20.f - RECEIVE from 56314 - System time: 1741203020.698701, Queue length: 0, Logical clock: 248
2025-03-05 14:30:21.f - INTERNAL EVENT - System time: 1741203021.051944, Logical clock: 249
2025-03-05 14:30:21.f - RECEIVE from 56314 - System time: 1741203021.347081, Queue length: 0, Logical clock: 252
2025-03-05 14:30:21.f - RECEIVE from 56314 - System time: 1741203021.618244, Queue length: 0, Logical clock: 254
2025-03-05 14:30:21.f - INTERNAL EVENT - System time: 1741203021.972812, Logical clock: 255
2025-03-05 14:30:22.f - Machine 2 shutdown
