2025-03-05 14:29:21.f - Starting machine 0 with clock rate 1 ticks/second
2025-03-05 14:29:21.f - Internal event range: (4, 10)
2025-03-05 14:29:22.f - SEND to 5002 - System time: 1741202962.072218, Logical clock: 1
2025-03-05 14:29:23.f - RECEIVE from 56314 - System time: 1741202963.077844, Queue length: 0, Logical clock: 4
2025-03-05 14:29:24.f - RECEIVE from 56314 - System time: 1741202964.080373, Queue length: 0, Logical clock: 9
2025-03-05 14:29:25.f - RECEIVE from 56314 - System time: 1741202965.081839, Queue length: 0, Logical clock: 13
2025-03-05 14:29:26.f - RECEIVE from 64516 - System time: 1741202966.085084, Queue length: 0, Logical clock: 16
2025-03-05 14:29:27.f - RECEIVE from 56314 - System time: 1741202967.086159, Queue length: 0, Logical clock: 18
2025-03-05 14:29:28.f - RECEIVE from 64516 - System time: 1741202968.091278, Queue length: 0, Logical clock: 22
2025-03-05 14:29:29.f - RECEIVE from 56314 - System time: 1741202969.092360, Queue length: 0, Logical clock: 24
2025-03-05 14:29:30.f - RECEIVE from 56314 - System time: 1741202970.093865, Queue length: 0, Logical clock: 28
2025-03-05 14:29:31.f - RECEIVE from 56314 - System time: 1741202971.099289, Queue length: 0, Logical clock: 30
2025-03-05 14:29:32.f - RECEIVE from 64516 - System time: 1741202972.102047, Queue length: 0, Logical clock: 32
2025-03-05 14:29:33.f - RECEIVE from 56314 - System time: 1741202973.105591, Queue length: 0, Logical clock: 35
2025-03-05 14:29:34.f - RECEIVE from 56314 - System time: 1741202974.112816, Queue length: 0, Logical clock: 40
2025-03-05 14:29:35.f - RECEIVE from 56314 - System time: 1741202975.113474, Queue length: 0, Logical clock: 42
2025-03-05 14:29:36.f - RECEIVE from 64516 - System time: 1741202976.117411, Queue length: 0, Logical clock: 44
2025-03-05 14:29:37.f - RECEIVE from 56314 - System time: 1741202977.121076, Queue length: 0, Logical clock: 46
2025-03-05 14:29:38.f - RECEIVE from 56314 - System time: 1741202978.126631, Queue length: 0, Logical clock: 52
2025-03-05 14:29:39.f - RECEIVE from 56314 - System time: 1741202979.130233, Queue length: 0, Logical clock: 57
2025-03-05 14:29:40.f - RECEIVE from 64516 - System time: 1741202980.132810, Queue length: 0, Logical clock: 61
2025-03-05 14:29:41.f - RECEIVE from 64516 - System time: 1741202981.135877, Queue length: 0, Logical clock: 64
2025-03-05 14:29:42.f - RECEIVE from 56314 - System time: 1741202982.143862, Queue length: 0, Logical clock: 68
2025-03-05 14:29:43.f - RECEIVE from 56314 - System time: 1741202983.149293, Queue length: 0, Logical clock: 73
2025-03-05 14:29:44.f - RECEIVE from 64516 - System time: 1741202984.152907, Queue length: 0, Logical clock: 74
2025-03-05 14:29:45.f - RECEIVE from 64516 - System time: 1741202985.158103, Queue length: 0, Logical clock: 75
2025-03-05 14:29:46.f - RECEIVE from 56314 - System time: 1741202986.161084, Queue length: 0, Logical clock: 77
2025-03-05 14:29:47.f - RECEIVE from 64516 - System time: 1741202987.165367, Queue length: 0, Logical clock: 78
2025-03-05 14:29:48.f - RECEIVE from 56314 - System time: 1741202988.169911, Queue length: 0, Logical clock: 79
2025-03-05 14:29:49.f - RECEIVE from 56314 - System time: 1741202989.175460, Queue length: 0, Logical clock: 82
2025-03-05 14:29:50.f - RECEIVE from 56314 - System time: 1741202990.177767, Queue length: 0, Logical clock: 84
2025-03-05 14:29:51.f - RECEIVE from 56314 - System time: 1741202991.181377, Queue length: 0, Logical clock: 92
2025-03-05 14:29:52.f - RECEIVE from 56314 - System time: 1741202992.186674, Queue length: 0, Logical clock: 95
2025-03-05 14:29:53.f - RECEIVE from 64516 - System time: 1741202993.192173, Queue length: 0, Logical clock: 104
2025-03-05 14:29:54.f - RECEIVE from 64516 - System time: 1741202994.193593, Queue length: 0, Logical clock: 107
2025-03-05 14:29:55.f - RECEIVE from 56314 - System time: 1741202995.198997, Queue length: 0, Logical clock: 108
2025-03-05 14:29:56.f - RECEIVE from 56314 - System time: 1741202996.201496, Queue length: 0, Logical clock: 110
2025-03-05 14:29:57.f - RECEIVE from 56314 - System time: 1741202997.207016, Queue length: 0, Logical clock: 119
2025-03-05 14:29:58.f - RECEIVE from 64516 - System time: 1741202998.209919, Queue length: 0, Logical clock: 126
2025-03-05 14:29:59.f - RECEIVE from 64516 - System time: 1741202999.215239, Queue length: 0, Logical clock: 131
2025-03-05 14:30:00.f - RECEIVE from 64516 - System time: 1741203000.216871, Queue length: 0, Logical clock: 133
2025-03-05 14:30:01.f - RECEIVE from 56314 - System time: 1741203001.221630, Queue length: 0, Logical clock: 138
2025-03-05 14:30:02.f - RECEIVE from 56314 - System time: 1741203002.227205, Queue length: 0, Logical clock: 143
2025-03-05 14:30:03.f - RECEIVE from 64516 - System time: 1741203003.232212, Queue length: 0, Logical clock: 145
2025-03-05 14:30:04.f - RECEIVE from 56314 - System time: 1741203004.234424, Queue length: 0, Logical clock: 151
2025-03-05 14:30:05.f - RECEIVE from 64516 - System time: 1741203005.235696, Queue length: 0, Logical clock: 153
2025-03-05 14:30:06.f - RECEIVE from 64516 - System time: 1741203006.241126, Queue length: 0, Logical clock: 158
2025-03-05 14:30:07.f - RECEIVE from 56314 - System time: 1741203007.243166, Queue length: 0, Logical clock: 170
2025-03-05 14:30:08.f - RECEIVE from 64516 - System time: 1741203008.248878, Queue length: 0, Logical clock: 172
2025-03-05 14:30:09.f - RECEIVE from 56314 - System time: 1741203009.253756, Queue length: 0, Logical clock: 174
2025-03-05 14:30:10.f - RECEIVE from 64516 - System time: 1741203010.258964, Queue length: 0, Logical clock: 176
2025-03-05 14:30:11.f - RECEIVE from 56314 - System time: 1741203011.260132, Queue length: 0, Logical clock: 182
2025-03-05 14:30:12.f - RECEIVE from 64516 - System time: 1741203012.265350, Queue length: 0, Logical clock: 183
2025-03-05 14:30:13.f - RECEIVE from 56314 - System time: 1741203013.267312, Queue length: 0, Logical clock: 184
2025-03-05 14:30:14.f - RECEIVE from 56314 - System time: 1741203014.270921, Queue length: 0, Logical clock: 185
2025-03-05 14:30:15.f - RECEIVE from 56314 - System time: 1741203015.273763, Queue length: 0, Logical clock: 188
2025-03-05 14:30:16.f - RECEIVE from 56314 - System time: 1741203016.279134, Queue length: 0, Logical clock: 192
2025-03-05 14:30:17.f - RECEIVE from 64516 - System time: 1741203017.280619, Queue length: 0, Logical clock: 204
2025-03-05 14:30:18.f - RECEIVE from 56314 - System time: 1741203018.286193, Queue length: 0, Logical clock: 217
2025-03-05 14:30:19.f - RECEIVE from 64516 - System time: 1741203019.290474, Queue length: 0, Logical clock: 219
2025-03-05 14:30:20.f - RECEIVE from 56314 - System time: 1741203020.295303, Queue length: 0, Logical clock: 220
2025-03-05 14:30:21.f - RECEIVE from 64516 - System time: 1741203021.299411, Queue length: 0, Logical clock: 223
2025-03-05 14:30:22.f - Machine 0 shutdown
